{"/Users/jefflee/Project/pdf-backend/src/reader.js":{"path":"/Users/jefflee/Project/pdf-backend/src/reader.js","statementMap":{"0":{"start":{"line":3,"column":0},"end":{"line":5,"column":3}},"1":{"start":{"line":6,"column":0},"end":{"line":6,"column":74}},"2":{"start":{"line":8,"column":19},"end":{"line":8,"column":563}},"3":{"start":{"line":8,"column":76},"end":{"line":8,"column":347}},"4":{"start":{"line":8,"column":89},"end":{"line":8,"column":90}},"5":{"start":{"line":8,"column":134},"end":{"line":8,"column":142}},"6":{"start":{"line":8,"column":144},"end":{"line":8,"column":199}},"7":{"start":{"line":8,"column":200},"end":{"line":8,"column":231}},"8":{"start":{"line":8,"column":232},"end":{"line":8,"column":286}},"9":{"start":{"line":8,"column":259},"end":{"line":8,"column":286}},"10":{"start":{"line":8,"column":287},"end":{"line":8,"column":345}},"11":{"start":{"line":8,"column":350},"end":{"line":8,"column":559}},"12":{"start":{"line":8,"column":407},"end":{"line":8,"column":475}},"13":{"start":{"line":8,"column":423},"end":{"line":8,"column":475}},"14":{"start":{"line":8,"column":476},"end":{"line":8,"column":536}},"15":{"start":{"line":8,"column":493},"end":{"line":8,"column":536}},"16":{"start":{"line":8,"column":537},"end":{"line":8,"column":556}},"17":{"start":{"line":10,"column":10},"end":{"line":10,"column":23}},"18":{"start":{"line":12,"column":11},"end":{"line":12,"column":38}},"19":{"start":{"line":14,"column":20},"end":{"line":14,"column":46}},"20":{"start":{"line":16,"column":21},"end":{"line":16,"column":58}},"21":{"start":{"line":18,"column":13},"end":{"line":18,"column":31}},"22":{"start":{"line":20,"column":39},"end":{"line":20,"column":93}},"23":{"start":{"line":22,"column":50},"end":{"line":22,"column":151}},"24":{"start":{"line":22,"column":63},"end":{"line":22,"column":149}},"25":{"start":{"line":22,"column":152},"end":{"line":22,"column":238}},"26":{"start":{"line":24,"column":43},"end":{"line":24,"column":208}},"27":{"start":{"line":24,"column":106},"end":{"line":24,"column":206}},"28":{"start":{"line":24,"column":209},"end":{"line":24,"column":373}},"29":{"start":{"line":24,"column":374},"end":{"line":24,"column":492}},"30":{"start":{"line":24,"column":390},"end":{"line":24,"column":492}},"31":{"start":{"line":26,"column":50},"end":{"line":26,"column":151}},"32":{"start":{"line":26,"column":92},"end":{"line":26,"column":149}},"33":{"start":{"line":28,"column":13},"end":{"line":50,"column":3}},"34":{"start":{"line":30,"column":8},"end":{"line":30,"column":38}},"35":{"start":{"line":33,"column":4},"end":{"line":47,"column":8}},"36":{"start":{"line":36,"column":24},"end":{"line":36,"column":94}},"37":{"start":{"line":37,"column":22},"end":{"line":37,"column":92}},"38":{"start":{"line":39,"column":12},"end":{"line":41,"column":13}},"39":{"start":{"line":40,"column":16},"end":{"line":40,"column":34}},"40":{"start":{"line":42,"column":12},"end":{"line":44,"column":13}},"41":{"start":{"line":43,"column":16},"end":{"line":43,"column":46}},"42":{"start":{"line":45,"column":12},"end":{"line":45,"column":52}},"43":{"start":{"line":49,"column":4},"end":{"line":49,"column":18}},"44":{"start":{"line":52,"column":17},"end":{"line":90,"column":9}},"45":{"start":{"line":53,"column":4},"end":{"line":53,"column":35}},"46":{"start":{"line":56,"column":8},"end":{"line":56,"column":42}},"47":{"start":{"line":58,"column":20},"end":{"line":58,"column":124}},"48":{"start":{"line":60,"column":8},"end":{"line":60,"column":52}},"49":{"start":{"line":61,"column":8},"end":{"line":61,"column":21}},"50":{"start":{"line":64,"column":4},"end":{"line":87,"column":8}},"51":{"start":{"line":67,"column":25},"end":{"line":67,"column":40}},"52":{"start":{"line":68,"column":22},"end":{"line":68,"column":86}},"53":{"start":{"line":69,"column":12},"end":{"line":71,"column":13}},"54":{"start":{"line":70,"column":16},"end":{"line":70,"column":28}},"55":{"start":{"line":72,"column":12},"end":{"line":72,"column":29}},"56":{"start":{"line":77,"column":25},"end":{"line":77,"column":45}},"57":{"start":{"line":78,"column":12},"end":{"line":78,"column":77}},"58":{"start":{"line":79,"column":12},"end":{"line":79,"column":26}},"59":{"start":{"line":84,"column":23},"end":{"line":84,"column":54}},"60":{"start":{"line":85,"column":12},"end":{"line":85,"column":29}},"61":{"start":{"line":89,"column":4},"end":{"line":89,"column":22}},"62":{"start":{"line":92,"column":22},"end":{"line":128,"column":9}},"63":{"start":{"line":93,"column":4},"end":{"line":93,"column":41}},"64":{"start":{"line":96,"column":8},"end":{"line":96,"column":47}},"65":{"start":{"line":98,"column":21},"end":{"line":98,"column":135}},"66":{"start":{"line":100,"column":8},"end":{"line":100,"column":37}},"67":{"start":{"line":101,"column":8},"end":{"line":101,"column":22}},"68":{"start":{"line":104,"column":4},"end":{"line":125,"column":8}},"69":{"start":{"line":107,"column":12},"end":{"line":109,"column":13}},"70":{"start":{"line":108,"column":16},"end":{"line":108,"column":195}},"71":{"start":{"line":110,"column":12},"end":{"line":110,"column":76}},"72":{"start":{"line":115,"column":12},"end":{"line":117,"column":13}},"73":{"start":{"line":116,"column":16},"end":{"line":116,"column":221}},"74":{"start":{"line":118,"column":12},"end":{"line":118,"column":78}},"75":{"start":{"line":123,"column":12},"end":{"line":123,"column":41}},"76":{"start":{"line":127,"column":4},"end":{"line":127,"column":27}}},"fnMap":{"0":{"name":"(anonymous_0)","decl":{"start":{"line":8,"column":19},"end":{"line":8,"column":20}},"loc":{"start":{"line":8,"column":31},"end":{"line":8,"column":561}},"line":8},"1":{"name":"defineProperties","decl":{"start":{"line":8,"column":42},"end":{"line":8,"column":58}},"loc":{"start":{"line":8,"column":74},"end":{"line":8,"column":349}},"line":8},"2":{"name":"(anonymous_2)","decl":{"start":{"line":8,"column":357},"end":{"line":8,"column":358}},"loc":{"start":{"line":8,"column":405},"end":{"line":8,"column":558}},"line":8},"3":{"name":"_interopRequireDefault","decl":{"start":{"line":20,"column":9},"end":{"line":20,"column":31}},"loc":{"start":{"line":20,"column":37},"end":{"line":20,"column":95}},"line":20},"4":{"name":"_possibleConstructorReturn","decl":{"start":{"line":22,"column":9},"end":{"line":22,"column":35}},"loc":{"start":{"line":22,"column":48},"end":{"line":22,"column":240}},"line":22},"5":{"name":"_inherits","decl":{"start":{"line":24,"column":9},"end":{"line":24,"column":18}},"loc":{"start":{"line":24,"column":41},"end":{"line":24,"column":494}},"line":24},"6":{"name":"_classCallCheck","decl":{"start":{"line":26,"column":9},"end":{"line":26,"column":24}},"loc":{"start":{"line":26,"column":48},"end":{"line":26,"column":153}},"line":26},"7":{"name":"(anonymous_7)","decl":{"start":{"line":28,"column":30},"end":{"line":28,"column":31}},"loc":{"start":{"line":28,"column":42},"end":{"line":50,"column":1}},"line":28},"8":{"name":"Reader","decl":{"start":{"line":29,"column":13},"end":{"line":29,"column":19}},"loc":{"start":{"line":29,"column":22},"end":{"line":31,"column":5}},"line":29},"9":{"name":"toStream","decl":{"start":{"line":35,"column":24},"end":{"line":35,"column":32}},"loc":{"start":{"line":35,"column":35},"end":{"line":46,"column":9}},"line":35},"10":{"name":"(anonymous_10)","decl":{"start":{"line":52,"column":38},"end":{"line":52,"column":39}},"loc":{"start":{"line":52,"column":57},"end":{"line":90,"column":1}},"line":52},"11":{"name":"FileReader","decl":{"start":{"line":55,"column":13},"end":{"line":55,"column":23}},"loc":{"start":{"line":55,"column":30},"end":{"line":62,"column":5}},"line":55},"12":{"name":"getByte","decl":{"start":{"line":66,"column":24},"end":{"line":66,"column":31}},"loc":{"start":{"line":66,"column":40},"end":{"line":73,"column":9}},"line":66},"13":{"name":"getBytes","decl":{"start":{"line":76,"column":24},"end":{"line":76,"column":32}},"loc":{"start":{"line":76,"column":49},"end":{"line":80,"column":9}},"line":76},"14":{"name":"get","decl":{"start":{"line":83,"column":22},"end":{"line":83,"column":25}},"loc":{"start":{"line":83,"column":28},"end":{"line":86,"column":9}},"line":83},"15":{"name":"(anonymous_15)","decl":{"start":{"line":92,"column":48},"end":{"line":92,"column":49}},"loc":{"start":{"line":92,"column":68},"end":{"line":128,"column":1}},"line":92},"16":{"name":"ByteArrayReader","decl":{"start":{"line":95,"column":13},"end":{"line":95,"column":28}},"loc":{"start":{"line":95,"column":40},"end":{"line":102,"column":5}},"line":95},"17":{"name":"getByte","decl":{"start":{"line":106,"column":24},"end":{"line":106,"column":31}},"loc":{"start":{"line":106,"column":40},"end":{"line":111,"column":9}},"line":106},"18":{"name":"getBytes","decl":{"start":{"line":114,"column":24},"end":{"line":114,"column":32}},"loc":{"start":{"line":114,"column":49},"end":{"line":119,"column":9}},"line":114},"19":{"name":"get","decl":{"start":{"line":122,"column":22},"end":{"line":122,"column":25}},"loc":{"start":{"line":122,"column":28},"end":{"line":124,"column":9}},"line":122}},"branchMap":{"0":{"loc":{"start":{"line":8,"column":168},"end":{"line":8,"column":198}},"type":"binary-expr","locations":[{"start":{"line":8,"column":168},"end":{"line":8,"column":189}},{"start":{"line":8,"column":193},"end":{"line":8,"column":198}}],"line":8},"1":{"loc":{"start":{"line":8,"column":232},"end":{"line":8,"column":286}},"type":"if","locations":[{"start":{"line":8,"column":232},"end":{"line":8,"column":286}},{"start":{"line":8,"column":232},"end":{"line":8,"column":286}}],"line":8},"2":{"loc":{"start":{"line":8,"column":407},"end":{"line":8,"column":475}},"type":"if","locations":[{"start":{"line":8,"column":407},"end":{"line":8,"column":475}},{"start":{"line":8,"column":407},"end":{"line":8,"column":475}}],"line":8},"3":{"loc":{"start":{"line":8,"column":476},"end":{"line":8,"column":536}},"type":"if","locations":[{"start":{"line":8,"column":476},"end":{"line":8,"column":536}},{"start":{"line":8,"column":476},"end":{"line":8,"column":536}}],"line":8},"4":{"loc":{"start":{"line":20,"column":46},"end":{"line":20,"column":92}},"type":"cond-expr","locations":[{"start":{"line":20,"column":70},"end":{"line":20,"column":73}},{"start":{"line":20,"column":76},"end":{"line":20,"column":92}}],"line":20},"5":{"loc":{"start":{"line":20,"column":46},"end":{"line":20,"column":67}},"type":"binary-expr","locations":[{"start":{"line":20,"column":46},"end":{"line":20,"column":49}},{"start":{"line":20,"column":53},"end":{"line":20,"column":67}}],"line":20},"6":{"loc":{"start":{"line":22,"column":50},"end":{"line":22,"column":151}},"type":"if","locations":[{"start":{"line":22,"column":50},"end":{"line":22,"column":151}},{"start":{"line":22,"column":50},"end":{"line":22,"column":151}}],"line":22},"7":{"loc":{"start":{"line":22,"column":159},"end":{"line":22,"column":237}},"type":"cond-expr","locations":[{"start":{"line":22,"column":226},"end":{"line":22,"column":230}},{"start":{"line":22,"column":233},"end":{"line":22,"column":237}}],"line":22},"8":{"loc":{"start":{"line":22,"column":159},"end":{"line":22,"column":223}},"type":"binary-expr","locations":[{"start":{"line":22,"column":159},"end":{"line":22,"column":163}},{"start":{"line":22,"column":168},"end":{"line":22,"column":192}},{"start":{"line":22,"column":196},"end":{"line":22,"column":222}}],"line":22},"9":{"loc":{"start":{"line":24,"column":43},"end":{"line":24,"column":208}},"type":"if","locations":[{"start":{"line":24,"column":43},"end":{"line":24,"column":208}},{"start":{"line":24,"column":43},"end":{"line":24,"column":208}}],"line":24},"10":{"loc":{"start":{"line":24,"column":47},"end":{"line":24,"column":102}},"type":"binary-expr","locations":[{"start":{"line":24,"column":47},"end":{"line":24,"column":79}},{"start":{"line":24,"column":83},"end":{"line":24,"column":102}}],"line":24},"11":{"loc":{"start":{"line":24,"column":244},"end":{"line":24,"column":278}},"type":"binary-expr","locations":[{"start":{"line":24,"column":244},"end":{"line":24,"column":254}},{"start":{"line":24,"column":258},"end":{"line":24,"column":278}}],"line":24},"12":{"loc":{"start":{"line":24,"column":374},"end":{"line":24,"column":492}},"type":"if","locations":[{"start":{"line":24,"column":374},"end":{"line":24,"column":492}},{"start":{"line":24,"column":374},"end":{"line":24,"column":492}}],"line":24},"13":{"loc":{"start":{"line":24,"column":390},"end":{"line":24,"column":491}},"type":"cond-expr","locations":[{"start":{"line":24,"column":414},"end":{"line":24,"column":457}},{"start":{"line":24,"column":460},"end":{"line":24,"column":491}}],"line":24},"14":{"loc":{"start":{"line":26,"column":50},"end":{"line":26,"column":151}},"type":"if","locations":[{"start":{"line":26,"column":50},"end":{"line":26,"column":151}},{"start":{"line":26,"column":50},"end":{"line":26,"column":151}}],"line":26},"15":{"loc":{"start":{"line":36,"column":24},"end":{"line":36,"column":94}},"type":"cond-expr","locations":[{"start":{"line":36,"column":77},"end":{"line":36,"column":89}},{"start":{"line":36,"column":92},"end":{"line":36,"column":94}}],"line":36},"16":{"loc":{"start":{"line":36,"column":24},"end":{"line":36,"column":74}},"type":"binary-expr","locations":[{"start":{"line":36,"column":24},"end":{"line":36,"column":44}},{"start":{"line":36,"column":48},"end":{"line":36,"column":74}}],"line":36},"17":{"loc":{"start":{"line":37,"column":22},"end":{"line":37,"column":92}},"type":"cond-expr","locations":[{"start":{"line":37,"column":75},"end":{"line":37,"column":87}},{"start":{"line":37,"column":90},"end":{"line":37,"column":92}}],"line":37},"18":{"loc":{"start":{"line":37,"column":22},"end":{"line":37,"column":72}},"type":"binary-expr","locations":[{"start":{"line":37,"column":22},"end":{"line":37,"column":42}},{"start":{"line":37,"column":46},"end":{"line":37,"column":72}}],"line":37},"19":{"loc":{"start":{"line":39,"column":12},"end":{"line":41,"column":13}},"type":"if","locations":[{"start":{"line":39,"column":12},"end":{"line":41,"column":13}},{"start":{"line":39,"column":12},"end":{"line":41,"column":13}}],"line":39},"20":{"loc":{"start":{"line":42,"column":12},"end":{"line":44,"column":13}},"type":"if","locations":[{"start":{"line":42,"column":12},"end":{"line":44,"column":13}},{"start":{"line":42,"column":12},"end":{"line":44,"column":13}}],"line":42},"21":{"loc":{"start":{"line":58,"column":54},"end":{"line":58,"column":111}},"type":"binary-expr","locations":[{"start":{"line":58,"column":54},"end":{"line":58,"column":74}},{"start":{"line":58,"column":78},"end":{"line":58,"column":111}}],"line":58},"22":{"loc":{"start":{"line":69,"column":12},"end":{"line":71,"column":13}},"type":"if","locations":[{"start":{"line":69,"column":12},"end":{"line":71,"column":13}},{"start":{"line":69,"column":12},"end":{"line":71,"column":13}}],"line":69},"23":{"loc":{"start":{"line":98,"column":55},"end":{"line":98,"column":122}},"type":"binary-expr","locations":[{"start":{"line":98,"column":55},"end":{"line":98,"column":80}},{"start":{"line":98,"column":84},"end":{"line":98,"column":122}}],"line":98},"24":{"loc":{"start":{"line":107,"column":12},"end":{"line":109,"column":13}},"type":"if","locations":[{"start":{"line":107,"column":12},"end":{"line":109,"column":13}},{"start":{"line":107,"column":12},"end":{"line":109,"column":13}}],"line":107},"25":{"loc":{"start":{"line":115,"column":12},"end":{"line":117,"column":13}},"type":"if","locations":[{"start":{"line":115,"column":12},"end":{"line":117,"column":13}},{"start":{"line":115,"column":12},"end":{"line":117,"column":13}}],"line":115}},"s":{"0":1,"1":1,"2":1,"3":3,"4":3,"5":7,"6":7,"7":7,"8":7,"9":5,"10":7,"11":1,"12":3,"13":3,"14":3,"15":0,"16":3,"17":1,"18":1,"19":1,"20":1,"21":1,"22":2,"23":148,"24":0,"25":148,"26":2,"27":0,"28":2,"29":2,"30":2,"31":296,"32":0,"33":1,"34":148,"35":1,"36":6,"37":6,"38":6,"39":1,"40":6,"41":5,"42":6,"43":1,"44":1,"45":1,"46":9,"47":9,"48":9,"49":9,"50":1,"51":51,"52":51,"53":51,"54":1,"55":50,"56":2304,"57":2304,"58":2304,"59":11,"60":11,"61":1,"62":1,"63":1,"64":139,"65":139,"66":139,"67":139,"68":1,"69":1584,"70":2,"71":1582,"72":129,"73":2,"74":127,"75":1847,"76":1},"f":{"0":1,"1":3,"2":3,"3":2,"4":148,"5":2,"6":296,"7":1,"8":148,"9":6,"10":1,"11":9,"12":51,"13":2304,"14":11,"15":1,"16":139,"17":1584,"18":129,"19":1847},"b":{"0":[7,7],"1":[5,2],"2":[3,0],"3":[0,3],"4":[1,1],"5":[2,2],"6":[0,148],"7":[0,148],"8":[148,0,0],"9":[0,2],"10":[2,0],"11":[2,2],"12":[2,0],"13":[2,0],"14":[0,296],"15":[1,5],"16":[6,1],"17":[1,5],"18":[6,1],"19":[1,5],"20":[5,1],"21":[9,0],"22":[1,50],"23":[139,0],"24":[2,1582],"25":[2,127]},"_coverageSchema":"43e27e138ebf9cfc5966b082cf9a028302ed4184","hash":"c038fc4518f485019812acf2e54f55fa96c2d958","contentHash":"f6a6af39cb8099ca8238907300868fd365ffaa7425115b40acb606dd374919af"},"/Users/jefflee/Project/pdf-backend/src/buffer-stream.js":{"path":"/Users/jefflee/Project/pdf-backend/src/buffer-stream.js","statementMap":{"0":{"start":{"line":3,"column":0},"end":{"line":5,"column":3}},"1":{"start":{"line":7,"column":19},"end":{"line":7,"column":563}},"2":{"start":{"line":7,"column":76},"end":{"line":7,"column":347}},"3":{"start":{"line":7,"column":89},"end":{"line":7,"column":90}},"4":{"start":{"line":7,"column":134},"end":{"line":7,"column":142}},"5":{"start":{"line":7,"column":144},"end":{"line":7,"column":199}},"6":{"start":{"line":7,"column":200},"end":{"line":7,"column":231}},"7":{"start":{"line":7,"column":232},"end":{"line":7,"column":286}},"8":{"start":{"line":7,"column":259},"end":{"line":7,"column":286}},"9":{"start":{"line":7,"column":287},"end":{"line":7,"column":345}},"10":{"start":{"line":7,"column":350},"end":{"line":7,"column":559}},"11":{"start":{"line":7,"column":407},"end":{"line":7,"column":475}},"12":{"start":{"line":7,"column":423},"end":{"line":7,"column":475}},"13":{"start":{"line":7,"column":476},"end":{"line":7,"column":536}},"14":{"start":{"line":7,"column":493},"end":{"line":7,"column":536}},"15":{"start":{"line":7,"column":537},"end":{"line":7,"column":556}},"16":{"start":{"line":9,"column":14},"end":{"line":9,"column":31}},"17":{"start":{"line":11,"column":15},"end":{"line":11,"column":46}},"18":{"start":{"line":13,"column":9},"end":{"line":13,"column":27}},"19":{"start":{"line":15,"column":10},"end":{"line":15,"column":36}},"20":{"start":{"line":17,"column":13},"end":{"line":17,"column":31}},"21":{"start":{"line":19,"column":39},"end":{"line":19,"column":93}},"22":{"start":{"line":21,"column":50},"end":{"line":21,"column":151}},"23":{"start":{"line":21,"column":92},"end":{"line":21,"column":149}},"24":{"start":{"line":27,"column":19},"end":{"line":236,"column":3}},"25":{"start":{"line":35,"column":28},"end":{"line":35,"column":97}},"26":{"start":{"line":36,"column":21},"end":{"line":36,"column":91}},"27":{"start":{"line":38,"column":8},"end":{"line":38,"column":44}},"28":{"start":{"line":40,"column":8},"end":{"line":40,"column":29}},"29":{"start":{"line":41,"column":8},"end":{"line":41,"column":38}},"30":{"start":{"line":42,"column":8},"end":{"line":46,"column":9}},"31":{"start":{"line":43,"column":12},"end":{"line":43,"column":54}},"32":{"start":{"line":45,"column":12},"end":{"line":45,"column":54}},"33":{"start":{"line":47,"column":8},"end":{"line":47,"column":43}},"34":{"start":{"line":48,"column":8},"end":{"line":48,"column":42}},"35":{"start":{"line":49,"column":8},"end":{"line":49,"column":32}},"36":{"start":{"line":52,"column":4},"end":{"line":233,"column":8}},"37":{"start":{"line":55,"column":12},"end":{"line":57,"column":13}},"38":{"start":{"line":56,"column":16},"end":{"line":56,"column":28}},"39":{"start":{"line":58,"column":12},"end":{"line":58,"column":46}},"40":{"start":{"line":59,"column":12},"end":{"line":59,"column":56}},"41":{"start":{"line":64,"column":12},"end":{"line":66,"column":13}},"42":{"start":{"line":65,"column":16},"end":{"line":65,"column":28}},"43":{"start":{"line":67,"column":12},"end":{"line":67,"column":46}},"44":{"start":{"line":68,"column":20},"end":{"line":68,"column":63}},"45":{"start":{"line":69,"column":12},"end":{"line":69,"column":51}},"46":{"start":{"line":70,"column":12},"end":{"line":70,"column":21}},"47":{"start":{"line":75,"column":25},"end":{"line":75,"column":94}},"48":{"start":{"line":77,"column":12},"end":{"line":79,"column":13}},"49":{"start":{"line":78,"column":16},"end":{"line":78,"column":28}},"50":{"start":{"line":80,"column":12},"end":{"line":80,"column":46}},"51":{"start":{"line":81,"column":12},"end":{"line":81,"column":36}},"52":{"start":{"line":91,"column":12},"end":{"line":93,"column":13}},"53":{"start":{"line":92,"column":16},"end":{"line":92,"column":28}},"54":{"start":{"line":94,"column":12},"end":{"line":94,"column":54}},"55":{"start":{"line":99,"column":12},"end":{"line":101,"column":13}},"56":{"start":{"line":100,"column":16},"end":{"line":100,"column":28}},"57":{"start":{"line":102,"column":12},"end":{"line":102,"column":63}},"58":{"start":{"line":112,"column":12},"end":{"line":112,"column":53}},"59":{"start":{"line":122,"column":12},"end":{"line":122,"column":46}},"60":{"start":{"line":123,"column":12},"end":{"line":123,"column":47}},"61":{"start":{"line":135,"column":12},"end":{"line":135,"column":46}},"62":{"start":{"line":136,"column":25},"end":{"line":136,"column":38}},"63":{"start":{"line":137,"column":27},"end":{"line":137,"column":44}},"64":{"start":{"line":138,"column":25},"end":{"line":138,"column":45}},"65":{"start":{"line":139,"column":12},"end":{"line":141,"column":13}},"66":{"start":{"line":140,"column":16},"end":{"line":140,"column":42}},"67":{"start":{"line":142,"column":12},"end":{"line":144,"column":13}},"68":{"start":{"line":143,"column":16},"end":{"line":143,"column":42}},"69":{"start":{"line":145,"column":12},"end":{"line":155,"column":13}},"70":{"start":{"line":146,"column":16},"end":{"line":149,"column":17}},"71":{"start":{"line":147,"column":20},"end":{"line":147,"column":43}},"72":{"start":{"line":148,"column":20},"end":{"line":148,"column":33}},"73":{"start":{"line":150,"column":29},"end":{"line":150,"column":58}},"74":{"start":{"line":151,"column":16},"end":{"line":153,"column":17}},"75":{"start":{"line":152,"column":20},"end":{"line":152,"column":32}},"76":{"start":{"line":154,"column":16},"end":{"line":154,"column":35}},"77":{"start":{"line":167,"column":12},"end":{"line":167,"column":46}},"78":{"start":{"line":168,"column":25},"end":{"line":168,"column":38}},"79":{"start":{"line":170,"column":12},"end":{"line":170,"column":45}},"80":{"start":{"line":171,"column":25},"end":{"line":171,"column":68}},"81":{"start":{"line":173,"column":12},"end":{"line":175,"column":13}},"82":{"start":{"line":174,"column":16},"end":{"line":174,"column":27}},"83":{"start":{"line":176,"column":12},"end":{"line":192,"column":13}},"84":{"start":{"line":177,"column":16},"end":{"line":191,"column":17}},"85":{"start":{"line":178,"column":20},"end":{"line":181,"column":21}},"86":{"start":{"line":179,"column":24},"end":{"line":179,"column":47}},"87":{"start":{"line":180,"column":24},"end":{"line":180,"column":37}},"88":{"start":{"line":182,"column":33},"end":{"line":182,"column":62}},"89":{"start":{"line":183,"column":20},"end":{"line":186,"column":21}},"90":{"start":{"line":185,"column":24},"end":{"line":185,"column":36}},"91":{"start":{"line":187,"column":20},"end":{"line":187,"column":39}},"92":{"start":{"line":190,"column":20},"end":{"line":190,"column":39}},"93":{"start":{"line":202,"column":12},"end":{"line":202,"column":46}},"94":{"start":{"line":207,"column":23},"end":{"line":207,"column":41}},"95":{"start":{"line":208,"column":12},"end":{"line":208,"column":53}},"96":{"start":{"line":209,"column":12},"end":{"line":209,"column":24}},"97":{"start":{"line":214,"column":12},"end":{"line":214,"column":46}},"98":{"start":{"line":215,"column":12},"end":{"line":217,"column":13}},"99":{"start":{"line":216,"column":16},"end":{"line":216,"column":97}},"100":{"start":{"line":218,"column":12},"end":{"line":218,"column":53}},"101":{"start":{"line":219,"column":12},"end":{"line":219,"column":44}},"102":{"start":{"line":224,"column":12},"end":{"line":224,"column":44}},"103":{"start":{"line":225,"column":12},"end":{"line":225,"column":44}},"104":{"start":{"line":230,"column":12},"end":{"line":230,"column":46}},"105":{"start":{"line":231,"column":12},"end":{"line":231,"column":35}},"106":{"start":{"line":235,"column":4},"end":{"line":235,"column":24}},"107":{"start":{"line":238,"column":0},"end":{"line":238,"column":31}}},"fnMap":{"0":{"name":"(anonymous_0)","decl":{"start":{"line":7,"column":19},"end":{"line":7,"column":20}},"loc":{"start":{"line":7,"column":31},"end":{"line":7,"column":561}},"line":7},"1":{"name":"defineProperties","decl":{"start":{"line":7,"column":42},"end":{"line":7,"column":58}},"loc":{"start":{"line":7,"column":74},"end":{"line":7,"column":349}},"line":7},"2":{"name":"(anonymous_2)","decl":{"start":{"line":7,"column":357},"end":{"line":7,"column":358}},"loc":{"start":{"line":7,"column":405},"end":{"line":7,"column":558}},"line":7},"3":{"name":"_interopRequireDefault","decl":{"start":{"line":19,"column":9},"end":{"line":19,"column":31}},"loc":{"start":{"line":19,"column":37},"end":{"line":19,"column":95}},"line":19},"4":{"name":"_classCallCheck","decl":{"start":{"line":21,"column":9},"end":{"line":21,"column":24}},"loc":{"start":{"line":21,"column":48},"end":{"line":21,"column":153}},"line":21},"5":{"name":"(anonymous_5)","decl":{"start":{"line":27,"column":19},"end":{"line":27,"column":20}},"loc":{"start":{"line":27,"column":31},"end":{"line":236,"column":1}},"line":27},"6":{"name":"BufferStream","decl":{"start":{"line":34,"column":13},"end":{"line":34,"column":25}},"loc":{"start":{"line":34,"column":34},"end":{"line":50,"column":5}},"line":34},"7":{"name":"getByte","decl":{"start":{"line":54,"column":24},"end":{"line":54,"column":31}},"loc":{"start":{"line":54,"column":34},"end":{"line":60,"column":9}},"line":54},"8":{"name":"getBytes","decl":{"start":{"line":63,"column":24},"end":{"line":63,"column":32}},"loc":{"start":{"line":63,"column":41},"end":{"line":71,"column":9}},"line":63},"9":{"name":"skip","decl":{"start":{"line":74,"column":24},"end":{"line":74,"column":28}},"loc":{"start":{"line":74,"column":31},"end":{"line":82,"column":9}},"line":74},"10":{"name":"peekByte","decl":{"start":{"line":90,"column":24},"end":{"line":90,"column":32}},"loc":{"start":{"line":90,"column":35},"end":{"line":95,"column":9}},"line":90},"11":{"name":"peekBytes","decl":{"start":{"line":98,"column":24},"end":{"line":98,"column":33}},"loc":{"start":{"line":98,"column":42},"end":{"line":103,"column":9}},"line":98},"12":{"name":"hasNext","decl":{"start":{"line":111,"column":24},"end":{"line":111,"column":31}},"loc":{"start":{"line":111,"column":34},"end":{"line":113,"column":9}},"line":111},"13":{"name":"reset","decl":{"start":{"line":121,"column":24},"end":{"line":121,"column":29}},"loc":{"start":{"line":121,"column":32},"end":{"line":124,"column":9}},"line":121},"14":{"name":"find","decl":{"start":{"line":134,"column":24},"end":{"line":134,"column":28}},"loc":{"start":{"line":134,"column":44},"end":{"line":156,"column":9}},"line":134},"15":{"name":"findBackward","decl":{"start":{"line":166,"column":24},"end":{"line":166,"column":36}},"loc":{"start":{"line":166,"column":52},"end":{"line":193,"column":9}},"line":166},"16":{"name":"rewindPosition","decl":{"start":{"line":201,"column":24},"end":{"line":201,"column":38}},"loc":{"start":{"line":201,"column":41},"end":{"line":203,"column":9}},"line":201},"17":{"name":"savePosition","decl":{"start":{"line":206,"column":24},"end":{"line":206,"column":36}},"loc":{"start":{"line":206,"column":39},"end":{"line":210,"column":9}},"line":206},"18":{"name":"restorePosition","decl":{"start":{"line":213,"column":24},"end":{"line":213,"column":39}},"loc":{"start":{"line":213,"column":46},"end":{"line":220,"column":9}},"line":213},"19":{"name":"cleanSavedPosition","decl":{"start":{"line":223,"column":24},"end":{"line":223,"column":42}},"loc":{"start":{"line":223,"column":49},"end":{"line":226,"column":9}},"line":223},"20":{"name":"moveTo","decl":{"start":{"line":229,"column":24},"end":{"line":229,"column":30}},"loc":{"start":{"line":229,"column":39},"end":{"line":232,"column":9}},"line":229}},"branchMap":{"0":{"loc":{"start":{"line":7,"column":168},"end":{"line":7,"column":198}},"type":"binary-expr","locations":[{"start":{"line":7,"column":168},"end":{"line":7,"column":189}},{"start":{"line":7,"column":193},"end":{"line":7,"column":198}}],"line":7},"1":{"loc":{"start":{"line":7,"column":232},"end":{"line":7,"column":286}},"type":"if","locations":[{"start":{"line":7,"column":232},"end":{"line":7,"column":286}},{"start":{"line":7,"column":232},"end":{"line":7,"column":286}}],"line":7},"2":{"loc":{"start":{"line":7,"column":407},"end":{"line":7,"column":475}},"type":"if","locations":[{"start":{"line":7,"column":407},"end":{"line":7,"column":475}},{"start":{"line":7,"column":407},"end":{"line":7,"column":475}}],"line":7},"3":{"loc":{"start":{"line":7,"column":476},"end":{"line":7,"column":536}},"type":"if","locations":[{"start":{"line":7,"column":476},"end":{"line":7,"column":536}},{"start":{"line":7,"column":476},"end":{"line":7,"column":536}}],"line":7},"4":{"loc":{"start":{"line":19,"column":46},"end":{"line":19,"column":92}},"type":"cond-expr","locations":[{"start":{"line":19,"column":70},"end":{"line":19,"column":73}},{"start":{"line":19,"column":76},"end":{"line":19,"column":92}}],"line":19},"5":{"loc":{"start":{"line":19,"column":46},"end":{"line":19,"column":67}},"type":"binary-expr","locations":[{"start":{"line":19,"column":46},"end":{"line":19,"column":49}},{"start":{"line":19,"column":53},"end":{"line":19,"column":67}}],"line":19},"6":{"loc":{"start":{"line":21,"column":50},"end":{"line":21,"column":151}},"type":"if","locations":[{"start":{"line":21,"column":50},"end":{"line":21,"column":151}},{"start":{"line":21,"column":50},"end":{"line":21,"column":151}}],"line":21},"7":{"loc":{"start":{"line":35,"column":28},"end":{"line":35,"column":97}},"type":"cond-expr","locations":[{"start":{"line":35,"column":81},"end":{"line":35,"column":93}},{"start":{"line":35,"column":96},"end":{"line":35,"column":97}}],"line":35},"8":{"loc":{"start":{"line":35,"column":28},"end":{"line":35,"column":78}},"type":"binary-expr","locations":[{"start":{"line":35,"column":28},"end":{"line":35,"column":48}},{"start":{"line":35,"column":52},"end":{"line":35,"column":78}}],"line":35},"9":{"loc":{"start":{"line":36,"column":21},"end":{"line":36,"column":91}},"type":"cond-expr","locations":[{"start":{"line":36,"column":74},"end":{"line":36,"column":86}},{"start":{"line":36,"column":89},"end":{"line":36,"column":91}}],"line":36},"10":{"loc":{"start":{"line":36,"column":21},"end":{"line":36,"column":71}},"type":"binary-expr","locations":[{"start":{"line":36,"column":21},"end":{"line":36,"column":41}},{"start":{"line":36,"column":45},"end":{"line":36,"column":71}}],"line":36},"11":{"loc":{"start":{"line":42,"column":8},"end":{"line":46,"column":9}},"type":"if","locations":[{"start":{"line":42,"column":8},"end":{"line":46,"column":9}},{"start":{"line":42,"column":8},"end":{"line":46,"column":9}}],"line":42},"12":{"loc":{"start":{"line":55,"column":12},"end":{"line":57,"column":13}},"type":"if","locations":[{"start":{"line":55,"column":12},"end":{"line":57,"column":13}},{"start":{"line":55,"column":12},"end":{"line":57,"column":13}}],"line":55},"13":{"loc":{"start":{"line":64,"column":12},"end":{"line":66,"column":13}},"type":"if","locations":[{"start":{"line":64,"column":12},"end":{"line":66,"column":13}},{"start":{"line":64,"column":12},"end":{"line":66,"column":13}}],"line":64},"14":{"loc":{"start":{"line":75,"column":25},"end":{"line":75,"column":94}},"type":"cond-expr","locations":[{"start":{"line":75,"column":78},"end":{"line":75,"column":90}},{"start":{"line":75,"column":93},"end":{"line":75,"column":94}}],"line":75},"15":{"loc":{"start":{"line":75,"column":25},"end":{"line":75,"column":75}},"type":"binary-expr","locations":[{"start":{"line":75,"column":25},"end":{"line":75,"column":45}},{"start":{"line":75,"column":49},"end":{"line":75,"column":75}}],"line":75},"16":{"loc":{"start":{"line":77,"column":12},"end":{"line":79,"column":13}},"type":"if","locations":[{"start":{"line":77,"column":12},"end":{"line":79,"column":13}},{"start":{"line":77,"column":12},"end":{"line":79,"column":13}}],"line":77},"17":{"loc":{"start":{"line":91,"column":12},"end":{"line":93,"column":13}},"type":"if","locations":[{"start":{"line":91,"column":12},"end":{"line":93,"column":13}},{"start":{"line":91,"column":12},"end":{"line":93,"column":13}}],"line":91},"18":{"loc":{"start":{"line":99,"column":12},"end":{"line":101,"column":13}},"type":"if","locations":[{"start":{"line":99,"column":12},"end":{"line":101,"column":13}},{"start":{"line":99,"column":12},"end":{"line":101,"column":13}}],"line":99},"19":{"loc":{"start":{"line":139,"column":12},"end":{"line":141,"column":13}},"type":"if","locations":[{"start":{"line":139,"column":12},"end":{"line":141,"column":13}},{"start":{"line":139,"column":12},"end":{"line":141,"column":13}}],"line":139},"20":{"loc":{"start":{"line":142,"column":12},"end":{"line":144,"column":13}},"type":"if","locations":[{"start":{"line":142,"column":12},"end":{"line":144,"column":13}},{"start":{"line":142,"column":12},"end":{"line":144,"column":13}}],"line":142},"21":{"loc":{"start":{"line":146,"column":16},"end":{"line":149,"column":17}},"type":"if","locations":[{"start":{"line":146,"column":16},"end":{"line":149,"column":17}},{"start":{"line":146,"column":16},"end":{"line":149,"column":17}}],"line":146},"22":{"loc":{"start":{"line":151,"column":16},"end":{"line":153,"column":17}},"type":"if","locations":[{"start":{"line":151,"column":16},"end":{"line":153,"column":17}},{"start":{"line":151,"column":16},"end":{"line":153,"column":17}}],"line":151},"23":{"loc":{"start":{"line":173,"column":12},"end":{"line":175,"column":13}},"type":"if","locations":[{"start":{"line":173,"column":12},"end":{"line":175,"column":13}},{"start":{"line":173,"column":12},"end":{"line":175,"column":13}}],"line":173},"24":{"loc":{"start":{"line":178,"column":20},"end":{"line":181,"column":21}},"type":"if","locations":[{"start":{"line":178,"column":20},"end":{"line":181,"column":21}},{"start":{"line":178,"column":20},"end":{"line":181,"column":21}}],"line":178},"25":{"loc":{"start":{"line":183,"column":20},"end":{"line":186,"column":21}},"type":"if","locations":[{"start":{"line":183,"column":20},"end":{"line":186,"column":21}},{"start":{"line":183,"column":20},"end":{"line":186,"column":21}}],"line":183},"26":{"loc":{"start":{"line":215,"column":12},"end":{"line":217,"column":13}},"type":"if","locations":[{"start":{"line":215,"column":12},"end":{"line":217,"column":13}},{"start":{"line":215,"column":12},"end":{"line":217,"column":13}}],"line":215},"27":{"loc":{"start":{"line":215,"column":16},"end":{"line":215,"column":74}},"type":"binary-expr","locations":[{"start":{"line":215,"column":16},"end":{"line":215,"column":41}},{"start":{"line":215,"column":45},"end":{"line":215,"column":74}}],"line":215}},"s":{"0":1,"1":1,"2":1,"3":1,"4":14,"5":14,"6":14,"7":14,"8":14,"9":14,"10":1,"11":1,"12":1,"13":1,"14":0,"15":1,"16":1,"17":1,"18":1,"19":1,"20":1,"21":2,"22":136,"23":0,"24":1,"25":136,"26":136,"27":136,"28":136,"29":136,"30":136,"31":136,"32":0,"33":136,"34":136,"35":136,"36":1,"37":1663,"38":47,"39":1616,"40":1616,"41":2,"42":0,"43":2,"44":2,"45":2,"46":2,"47":10,"48":10,"49":0,"50":10,"51":10,"52":15,"53":2,"54":13,"55":2425,"56":0,"57":2425,"58":4118,"59":1,"60":1,"61":12,"62":12,"63":12,"64":12,"65":12,"66":0,"67":12,"68":0,"69":12,"70":126,"71":4,"72":4,"73":122,"74":122,"75":8,"76":114,"77":8,"78":8,"79":8,"80":8,"81":8,"82":8,"83":8,"84":2304,"85":2304,"86":1,"87":1,"88":2303,"89":2303,"90":7,"91":2296,"92":0,"93":264,"94":2450,"95":2450,"96":2450,"97":846,"98":846,"99":1,"100":845,"101":845,"102":1597,"103":1597,"104":3,"105":3,"106":1,"107":1},"f":{"0":1,"1":1,"2":1,"3":2,"4":136,"5":1,"6":136,"7":1663,"8":2,"9":10,"10":15,"11":2425,"12":4118,"13":1,"14":12,"15":8,"16":264,"17":2450,"18":846,"19":1597,"20":3},"b":{"0":[14,14],"1":[14,0],"2":[1,0],"3":[0,1],"4":[0,2],"5":[2,2],"6":[0,136],"7":[0,136],"8":[136,0],"9":[0,136],"10":[136,0],"11":[136,0],"12":[47,1616],"13":[0,2],"14":[9,1],"15":[10,9],"16":[0,10],"17":[2,13],"18":[0,2425],"19":[0,12],"20":[0,12],"21":[4,122],"22":[8,114],"23":[8,0],"24":[1,2303],"25":[7,2296],"26":[1,845],"27":[846,8]},"_coverageSchema":"43e27e138ebf9cfc5966b082cf9a028302ed4184","hash":"e3915a155843cca671a2358283b40f5554acdd42","contentHash":"bfd9cf541d98ca4c8c583413603d1d2a3b72161086ab8eb8aecefbcb8d9d92df"},"/Users/jefflee/Project/pdf-backend/src/error.js":{"path":"/Users/jefflee/Project/pdf-backend/src/error.js","statementMap":{"0":{"start":{"line":3,"column":0},"end":{"line":5,"column":3}},"1":{"start":{"line":7,"column":50},"end":{"line":7,"column":151}},"2":{"start":{"line":7,"column":92},"end":{"line":7,"column":149}},"3":{"start":{"line":9,"column":50},"end":{"line":9,"column":151}},"4":{"start":{"line":9,"column":63},"end":{"line":9,"column":149}},"5":{"start":{"line":9,"column":152},"end":{"line":9,"column":238}},"6":{"start":{"line":11,"column":43},"end":{"line":11,"column":208}},"7":{"start":{"line":11,"column":106},"end":{"line":11,"column":206}},"8":{"start":{"line":11,"column":209},"end":{"line":11,"column":373}},"9":{"start":{"line":11,"column":374},"end":{"line":11,"column":492}},"10":{"start":{"line":11,"column":390},"end":{"line":11,"column":492}},"11":{"start":{"line":13,"column":35},"end":{"line":33,"column":8}},"12":{"start":{"line":14,"column":4},"end":{"line":14,"column":52}},"13":{"start":{"line":19,"column":8},"end":{"line":19,"column":60}},"14":{"start":{"line":21,"column":8},"end":{"line":23,"column":9}},"15":{"start":{"line":21,"column":24},"end":{"line":21,"column":40}},"16":{"start":{"line":21,"column":49},"end":{"line":21,"column":60}},"17":{"start":{"line":21,"column":69},"end":{"line":21,"column":70}},"18":{"start":{"line":22,"column":12},"end":{"line":22,"column":41}},"19":{"start":{"line":25,"column":20},"end":{"line":25,"column":194}},"20":{"start":{"line":27,"column":8},"end":{"line":27,"column":69}},"21":{"start":{"line":28,"column":8},"end":{"line":28,"column":52}},"22":{"start":{"line":29,"column":8},"end":{"line":29,"column":21}},"23":{"start":{"line":32,"column":4},"end":{"line":32,"column":40}},"24":{"start":{"line":35,"column":28},"end":{"line":55,"column":8}},"25":{"start":{"line":36,"column":4},"end":{"line":36,"column":46}},"26":{"start":{"line":41,"column":8},"end":{"line":41,"column":53}},"27":{"start":{"line":43,"column":8},"end":{"line":45,"column":9}},"28":{"start":{"line":43,"column":25},"end":{"line":43,"column":41}},"29":{"start":{"line":43,"column":50},"end":{"line":43,"column":62}},"30":{"start":{"line":43,"column":72},"end":{"line":43,"column":73}},"31":{"start":{"line":44,"column":12},"end":{"line":44,"column":43}},"32":{"start":{"line":47,"column":21},"end":{"line":47,"column":183}},"33":{"start":{"line":49,"column":8},"end":{"line":49,"column":63}},"34":{"start":{"line":50,"column":8},"end":{"line":50,"column":46}},"35":{"start":{"line":51,"column":8},"end":{"line":51,"column":22}},"36":{"start":{"line":54,"column":4},"end":{"line":54,"column":33}},"37":{"start":{"line":57,"column":27},"end":{"line":77,"column":8}},"38":{"start":{"line":58,"column":4},"end":{"line":58,"column":45}},"39":{"start":{"line":63,"column":8},"end":{"line":63,"column":52}},"40":{"start":{"line":65,"column":8},"end":{"line":67,"column":9}},"41":{"start":{"line":65,"column":25},"end":{"line":65,"column":41}},"42":{"start":{"line":65,"column":50},"end":{"line":65,"column":62}},"43":{"start":{"line":65,"column":72},"end":{"line":65,"column":73}},"44":{"start":{"line":66,"column":12},"end":{"line":66,"column":43}},"45":{"start":{"line":69,"column":21},"end":{"line":69,"column":181}},"46":{"start":{"line":71,"column":8},"end":{"line":71,"column":62}},"47":{"start":{"line":72,"column":8},"end":{"line":72,"column":45}},"48":{"start":{"line":73,"column":8},"end":{"line":73,"column":22}},"49":{"start":{"line":76,"column":4},"end":{"line":76,"column":32}}},"fnMap":{"0":{"name":"_classCallCheck","decl":{"start":{"line":7,"column":9},"end":{"line":7,"column":24}},"loc":{"start":{"line":7,"column":48},"end":{"line":7,"column":153}},"line":7},"1":{"name":"_possibleConstructorReturn","decl":{"start":{"line":9,"column":9},"end":{"line":9,"column":35}},"loc":{"start":{"line":9,"column":48},"end":{"line":9,"column":240}},"line":9},"2":{"name":"_inherits","decl":{"start":{"line":11,"column":9},"end":{"line":11,"column":18}},"loc":{"start":{"line":11,"column":41},"end":{"line":11,"column":494}},"line":11},"3":{"name":"(anonymous_3)","decl":{"start":{"line":13,"column":74},"end":{"line":13,"column":75}},"loc":{"start":{"line":13,"column":92},"end":{"line":33,"column":1}},"line":13},"4":{"name":"ReaderOffsetExceedLimitError","decl":{"start":{"line":16,"column":13},"end":{"line":16,"column":41}},"loc":{"start":{"line":16,"column":44},"end":{"line":30,"column":5}},"line":16},"5":{"name":"(anonymous_5)","decl":{"start":{"line":35,"column":60},"end":{"line":35,"column":61}},"loc":{"start":{"line":35,"column":79},"end":{"line":55,"column":1}},"line":35},"6":{"name":"InvalidPDFFormatError","decl":{"start":{"line":38,"column":13},"end":{"line":38,"column":34}},"loc":{"start":{"line":38,"column":37},"end":{"line":52,"column":5}},"line":38},"7":{"name":"(anonymous_7)","decl":{"start":{"line":57,"column":58},"end":{"line":57,"column":59}},"loc":{"start":{"line":57,"column":77},"end":{"line":77,"column":1}},"line":57},"8":{"name":"RestorePositionError","decl":{"start":{"line":60,"column":13},"end":{"line":60,"column":33}},"loc":{"start":{"line":60,"column":36},"end":{"line":74,"column":5}},"line":60}},"branchMap":{"0":{"loc":{"start":{"line":7,"column":50},"end":{"line":7,"column":151}},"type":"if","locations":[{"start":{"line":7,"column":50},"end":{"line":7,"column":151}},{"start":{"line":7,"column":50},"end":{"line":7,"column":151}}],"line":7},"1":{"loc":{"start":{"line":9,"column":50},"end":{"line":9,"column":151}},"type":"if","locations":[{"start":{"line":9,"column":50},"end":{"line":9,"column":151}},{"start":{"line":9,"column":50},"end":{"line":9,"column":151}}],"line":9},"2":{"loc":{"start":{"line":9,"column":159},"end":{"line":9,"column":237}},"type":"cond-expr","locations":[{"start":{"line":9,"column":226},"end":{"line":9,"column":230}},{"start":{"line":9,"column":233},"end":{"line":9,"column":237}}],"line":9},"3":{"loc":{"start":{"line":9,"column":159},"end":{"line":9,"column":223}},"type":"binary-expr","locations":[{"start":{"line":9,"column":159},"end":{"line":9,"column":163}},{"start":{"line":9,"column":168},"end":{"line":9,"column":192}},{"start":{"line":9,"column":196},"end":{"line":9,"column":222}}],"line":9},"4":{"loc":{"start":{"line":11,"column":43},"end":{"line":11,"column":208}},"type":"if","locations":[{"start":{"line":11,"column":43},"end":{"line":11,"column":208}},{"start":{"line":11,"column":43},"end":{"line":11,"column":208}}],"line":11},"5":{"loc":{"start":{"line":11,"column":47},"end":{"line":11,"column":102}},"type":"binary-expr","locations":[{"start":{"line":11,"column":47},"end":{"line":11,"column":79}},{"start":{"line":11,"column":83},"end":{"line":11,"column":102}}],"line":11},"6":{"loc":{"start":{"line":11,"column":244},"end":{"line":11,"column":278}},"type":"binary-expr","locations":[{"start":{"line":11,"column":244},"end":{"line":11,"column":254}},{"start":{"line":11,"column":258},"end":{"line":11,"column":278}}],"line":11},"7":{"loc":{"start":{"line":11,"column":374},"end":{"line":11,"column":492}},"type":"if","locations":[{"start":{"line":11,"column":374},"end":{"line":11,"column":492}},{"start":{"line":11,"column":374},"end":{"line":11,"column":492}}],"line":11},"8":{"loc":{"start":{"line":11,"column":390},"end":{"line":11,"column":491}},"type":"cond-expr","locations":[{"start":{"line":11,"column":414},"end":{"line":11,"column":457}},{"start":{"line":11,"column":460},"end":{"line":11,"column":491}}],"line":11},"9":{"loc":{"start":{"line":25,"column":61},"end":{"line":25,"column":154}},"type":"binary-expr","locations":[{"start":{"line":25,"column":61},"end":{"line":25,"column":99}},{"start":{"line":25,"column":103},"end":{"line":25,"column":154}}],"line":25},"10":{"loc":{"start":{"line":47,"column":63},"end":{"line":47,"column":142}},"type":"binary-expr","locations":[{"start":{"line":47,"column":63},"end":{"line":47,"column":94}},{"start":{"line":47,"column":98},"end":{"line":47,"column":142}}],"line":47},"11":{"loc":{"start":{"line":69,"column":63},"end":{"line":69,"column":140}},"type":"binary-expr","locations":[{"start":{"line":69,"column":63},"end":{"line":69,"column":93}},{"start":{"line":69,"column":97},"end":{"line":69,"column":140}}],"line":69}},"s":{"0":1,"1":9,"2":0,"3":9,"4":0,"5":9,"6":3,"7":0,"8":3,"9":3,"10":3,"11":1,"12":1,"13":4,"14":4,"15":4,"16":4,"17":4,"18":4,"19":4,"20":4,"21":4,"22":4,"23":1,"24":1,"25":1,"26":4,"27":4,"28":4,"29":4,"30":4,"31":2,"32":4,"33":4,"34":4,"35":4,"36":1,"37":1,"38":1,"39":1,"40":1,"41":1,"42":1,"43":1,"44":1,"45":1,"46":1,"47":1,"48":1,"49":1},"f":{"0":9,"1":9,"2":3,"3":1,"4":4,"5":1,"6":4,"7":1,"8":1},"b":{"0":[0,9],"1":[0,9],"2":[9,0],"3":[9,9,0],"4":[0,3],"5":[3,0],"6":[3,3],"7":[3,0],"8":[3,0],"9":[4,0],"10":[4,0],"11":[1,0]},"_coverageSchema":"43e27e138ebf9cfc5966b082cf9a028302ed4184","hash":"6388627936b0d5a6fe3cfc705f04ac9bea7225d7","contentHash":"dc4a38898c91d2549d01126422df7b61197609a7b2be336776f85dd60237760b"},"/Users/jefflee/Project/pdf-backend/src/document.js":{"path":"/Users/jefflee/Project/pdf-backend/src/document.js","statementMap":{"0":{"start":{"line":3,"column":0},"end":{"line":5,"column":3}},"1":{"start":{"line":6,"column":0},"end":{"line":6,"column":32}},"2":{"start":{"line":8,"column":19},"end":{"line":8,"column":563}},"3":{"start":{"line":8,"column":76},"end":{"line":8,"column":347}},"4":{"start":{"line":8,"column":89},"end":{"line":8,"column":90}},"5":{"start":{"line":8,"column":134},"end":{"line":8,"column":142}},"6":{"start":{"line":8,"column":144},"end":{"line":8,"column":199}},"7":{"start":{"line":8,"column":200},"end":{"line":8,"column":231}},"8":{"start":{"line":8,"column":232},"end":{"line":8,"column":286}},"9":{"start":{"line":8,"column":259},"end":{"line":8,"column":286}},"10":{"start":{"line":8,"column":287},"end":{"line":8,"column":345}},"11":{"start":{"line":8,"column":350},"end":{"line":8,"column":559}},"12":{"start":{"line":8,"column":407},"end":{"line":8,"column":475}},"13":{"start":{"line":8,"column":423},"end":{"line":8,"column":475}},"14":{"start":{"line":8,"column":476},"end":{"line":8,"column":536}},"15":{"start":{"line":8,"column":493},"end":{"line":8,"column":536}},"16":{"start":{"line":8,"column":537},"end":{"line":8,"column":556}},"17":{"start":{"line":10,"column":14},"end":{"line":10,"column":33}},"18":{"start":{"line":12,"column":13},"end":{"line":12,"column":31}},"19":{"start":{"line":14,"column":13},"end":{"line":14,"column":31}},"20":{"start":{"line":16,"column":14},"end":{"line":16,"column":44}},"21":{"start":{"line":18,"column":14},"end":{"line":18,"column":33}},"22":{"start":{"line":20,"column":15},"end":{"line":20,"column":46}},"23":{"start":{"line":22,"column":39},"end":{"line":22,"column":93}},"24":{"start":{"line":24,"column":50},"end":{"line":24,"column":151}},"25":{"start":{"line":24,"column":92},"end":{"line":24,"column":149}},"26":{"start":{"line":26,"column":18},"end":{"line":72,"column":3}},"27":{"start":{"line":28,"column":8},"end":{"line":28,"column":43}},"28":{"start":{"line":31,"column":4},"end":{"line":69,"column":8}},"29":{"start":{"line":34,"column":12},"end":{"line":34,"column":55}},"30":{"start":{"line":35,"column":12},"end":{"line":35,"column":55}},"31":{"start":{"line":36,"column":12},"end":{"line":36,"column":24}},"32":{"start":{"line":41,"column":12},"end":{"line":46,"column":13}},"33":{"start":{"line":42,"column":32},"end":{"line":42,"column":46}},"34":{"start":{"line":44,"column":16},"end":{"line":44,"column":42}},"35":{"start":{"line":45,"column":16},"end":{"line":45,"column":57}},"36":{"start":{"line":54,"column":31},"end":{"line":54,"column":42}},"37":{"start":{"line":55,"column":24},"end":{"line":55,"column":72}},"38":{"start":{"line":56,"column":12},"end":{"line":67,"column":13}},"39":{"start":{"line":57,"column":16},"end":{"line":57,"column":60}},"40":{"start":{"line":58,"column":28},"end":{"line":58,"column":66}},"41":{"start":{"line":59,"column":38},"end":{"line":59,"column":53}},"42":{"start":{"line":60,"column":16},"end":{"line":64,"column":17}},"43":{"start":{"line":61,"column":20},"end":{"line":61,"column":47}},"44":{"start":{"line":63,"column":20},"end":{"line":63,"column":142}},"45":{"start":{"line":66,"column":16},"end":{"line":66,"column":126}},"46":{"start":{"line":71,"column":4},"end":{"line":71,"column":23}}},"fnMap":{"0":{"name":"(anonymous_0)","decl":{"start":{"line":8,"column":19},"end":{"line":8,"column":20}},"loc":{"start":{"line":8,"column":31},"end":{"line":8,"column":561}},"line":8},"1":{"name":"defineProperties","decl":{"start":{"line":8,"column":42},"end":{"line":8,"column":58}},"loc":{"start":{"line":8,"column":74},"end":{"line":8,"column":349}},"line":8},"2":{"name":"(anonymous_2)","decl":{"start":{"line":8,"column":357},"end":{"line":8,"column":358}},"loc":{"start":{"line":8,"column":405},"end":{"line":8,"column":558}},"line":8},"3":{"name":"_interopRequireDefault","decl":{"start":{"line":22,"column":9},"end":{"line":22,"column":31}},"loc":{"start":{"line":22,"column":37},"end":{"line":22,"column":95}},"line":22},"4":{"name":"_classCallCheck","decl":{"start":{"line":24,"column":9},"end":{"line":24,"column":24}},"loc":{"start":{"line":24,"column":48},"end":{"line":24,"column":153}},"line":24},"5":{"name":"(anonymous_5)","decl":{"start":{"line":26,"column":40},"end":{"line":26,"column":41}},"loc":{"start":{"line":26,"column":52},"end":{"line":72,"column":1}},"line":26},"6":{"name":"PDFDocument","decl":{"start":{"line":27,"column":13},"end":{"line":27,"column":24}},"loc":{"start":{"line":27,"column":27},"end":{"line":29,"column":5}},"line":27},"7":{"name":"loadFromFile","decl":{"start":{"line":33,"column":24},"end":{"line":33,"column":36}},"loc":{"start":{"line":33,"column":43},"end":{"line":37,"column":9}},"line":33},"8":{"name":"load","decl":{"start":{"line":40,"column":24},"end":{"line":40,"column":28}},"loc":{"start":{"line":40,"column":31},"end":{"line":47,"column":9}},"line":40},"9":{"name":"readXref","decl":{"start":{"line":50,"column":24},"end":{"line":50,"column":32}},"loc":{"start":{"line":50,"column":41},"end":{"line":50,"column":43}},"line":50},"10":{"name":"get","decl":{"start":{"line":53,"column":22},"end":{"line":53,"column":25}},"loc":{"start":{"line":53,"column":28},"end":{"line":68,"column":9}},"line":53}},"branchMap":{"0":{"loc":{"start":{"line":8,"column":168},"end":{"line":8,"column":198}},"type":"binary-expr","locations":[{"start":{"line":8,"column":168},"end":{"line":8,"column":189}},{"start":{"line":8,"column":193},"end":{"line":8,"column":198}}],"line":8},"1":{"loc":{"start":{"line":8,"column":232},"end":{"line":8,"column":286}},"type":"if","locations":[{"start":{"line":8,"column":232},"end":{"line":8,"column":286}},{"start":{"line":8,"column":232},"end":{"line":8,"column":286}}],"line":8},"2":{"loc":{"start":{"line":8,"column":407},"end":{"line":8,"column":475}},"type":"if","locations":[{"start":{"line":8,"column":407},"end":{"line":8,"column":475}},{"start":{"line":8,"column":407},"end":{"line":8,"column":475}}],"line":8},"3":{"loc":{"start":{"line":8,"column":476},"end":{"line":8,"column":536}},"type":"if","locations":[{"start":{"line":8,"column":476},"end":{"line":8,"column":536}},{"start":{"line":8,"column":476},"end":{"line":8,"column":536}}],"line":8},"4":{"loc":{"start":{"line":22,"column":46},"end":{"line":22,"column":92}},"type":"cond-expr","locations":[{"start":{"line":22,"column":70},"end":{"line":22,"column":73}},{"start":{"line":22,"column":76},"end":{"line":22,"column":92}}],"line":22},"5":{"loc":{"start":{"line":22,"column":46},"end":{"line":22,"column":67}},"type":"binary-expr","locations":[{"start":{"line":22,"column":46},"end":{"line":22,"column":49}},{"start":{"line":22,"column":53},"end":{"line":22,"column":67}}],"line":22},"6":{"loc":{"start":{"line":24,"column":50},"end":{"line":24,"column":151}},"type":"if","locations":[{"start":{"line":24,"column":50},"end":{"line":24,"column":151}},{"start":{"line":24,"column":50},"end":{"line":24,"column":151}}],"line":24},"7":{"loc":{"start":{"line":56,"column":12},"end":{"line":67,"column":13}},"type":"if","locations":[{"start":{"line":56,"column":12},"end":{"line":67,"column":13}},{"start":{"line":56,"column":12},"end":{"line":67,"column":13}}],"line":56},"8":{"loc":{"start":{"line":60,"column":16},"end":{"line":64,"column":17}},"type":"if","locations":[{"start":{"line":60,"column":16},"end":{"line":64,"column":17}},{"start":{"line":60,"column":16},"end":{"line":64,"column":17}}],"line":60}},"s":{"0":1,"1":1,"2":1,"3":1,"4":1,"5":4,"6":4,"7":4,"8":4,"9":3,"10":4,"11":1,"12":1,"13":1,"14":1,"15":0,"16":1,"17":1,"18":1,"19":1,"20":1,"21":1,"22":1,"23":2,"24":5,"25":0,"26":1,"27":5,"28":1,"29":5,"30":5,"31":5,"32":5,"33":5,"34":2,"35":2,"36":8,"37":8,"38":8,"39":7,"40":7,"41":7,"42":7,"43":6,"44":1,"45":1,"46":1},"f":{"0":1,"1":1,"2":1,"3":2,"4":5,"5":1,"6":5,"7":5,"8":5,"9":0,"10":8},"b":{"0":[4,4],"1":[3,1],"2":[1,0],"3":[0,1],"4":[2,0],"5":[2,2],"6":[0,5],"7":[7,1],"8":[6,1]},"_coverageSchema":"43e27e138ebf9cfc5966b082cf9a028302ed4184","hash":"73a87a6f4f453330625b94d41db7b6a19bc458b9","contentHash":"1cc5ece29ca144d68ec3a5224e482e7271ecfcf7976043e0c7e3e0c724ce9d52"},"/Users/jefflee/Project/pdf-backend/src/lexer.js":{"path":"/Users/jefflee/Project/pdf-backend/src/lexer.js","statementMap":{"0":{"start":{"line":3,"column":0},"end":{"line":5,"column":3}},"1":{"start":{"line":7,"column":19},"end":{"line":7,"column":563}},"2":{"start":{"line":7,"column":76},"end":{"line":7,"column":347}},"3":{"start":{"line":7,"column":89},"end":{"line":7,"column":90}},"4":{"start":{"line":7,"column":134},"end":{"line":7,"column":142}},"5":{"start":{"line":7,"column":144},"end":{"line":7,"column":199}},"6":{"start":{"line":7,"column":200},"end":{"line":7,"column":231}},"7":{"start":{"line":7,"column":232},"end":{"line":7,"column":286}},"8":{"start":{"line":7,"column":259},"end":{"line":7,"column":286}},"9":{"start":{"line":7,"column":287},"end":{"line":7,"column":345}},"10":{"start":{"line":7,"column":350},"end":{"line":7,"column":559}},"11":{"start":{"line":7,"column":407},"end":{"line":7,"column":475}},"12":{"start":{"line":7,"column":423},"end":{"line":7,"column":475}},"13":{"start":{"line":7,"column":476},"end":{"line":7,"column":536}},"14":{"start":{"line":7,"column":493},"end":{"line":7,"column":536}},"15":{"start":{"line":7,"column":537},"end":{"line":7,"column":556}},"16":{"start":{"line":9,"column":14},"end":{"line":9,"column":31}},"17":{"start":{"line":11,"column":15},"end":{"line":11,"column":46}},"18":{"start":{"line":13,"column":14},"end":{"line":13,"column":38}},"19":{"start":{"line":15,"column":15},"end":{"line":15,"column":46}},"20":{"start":{"line":17,"column":14},"end":{"line":17,"column":33}},"21":{"start":{"line":19,"column":14},"end":{"line":19,"column":33}},"22":{"start":{"line":21,"column":15},"end":{"line":21,"column":46}},"23":{"start":{"line":23,"column":39},"end":{"line":23,"column":93}},"24":{"start":{"line":25,"column":50},"end":{"line":25,"column":151}},"25":{"start":{"line":25,"column":92},"end":{"line":25,"column":149}},"26":{"start":{"line":29,"column":19},"end":{"line":45,"column":1}},"27":{"start":{"line":47,"column":12},"end":{"line":801,"column":3}},"28":{"start":{"line":49,"column":8},"end":{"line":49,"column":37}},"29":{"start":{"line":51,"column":8},"end":{"line":51,"column":35}},"30":{"start":{"line":52,"column":8},"end":{"line":57,"column":10}},"31":{"start":{"line":60,"column":4},"end":{"line":798,"column":8}},"32":{"start":{"line":63,"column":12},"end":{"line":63,"column":46}},"33":{"start":{"line":68,"column":12},"end":{"line":68,"column":46}},"34":{"start":{"line":73,"column":12},"end":{"line":73,"column":49}},"35":{"start":{"line":78,"column":12},"end":{"line":78,"column":41}},"36":{"start":{"line":83,"column":12},"end":{"line":83,"column":41}},"37":{"start":{"line":88,"column":12},"end":{"line":88,"column":48}},"38":{"start":{"line":93,"column":12},"end":{"line":93,"column":42}},"39":{"start":{"line":98,"column":24},"end":{"line":98,"column":28}},"40":{"start":{"line":100,"column":23},"end":{"line":100,"column":42}},"41":{"start":{"line":101,"column":21},"end":{"line":101,"column":46}},"42":{"start":{"line":103,"column":22},"end":{"line":103,"column":24}},"43":{"start":{"line":105,"column":12},"end":{"line":107,"column":13}},"44":{"start":{"line":105,"column":28},"end":{"line":105,"column":44}},"45":{"start":{"line":105,"column":60},"end":{"line":105,"column":90}},"46":{"start":{"line":105,"column":99},"end":{"line":105,"column":100}},"47":{"start":{"line":106,"column":16},"end":{"line":106,"column":56}},"48":{"start":{"line":109,"column":12},"end":{"line":118,"column":13}},"49":{"start":{"line":110,"column":16},"end":{"line":112,"column":19}},"50":{"start":{"line":111,"column":20},"end":{"line":111,"column":46}},"51":{"start":{"line":114,"column":16},"end":{"line":117,"column":17}},"52":{"start":{"line":115,"column":31},"end":{"line":115,"column":45}},"53":{"start":{"line":116,"column":20},"end":{"line":116,"column":51}},"54":{"start":{"line":119,"column":12},"end":{"line":126,"column":13}},"55":{"start":{"line":120,"column":25},"end":{"line":120,"column":32}},"56":{"start":{"line":121,"column":28},"end":{"line":121,"column":48}},"57":{"start":{"line":122,"column":16},"end":{"line":125,"column":17}},"58":{"start":{"line":123,"column":20},"end":{"line":123,"column":50}},"59":{"start":{"line":124,"column":20},"end":{"line":124,"column":33}},"60":{"start":{"line":127,"column":12},"end":{"line":127,"column":39}},"61":{"start":{"line":128,"column":12},"end":{"line":128,"column":24}},"62":{"start":{"line":133,"column":23},"end":{"line":133,"column":42}},"63":{"start":{"line":134,"column":21},"end":{"line":134,"column":46}},"64":{"start":{"line":136,"column":23},"end":{"line":136,"column":25}},"65":{"start":{"line":137,"column":12},"end":{"line":143,"column":13}},"66":{"start":{"line":138,"column":16},"end":{"line":138,"column":30}},"67":{"start":{"line":139,"column":16},"end":{"line":139,"column":37}},"68":{"start":{"line":140,"column":16},"end":{"line":142,"column":17}},"69":{"start":{"line":141,"column":20},"end":{"line":141,"column":42}},"70":{"start":{"line":144,"column":12},"end":{"line":144,"column":42}},"71":{"start":{"line":145,"column":12},"end":{"line":147,"column":13}},"72":{"start":{"line":146,"column":16},"end":{"line":146,"column":97}},"73":{"start":{"line":148,"column":12},"end":{"line":148,"column":24}},"74":{"start":{"line":153,"column":23},"end":{"line":153,"column":42}},"75":{"start":{"line":154,"column":21},"end":{"line":154,"column":46}},"76":{"start":{"line":155,"column":12},"end":{"line":170,"column":13}},"77":{"start":{"line":156,"column":16},"end":{"line":156,"column":37}},"78":{"start":{"line":157,"column":16},"end":{"line":163,"column":17}},"79":{"start":{"line":158,"column":20},"end":{"line":158,"column":50}},"80":{"start":{"line":159,"column":20},"end":{"line":159,"column":54}},"81":{"start":{"line":161,"column":20},"end":{"line":161,"column":50}},"82":{"start":{"line":162,"column":20},"end":{"line":162,"column":54}},"83":{"start":{"line":164,"column":19},"end":{"line":170,"column":13}},"84":{"start":{"line":165,"column":16},"end":{"line":165,"column":46}},"85":{"start":{"line":166,"column":16},"end":{"line":166,"column":50}},"86":{"start":{"line":168,"column":16},"end":{"line":168,"column":43}},"87":{"start":{"line":169,"column":16},"end":{"line":169,"column":28}},"88":{"start":{"line":175,"column":23},"end":{"line":175,"column":42}},"89":{"start":{"line":176,"column":21},"end":{"line":176,"column":46}},"90":{"start":{"line":178,"column":12},"end":{"line":180,"column":13}},"91":{"start":{"line":179,"column":16},"end":{"line":179,"column":37}},"92":{"start":{"line":182,"column":25},"end":{"line":182,"column":79}},"93":{"start":{"line":183,"column":22},"end":{"line":183,"column":23}},"94":{"start":{"line":184,"column":12},"end":{"line":195,"column":13}},"95":{"start":{"line":185,"column":16},"end":{"line":188,"column":17}},"96":{"start":{"line":186,"column":20},"end":{"line":186,"column":47}},"97":{"start":{"line":187,"column":20},"end":{"line":187,"column":32}},"98":{"start":{"line":189,"column":16},"end":{"line":192,"column":17}},"99":{"start":{"line":190,"column":20},"end":{"line":190,"column":50}},"100":{"start":{"line":191,"column":20},"end":{"line":191,"column":51}},"101":{"start":{"line":193,"column":16},"end":{"line":193,"column":37}},"102":{"start":{"line":194,"column":16},"end":{"line":194,"column":22}},"103":{"start":{"line":200,"column":23},"end":{"line":200,"column":42}},"104":{"start":{"line":201,"column":21},"end":{"line":201,"column":46}},"105":{"start":{"line":203,"column":12},"end":{"line":205,"column":13}},"106":{"start":{"line":204,"column":16},"end":{"line":204,"column":37}},"107":{"start":{"line":207,"column":24},"end":{"line":207,"column":47}},"108":{"start":{"line":209,"column":12},"end":{"line":215,"column":13}},"109":{"start":{"line":210,"column":16},"end":{"line":210,"column":46}},"110":{"start":{"line":211,"column":16},"end":{"line":211,"column":49}},"111":{"start":{"line":213,"column":16},"end":{"line":213,"column":43}},"112":{"start":{"line":214,"column":16},"end":{"line":214,"column":28}},"113":{"start":{"line":220,"column":23},"end":{"line":220,"column":42}},"114":{"start":{"line":221,"column":21},"end":{"line":221,"column":46}},"115":{"start":{"line":223,"column":12},"end":{"line":225,"column":13}},"116":{"start":{"line":224,"column":16},"end":{"line":224,"column":37}},"117":{"start":{"line":227,"column":26},"end":{"line":233,"column":14}},"118":{"start":{"line":235,"column":12},"end":{"line":242,"column":13}},"119":{"start":{"line":236,"column":29},"end":{"line":236,"column":39}},"120":{"start":{"line":237,"column":28},"end":{"line":237,"column":55}},"121":{"start":{"line":238,"column":16},"end":{"line":241,"column":17}},"122":{"start":{"line":239,"column":20},"end":{"line":239,"column":50}},"123":{"start":{"line":240,"column":20},"end":{"line":240,"column":40}},"124":{"start":{"line":244,"column":12},"end":{"line":244,"column":39}},"125":{"start":{"line":245,"column":12},"end":{"line":245,"column":24}},"126":{"start":{"line":250,"column":23},"end":{"line":250,"column":42}},"127":{"start":{"line":251,"column":21},"end":{"line":251,"column":46}},"128":{"start":{"line":253,"column":12},"end":{"line":255,"column":13}},"129":{"start":{"line":254,"column":16},"end":{"line":254,"column":37}},"130":{"start":{"line":257,"column":23},"end":{"line":257,"column":24}},"131":{"start":{"line":258,"column":12},"end":{"line":266,"column":13}},"132":{"start":{"line":260,"column":16},"end":{"line":260,"column":26}},"133":{"start":{"line":261,"column":16},"end":{"line":261,"column":37}},"134":{"start":{"line":262,"column":19},"end":{"line":266,"column":13}},"135":{"start":{"line":264,"column":16},"end":{"line":264,"column":25}},"136":{"start":{"line":265,"column":16},"end":{"line":265,"column":37}},"137":{"start":{"line":269,"column":12},"end":{"line":273,"column":13}},"138":{"start":{"line":271,"column":16},"end":{"line":271,"column":43}},"139":{"start":{"line":272,"column":16},"end":{"line":272,"column":28}},"140":{"start":{"line":275,"column":23},"end":{"line":275,"column":25}},"141":{"start":{"line":276,"column":23},"end":{"line":276,"column":25}},"142":{"start":{"line":277,"column":31},"end":{"line":277,"column":35}},"143":{"start":{"line":278,"column":12},"end":{"line":320,"column":13}},"144":{"start":{"line":279,"column":16},"end":{"line":290,"column":17}},"145":{"start":{"line":281,"column":20},"end":{"line":281,"column":41}},"146":{"start":{"line":282,"column":20},"end":{"line":282,"column":41}},"147":{"start":{"line":283,"column":20},"end":{"line":283,"column":29}},"148":{"start":{"line":284,"column":23},"end":{"line":290,"column":17}},"149":{"start":{"line":285,"column":20},"end":{"line":289,"column":21}},"150":{"start":{"line":286,"column":24},"end":{"line":286,"column":38}},"151":{"start":{"line":288,"column":24},"end":{"line":288,"column":38}},"152":{"start":{"line":292,"column":16},"end":{"line":317,"column":17}},"153":{"start":{"line":293,"column":20},"end":{"line":295,"column":21}},"154":{"start":{"line":294,"column":24},"end":{"line":294,"column":46}},"155":{"start":{"line":296,"column":20},"end":{"line":316,"column":21}},"156":{"start":{"line":297,"column":24},"end":{"line":299,"column":27}},"157":{"start":{"line":298,"column":28},"end":{"line":298,"column":58}},"158":{"start":{"line":300,"column":24},"end":{"line":302,"column":27}},"159":{"start":{"line":301,"column":28},"end":{"line":301,"column":58}},"160":{"start":{"line":303,"column":38},"end":{"line":303,"column":99}},"161":{"start":{"line":304,"column":24},"end":{"line":304,"column":54}},"162":{"start":{"line":305,"column":24},"end":{"line":305,"column":79}},"163":{"start":{"line":306,"column":27},"end":{"line":316,"column":21}},"164":{"start":{"line":307,"column":24},"end":{"line":309,"column":27}},"165":{"start":{"line":308,"column":28},"end":{"line":308,"column":58}},"166":{"start":{"line":310,"column":24},"end":{"line":312,"column":27}},"167":{"start":{"line":311,"column":28},"end":{"line":311,"column":58}},"168":{"start":{"line":313,"column":39},"end":{"line":313,"column":59}},"169":{"start":{"line":314,"column":24},"end":{"line":314,"column":54}},"170":{"start":{"line":315,"column":24},"end":{"line":315,"column":80}},"171":{"start":{"line":319,"column":16},"end":{"line":319,"column":37}},"172":{"start":{"line":325,"column":23},"end":{"line":325,"column":42}},"173":{"start":{"line":326,"column":21},"end":{"line":326,"column":46}},"174":{"start":{"line":328,"column":12},"end":{"line":330,"column":13}},"175":{"start":{"line":329,"column":16},"end":{"line":329,"column":37}},"176":{"start":{"line":332,"column":12},"end":{"line":356,"column":13}},"177":{"start":{"line":333,"column":26},"end":{"line":333,"column":41}},"178":{"start":{"line":334,"column":26},"end":{"line":334,"column":41}},"179":{"start":{"line":335,"column":26},"end":{"line":335,"column":41}},"180":{"start":{"line":336,"column":16},"end":{"line":352,"column":17}},"181":{"start":{"line":337,"column":20},"end":{"line":348,"column":21}},"182":{"start":{"line":338,"column":24},"end":{"line":338,"column":46}},"183":{"start":{"line":339,"column":34},"end":{"line":339,"column":49}},"184":{"start":{"line":340,"column":34},"end":{"line":340,"column":50}},"185":{"start":{"line":341,"column":35},"end":{"line":341,"column":95}},"186":{"start":{"line":342,"column":24},"end":{"line":342,"column":97}},"187":{"start":{"line":344,"column":35},"end":{"line":344,"column":45}},"188":{"start":{"line":345,"column":35},"end":{"line":345,"column":52}},"189":{"start":{"line":346,"column":36},"end":{"line":346,"column":97}},"190":{"start":{"line":347,"column":24},"end":{"line":347,"column":98}},"191":{"start":{"line":350,"column":20},"end":{"line":350,"column":47}},"192":{"start":{"line":351,"column":20},"end":{"line":351,"column":32}},"193":{"start":{"line":354,"column":16},"end":{"line":354,"column":43}},"194":{"start":{"line":355,"column":16},"end":{"line":355,"column":28}},"195":{"start":{"line":361,"column":23},"end":{"line":361,"column":42}},"196":{"start":{"line":362,"column":21},"end":{"line":362,"column":46}},"197":{"start":{"line":364,"column":12},"end":{"line":366,"column":13}},"198":{"start":{"line":365,"column":16},"end":{"line":365,"column":37}},"199":{"start":{"line":368,"column":29},"end":{"line":368,"column":53}},"200":{"start":{"line":369,"column":12},"end":{"line":372,"column":13}},"201":{"start":{"line":370,"column":16},"end":{"line":370,"column":43}},"202":{"start":{"line":371,"column":16},"end":{"line":371,"column":28}},"203":{"start":{"line":374,"column":31},"end":{"line":374,"column":33}},"204":{"start":{"line":375,"column":27},"end":{"line":375,"column":28}},"205":{"start":{"line":377,"column":12},"end":{"line":436,"column":13}},"206":{"start":{"line":378,"column":16},"end":{"line":378,"column":37}},"207":{"start":{"line":380,"column":16},"end":{"line":435,"column":17}},"208":{"start":{"line":381,"column":20},"end":{"line":381,"column":50}},"209":{"start":{"line":382,"column":20},"end":{"line":382,"column":72}},"210":{"start":{"line":384,"column":20},"end":{"line":390,"column":21}},"211":{"start":{"line":386,"column":24},"end":{"line":386,"column":35}},"212":{"start":{"line":387,"column":27},"end":{"line":390,"column":21}},"213":{"start":{"line":389,"column":24},"end":{"line":389,"column":35}},"214":{"start":{"line":392,"column":36},"end":{"line":392,"column":53}},"215":{"start":{"line":393,"column":20},"end":{"line":434,"column":21}},"216":{"start":{"line":394,"column":24},"end":{"line":394,"column":57}},"217":{"start":{"line":395,"column":27},"end":{"line":434,"column":21}},"218":{"start":{"line":397,"column":24},"end":{"line":397,"column":45}},"219":{"start":{"line":398,"column":24},"end":{"line":431,"column":25}},"220":{"start":{"line":400,"column":32},"end":{"line":400,"column":59}},"221":{"start":{"line":401,"column":32},"end":{"line":401,"column":38}},"222":{"start":{"line":403,"column":32},"end":{"line":403,"column":59}},"223":{"start":{"line":404,"column":32},"end":{"line":407,"column":33}},"224":{"start":{"line":405,"column":36},"end":{"line":405,"column":57}},"225":{"start":{"line":406,"column":36},"end":{"line":406,"column":63}},"226":{"start":{"line":408,"column":32},"end":{"line":408,"column":38}},"227":{"start":{"line":410,"column":32},"end":{"line":410,"column":59}},"228":{"start":{"line":411,"column":32},"end":{"line":411,"column":38}},"229":{"start":{"line":413,"column":32},"end":{"line":413,"column":59}},"230":{"start":{"line":414,"column":32},"end":{"line":414,"column":38}},"231":{"start":{"line":416,"column":32},"end":{"line":416,"column":59}},"232":{"start":{"line":417,"column":32},"end":{"line":417,"column":38}},"233":{"start":{"line":419,"column":32},"end":{"line":419,"column":59}},"234":{"start":{"line":420,"column":32},"end":{"line":420,"column":38}},"235":{"start":{"line":422,"column":32},"end":{"line":422,"column":59}},"236":{"start":{"line":423,"column":32},"end":{"line":423,"column":38}},"237":{"start":{"line":425,"column":32},"end":{"line":425,"column":58}},"238":{"start":{"line":426,"column":32},"end":{"line":426,"column":38}},"239":{"start":{"line":428,"column":32},"end":{"line":428,"column":62}},"240":{"start":{"line":429,"column":32},"end":{"line":429,"column":38}},"241":{"start":{"line":433,"column":24},"end":{"line":433,"column":67}},"242":{"start":{"line":441,"column":25},"end":{"line":441,"column":63}},"243":{"start":{"line":442,"column":12},"end":{"line":446,"column":13}},"244":{"start":{"line":443,"column":16},"end":{"line":443,"column":64}},"245":{"start":{"line":445,"column":16},"end":{"line":445,"column":28}},"246":{"start":{"line":451,"column":25},"end":{"line":451,"column":63}},"247":{"start":{"line":452,"column":12},"end":{"line":462,"column":13}},"248":{"start":{"line":453,"column":26},"end":{"line":453,"column":32}},"249":{"start":{"line":454,"column":16},"end":{"line":458,"column":17}},"250":{"start":{"line":455,"column":20},"end":{"line":455,"column":43}},"251":{"start":{"line":457,"column":20},"end":{"line":457,"column":37}},"252":{"start":{"line":459,"column":16},"end":{"line":459,"column":61}},"253":{"start":{"line":461,"column":16},"end":{"line":461,"column":28}},"254":{"start":{"line":467,"column":23},"end":{"line":467,"column":42}},"255":{"start":{"line":468,"column":21},"end":{"line":468,"column":46}},"256":{"start":{"line":470,"column":12},"end":{"line":472,"column":13}},"257":{"start":{"line":471,"column":16},"end":{"line":471,"column":37}},"258":{"start":{"line":474,"column":26},"end":{"line":474,"column":46}},"259":{"start":{"line":475,"column":12},"end":{"line":478,"column":13}},"260":{"start":{"line":476,"column":16},"end":{"line":476,"column":43}},"261":{"start":{"line":477,"column":16},"end":{"line":477,"column":28}},"262":{"start":{"line":480,"column":26},"end":{"line":480,"column":28}},"263":{"start":{"line":481,"column":12},"end":{"line":507,"column":13}},"264":{"start":{"line":482,"column":16},"end":{"line":482,"column":37}},"265":{"start":{"line":484,"column":16},"end":{"line":493,"column":17}},"266":{"start":{"line":485,"column":20},"end":{"line":492,"column":21}},"267":{"start":{"line":486,"column":24},"end":{"line":486,"column":46}},"268":{"start":{"line":487,"column":24},"end":{"line":487,"column":54}},"269":{"start":{"line":488,"column":24},"end":{"line":488,"column":69}},"270":{"start":{"line":490,"column":24},"end":{"line":490,"column":51}},"271":{"start":{"line":491,"column":24},"end":{"line":491,"column":36}},"272":{"start":{"line":495,"column":16},"end":{"line":506,"column":17}},"273":{"start":{"line":497,"column":33},"end":{"line":497,"column":35}},"274":{"start":{"line":498,"column":20},"end":{"line":498,"column":41}},"275":{"start":{"line":499,"column":20},"end":{"line":499,"column":36}},"276":{"start":{"line":500,"column":20},"end":{"line":500,"column":41}},"277":{"start":{"line":501,"column":20},"end":{"line":501,"column":36}},"278":{"start":{"line":502,"column":33},"end":{"line":502,"column":99}},"279":{"start":{"line":503,"column":20},"end":{"line":503,"column":70}},"280":{"start":{"line":505,"column":20},"end":{"line":505,"column":58}},"281":{"start":{"line":512,"column":23},"end":{"line":512,"column":42}},"282":{"start":{"line":513,"column":21},"end":{"line":513,"column":46}},"283":{"start":{"line":515,"column":12},"end":{"line":517,"column":13}},"284":{"start":{"line":516,"column":16},"end":{"line":516,"column":37}},"285":{"start":{"line":519,"column":22},"end":{"line":519,"column":129}},"286":{"start":{"line":520,"column":12},"end":{"line":527,"column":13}},"287":{"start":{"line":521,"column":25},"end":{"line":521,"column":31}},"288":{"start":{"line":522,"column":28},"end":{"line":522,"column":48}},"289":{"start":{"line":523,"column":16},"end":{"line":526,"column":17}},"290":{"start":{"line":524,"column":20},"end":{"line":524,"column":50}},"291":{"start":{"line":525,"column":20},"end":{"line":525,"column":33}},"292":{"start":{"line":528,"column":12},"end":{"line":528,"column":39}},"293":{"start":{"line":529,"column":12},"end":{"line":529,"column":24}},"294":{"start":{"line":534,"column":23},"end":{"line":534,"column":42}},"295":{"start":{"line":535,"column":21},"end":{"line":535,"column":46}},"296":{"start":{"line":537,"column":12},"end":{"line":539,"column":13}},"297":{"start":{"line":538,"column":16},"end":{"line":538,"column":37}},"298":{"start":{"line":541,"column":27},"end":{"line":541,"column":47}},"299":{"start":{"line":542,"column":12},"end":{"line":545,"column":13}},"300":{"start":{"line":543,"column":16},"end":{"line":543,"column":43}},"301":{"start":{"line":544,"column":16},"end":{"line":544,"column":28}},"302":{"start":{"line":548,"column":12},"end":{"line":548,"column":33}},"303":{"start":{"line":549,"column":25},"end":{"line":549,"column":27}},"304":{"start":{"line":550,"column":12},"end":{"line":569,"column":13}},"305":{"start":{"line":551,"column":16},"end":{"line":554,"column":17}},"306":{"start":{"line":552,"column":20},"end":{"line":552,"column":47}},"307":{"start":{"line":553,"column":20},"end":{"line":553,"column":32}},"308":{"start":{"line":556,"column":29},"end":{"line":556,"column":49}},"309":{"start":{"line":557,"column":16},"end":{"line":560,"column":17}},"310":{"start":{"line":558,"column":20},"end":{"line":558,"column":50}},"311":{"start":{"line":559,"column":20},"end":{"line":559,"column":56}},"312":{"start":{"line":562,"column":32},"end":{"line":562,"column":56}},"313":{"start":{"line":563,"column":16},"end":{"line":567,"column":17}},"314":{"start":{"line":564,"column":20},"end":{"line":564,"column":83}},"315":{"start":{"line":566,"column":20},"end":{"line":566,"column":43}},"316":{"start":{"line":568,"column":16},"end":{"line":568,"column":37}},"317":{"start":{"line":574,"column":23},"end":{"line":574,"column":42}},"318":{"start":{"line":575,"column":21},"end":{"line":575,"column":46}},"319":{"start":{"line":577,"column":12},"end":{"line":579,"column":13}},"320":{"start":{"line":578,"column":16},"end":{"line":578,"column":37}},"321":{"start":{"line":581,"column":22},"end":{"line":581,"column":129}},"322":{"start":{"line":582,"column":12},"end":{"line":589,"column":13}},"323":{"start":{"line":583,"column":25},"end":{"line":583,"column":31}},"324":{"start":{"line":584,"column":28},"end":{"line":584,"column":48}},"325":{"start":{"line":585,"column":16},"end":{"line":588,"column":17}},"326":{"start":{"line":586,"column":20},"end":{"line":586,"column":50}},"327":{"start":{"line":587,"column":20},"end":{"line":587,"column":33}},"328":{"start":{"line":590,"column":12},"end":{"line":590,"column":39}},"329":{"start":{"line":591,"column":12},"end":{"line":591,"column":24}},"330":{"start":{"line":596,"column":23},"end":{"line":596,"column":42}},"331":{"start":{"line":597,"column":21},"end":{"line":597,"column":46}},"332":{"start":{"line":599,"column":12},"end":{"line":601,"column":13}},"333":{"start":{"line":600,"column":16},"end":{"line":600,"column":37}},"334":{"start":{"line":603,"column":23},"end":{"line":603,"column":39}},"335":{"start":{"line":604,"column":12},"end":{"line":608,"column":13}},"336":{"start":{"line":605,"column":16},"end":{"line":605,"column":65}},"337":{"start":{"line":606,"column":16},"end":{"line":606,"column":43}},"338":{"start":{"line":607,"column":16},"end":{"line":607,"column":28}},"339":{"start":{"line":610,"column":12},"end":{"line":612,"column":13}},"340":{"start":{"line":611,"column":16},"end":{"line":611,"column":37}},"341":{"start":{"line":614,"column":24},"end":{"line":614,"column":45}},"342":{"start":{"line":615,"column":12},"end":{"line":619,"column":13}},"343":{"start":{"line":616,"column":16},"end":{"line":616,"column":66}},"344":{"start":{"line":617,"column":16},"end":{"line":617,"column":43}},"345":{"start":{"line":618,"column":16},"end":{"line":618,"column":28}},"346":{"start":{"line":621,"column":12},"end":{"line":621,"column":42}},"347":{"start":{"line":622,"column":12},"end":{"line":625,"column":15}},"348":{"start":{"line":630,"column":23},"end":{"line":630,"column":42}},"349":{"start":{"line":631,"column":21},"end":{"line":631,"column":46}},"350":{"start":{"line":633,"column":12},"end":{"line":635,"column":13}},"351":{"start":{"line":634,"column":16},"end":{"line":634,"column":37}},"352":{"start":{"line":637,"column":27},"end":{"line":637,"column":48}},"353":{"start":{"line":638,"column":12},"end":{"line":641,"column":13}},"354":{"start":{"line":639,"column":16},"end":{"line":639,"column":43}},"355":{"start":{"line":640,"column":16},"end":{"line":640,"column":28}},"356":{"start":{"line":643,"column":26},"end":{"line":643,"column":28}},"357":{"start":{"line":644,"column":12},"end":{"line":659,"column":13}},"358":{"start":{"line":645,"column":16},"end":{"line":645,"column":37}},"359":{"start":{"line":647,"column":29},"end":{"line":647,"column":50}},"360":{"start":{"line":648,"column":16},"end":{"line":651,"column":17}},"361":{"start":{"line":649,"column":20},"end":{"line":649,"column":50}},"362":{"start":{"line":650,"column":20},"end":{"line":650,"column":56}},"363":{"start":{"line":653,"column":28},"end":{"line":653,"column":49}},"364":{
[...]
anonymous_6)","decl":{"start":{"line":15,"column":36},"end":{"line":15,"column":37}},"loc":{"start":{"line":15,"column":48},"end":{"line":30,"column":1}},"line":15},"7":{"name":"PDFObject","decl":{"start":{"line":16,"column":13},"end":{"line":16,"column":22}},"loc":{"start":{"line":16,"column":28},"end":{"line":20,"column":5}},"line":16},"8":{"name":"toJson","decl":{"start":{"line":24,"column":24},"end":{"line":24,"column":30}},"loc":{"start":{"line":24,"column":33},"end":{"line":26,"column":9}},"line":24},"9":{"name":"(anonymous_9)","decl":{"start":{"line":32,"column":34},"end":{"line":32,"column":35}},"loc":{"start":{"line":32,"column":56},"end":{"line":42,"column":1}},"line":32},"10":{"name":"PDFSpace","decl":{"start":{"line":35,"column":13},"end":{"line":35,"column":21}},"loc":{"start":{"line":35,"column":27},"end":{"line":39,"column":5}},"line":35},"11":{"name":"(anonymous_11)","decl":{"start":{"line":44,"column":42},"end":{"line":44,"column":43}},"loc":{"start":{"line":44,"column":65},"end":{"line":54,"column":1}},"line":44},"12":{"name":"PDFLineBreak","decl":{"start":{"line":47,"column":13},"end":{"line":47,"column":25}},"loc":{"start":{"line":47,"column":31},"end":{"line":51,"column":5}},"line":47},"13":{"name":"(anonymous_13)","decl":{"start":{"line":56,"column":32},"end":{"line":56,"column":33}},"loc":{"start":{"line":56,"column":55},"end":{"line":66,"column":1}},"line":56},"14":{"name":"PDFNull","decl":{"start":{"line":59,"column":13},"end":{"line":59,"column":20}},"loc":{"start":{"line":59,"column":26},"end":{"line":63,"column":5}},"line":59},"15":{"name":"(anonymous_15)","decl":{"start":{"line":68,"column":38},"end":{"line":68,"column":39}},"loc":{"start":{"line":68,"column":61},"end":{"line":78,"column":1}},"line":68},"16":{"name":"PDFBoolean","decl":{"start":{"line":71,"column":13},"end":{"line":71,"column":23}},"loc":{"start":{"line":71,"column":29},"end":{"line":75,"column":5}},"line":71},"17":{"name":"(anonymous_17)","decl":{"start":{"line":80,"column":32},"end":{"line":80,"column":33}},"loc":{"start":{"line":80,"column":55},"end":{"line":90,"column":1}},"line":80},"18":{"name":"PDFReal","decl":{"start":{"line":83,"column":13},"end":{"line":83,"column":20}},"loc":{"start":{"line":83,"column":26},"end":{"line":87,"column":5}},"line":83},"19":{"name":"(anonymous_19)","decl":{"start":{"line":92,"column":30},"end":{"line":92,"column":31}},"loc":{"start":{"line":92,"column":53},"end":{"line":102,"column":1}},"line":92},"20":{"name":"PDFCmd","decl":{"start":{"line":95,"column":13},"end":{"line":95,"column":19}},"loc":{"start":{"line":95,"column":25},"end":{"line":99,"column":5}},"line":95},"21":{"name":"(anonymous_21)","decl":{"start":{"line":104,"column":44},"end":{"line":104,"column":45}},"loc":{"start":{"line":104,"column":67},"end":{"line":114,"column":1}},"line":104},"22":{"name":"PDFOctalBytes","decl":{"start":{"line":107,"column":13},"end":{"line":107,"column":26}},"loc":{"start":{"line":107,"column":32},"end":{"line":111,"column":5}},"line":107},"23":{"name":"(anonymous_23)","decl":{"start":{"line":116,"column":36},"end":{"line":116,"column":37}},"loc":{"start":{"line":116,"column":59},"end":{"line":126,"column":1}},"line":116},"24":{"name":"PDFString","decl":{"start":{"line":119,"column":13},"end":{"line":119,"column":22}},"loc":{"start":{"line":119,"column":28},"end":{"line":123,"column":5}},"line":119},"25":{"name":"(anonymous_25)","decl":{"start":{"line":128,"column":50},"end":{"line":128,"column":51}},"loc":{"start":{"line":128,"column":73},"end":{"line":138,"column":1}},"line":128},"26":{"name":"PDFLiteralString","decl":{"start":{"line":131,"column":13},"end":{"line":131,"column":29}},"loc":{"start":{"line":131,"column":35},"end":{"line":135,"column":5}},"line":131},"27":{"name":"(anonymous_27)","decl":{"start":{"line":140,"column":58},"end":{"line":140,"column":59}},"loc":{"start":{"line":140,"column":82},"end":{"line":150,"column":1}},"line":140},"28":{"name":"PDFHexadecimalString","decl":{"start":{"line":143,"column":13},"end":{"line":143,"column":33}},"loc":{"start":{"line":143,"column":39},"end":{"line":147,"column":5}},"line":143},"29":{"name":"(anonymous_29)","decl":{"start":{"line":152,"column":32},"end":{"line":152,"column":33}},"loc":{"start":{"line":152,"column":56},"end":{"line":162,"column":1}},"line":152},"30":{"name":"PDFName","decl":{"start":{"line":155,"column":13},"end":{"line":155,"column":20}},"loc":{"start":{"line":155,"column":26},"end":{"line":159,"column":5}},"line":155},"31":{"name":"(anonymous_31)","decl":{"start":{"line":164,"column":34},"end":{"line":164,"column":35}},"loc":{"start":{"line":164,"column":58},"end":{"line":185,"column":1}},"line":164},"32":{"name":"PDFArray","decl":{"start":{"line":167,"column":13},"end":{"line":167,"column":21}},"loc":{"start":{"line":167,"column":27},"end":{"line":171,"column":5}},"line":167},"33":{"name":"toJson","decl":{"start":{"line":175,"column":24},"end":{"line":175,"column":30}},"loc":{"start":{"line":175,"column":33},"end":{"line":181,"column":9}},"line":175},"34":{"name":"(anonymous_34)","decl":{"start":{"line":187,"column":42},"end":{"line":187,"column":43}},"loc":{"start":{"line":187,"column":66},"end":{"line":217,"column":1}},"line":187},"35":{"name":"PDFDictEntry","decl":{"start":{"line":190,"column":13},"end":{"line":190,"column":25}},"loc":{"start":{"line":190,"column":31},"end":{"line":194,"column":5}},"line":190},"36":{"name":"toJson","decl":{"start":{"line":198,"column":24},"end":{"line":198,"column":30}},"loc":{"start":{"line":198,"column":33},"end":{"line":203,"column":9}},"line":198},"37":{"name":"get","decl":{"start":{"line":206,"column":22},"end":{"line":206,"column":25}},"loc":{"start":{"line":206,"column":28},"end":{"line":208,"column":9}},"line":206},"38":{"name":"get","decl":{"start":{"line":211,"column":22},"end":{"line":211,"column":25}},"loc":{"start":{"line":211,"column":28},"end":{"line":213,"column":9}},"line":211},"39":{"name":"(anonymous_39)","decl":{"start":{"line":219,"column":32},"end":{"line":219,"column":33}},"loc":{"start":{"line":219,"column":56},"end":{"line":242,"column":1}},"line":219},"40":{"name":"PDFDict","decl":{"start":{"line":222,"column":13},"end":{"line":222,"column":20}},"loc":{"start":{"line":222,"column":26},"end":{"line":226,"column":5}},"line":222},"41":{"name":"toJson","decl":{"start":{"line":230,"column":24},"end":{"line":230,"column":30}},"loc":{"start":{"line":230,"column":33},"end":{"line":238,"column":9}},"line":230},"42":{"name":"(anonymous_42)","decl":{"start":{"line":244,"column":36},"end":{"line":244,"column":37}},"loc":{"start":{"line":244,"column":60},"end":{"line":254,"column":1}},"line":244},"43":{"name":"PDFStream","decl":{"start":{"line":247,"column":13},"end":{"line":247,"column":22}},"loc":{"start":{"line":247,"column":28},"end":{"line":251,"column":5}},"line":247},"44":{"name":"(anonymous_44)","decl":{"start":{"line":256,"column":68},"end":{"line":256,"column":69}},"loc":{"start":{"line":256,"column":92},"end":{"line":286,"column":1}},"line":256},"45":{"name":"PDFXRefTableSectionHeader","decl":{"start":{"line":259,"column":13},"end":{"line":259,"column":38}},"loc":{"start":{"line":259,"column":44},"end":{"line":263,"column":5}},"line":259},"46":{"name":"toJson","decl":{"start":{"line":267,"column":24},"end":{"line":267,"column":30}},"loc":{"start":{"line":267,"column":33},"end":{"line":272,"column":9}},"line":267},"47":{"name":"get","decl":{"start":{"line":275,"column":22},"end":{"line":275,"column":25}},"loc":{"start":{"line":275,"column":28},"end":{"line":277,"column":9}},"line":275},"48":{"name":"get","decl":{"start":{"line":280,"column":22},"end":{"line":280,"column":25}},"loc":{"start":{"line":280,"column":28},"end":{"line":282,"column":9}},"line":280},"49":{"name":"(anonymous_49)","decl":{"start":{"line":288,"column":66},"end":{"line":288,"column":67}},"loc":{"start":{"line":288,"column":90},"end":{"line":324,"column":1}},"line":288},"50":{"name":"PDFXRefTableSectionEntry","decl":{"start":{"line":291,"column":13},"end":{"line":291,"column":37}},"loc":{"start":{"line":291,"column":43},"end":{"line":295,"column":5}},"line":291},"51":{"name":"toJson","decl":{"start":{"line":299,"column":24},"end":{"line":299,"column":30}},"loc":{"start":{"line":299,"column":33},"end":{"line":305,"column":9}},"line":299},"52":{"name":"get","decl":{"start":{"line":308,"column":22},"end":{"line":308,"column":25}},"loc":{"start":{"line":308,"column":28},"end":{"line":310,"column":9}},"line":308},"53":{"name":"get","decl":{"start":{"line":313,"column":22},"end":{"line":313,"column":25}},"loc":{"start":{"line":313,"column":28},"end":{"line":315,"column":9}},"line":313},"54":{"name":"get","decl":{"start":{"line":318,"column":22},"end":{"line":318,"column":25}},"loc":{"start":{"line":318,"column":28},"end":{"line":320,"column":9}},"line":318}},"branchMap":{"0":{"loc":{"start":{"line":7,"column":168},"end":{"line":7,"column":198}},"type":"binary-expr","locations":[{"start":{"line":7,"column":168},"end":{"line":7,"column":189}},{"start":{"line":7,"column":193},"end":{"line":7,"column":198}}],"line":7},"1":{"loc":{"start":{"line":7,"column":232},"end":{"line":7,"column":286}},"type":"if","locations":[{"start":{"line":7,"column":232},"end":{"line":7,"column":286}},{"start":{"line":7,"column":232},"end":{"line":7,"column":286}}],"line":7},"2":{"loc":{"start":{"line":7,"column":407},"end":{"line":7,"column":475}},"type":"if","locations":[{"start":{"line":7,"column":407},"end":{"line":7,"column":475}},{"start":{"line":7,"column":407},"end":{"line":7,"column":475}}],"line":7},"3":{"loc":{"start":{"line":7,"column":476},"end":{"line":7,"column":536}},"type":"if","locations":[{"start":{"line":7,"column":476},"end":{"line":7,"column":536}},{"start":{"line":7,"column":476},"end":{"line":7,"column":536}}],"line":7},"4":{"loc":{"start":{"line":9,"column":50},"end":{"line":9,"column":151}},"type":"if","locations":[{"start":{"line":9,"column":50},"end":{"line":9,"column":151}},{"start":{"line":9,"column":50},"end":{"line":9,"column":151}}],"line":9},"5":{"loc":{"start":{"line":9,"column":159},"end":{"line":9,"column":237}},"type":"cond-expr","locations":[{"start":{"line":9,"column":226},"end":{"line":9,"column":230}},{"start":{"line":9,"column":233},"end":{"line":9,"column":237}}],"line":9},"6":{"loc":{"start":{"line":9,"column":159},"end":{"line":9,"column":223}},"type":"binary-expr","locations":[{"start":{"line":9,"column":159},"end":{"line":9,"column":163}},{"start":{"line":9,"column":168},"end":{"line":9,"column":192}},{"start":{"line":9,"column":196},"end":{"line":9,"column":222}}],"line":9},"7":{"loc":{"start":{"line":11,"column":43},"end":{"line":11,"column":208}},"type":"if","locations":[{"start":{"line":11,"column":43},"end":{"line":11,"column":208}},{"start":{"line":11,"column":43},"end":{"line":11,"column":208}}],"line":11},"8":{"loc":{"start":{"line":11,"column":47},"end":{"line":11,"column":102}},"type":"binary-expr","locations":[{"start":{"line":11,"column":47},"end":{"line":11,"column":79}},{"start":{"line":11,"column":83},"end":{"line":11,"column":102}}],"line":11},"9":{"loc":{"start":{"line":11,"column":244},"end":{"line":11,"column":278}},"type":"binary-expr","locations":[{"start":{"line":11,"column":244},"end":{"line":11,"column":254}},{"start":{"line":11,"column":258},"end":{"line":11,"column":278}}],"line":11},"10":{"loc":{"start":{"line":11,"column":374},"end":{"line":11,"column":492}},"type":"if","locations":[{"start":{"line":11,"column":374},"end":{"line":11,"column":492}},{"start":{"line":11,"column":374},"end":{"line":11,"column":492}}],"line":11},"11":{"loc":{"start":{"line":11,"column":390},"end":{"line":11,"column":491}},"type":"cond-expr","locations":[{"start":{"line":11,"column":414},"end":{"line":11,"column":457}},{"start":{"line":11,"column":460},"end":{"line":11,"column":491}}],"line":11},"12":{"loc":{"start":{"line":13,"column":50},"end":{"line":13,"column":151}},"type":"if","locations":[{"start":{"line":13,"column":50},"end":{"line":13,"column":151}},{"start":{"line":13,"column":50},"end":{"line":13,"column":151}}],"line":13},"13":{"loc":{"start":{"line":38,"column":49},"end":{"line":38,"column":102}},"type":"binary-expr","locations":[{"start":{"line":38,"column":49},"end":{"line":38,"column":67}},{"start":{"line":38,"column":71},"end":{"line":38,"column":102}}],"line":38},"14":{"loc":{"start":{"line":50,"column":49},"end":{"line":50,"column":110}},"type":"binary-expr","locations":[{"start":{"line":50,"column":49},"end":{"line":50,"column":71}},{"start":{"line":50,"column":75},"end":{"line":50,"column":110}}],"line":50},"15":{"loc":{"start":{"line":62,"column":49},"end":{"line":62,"column":100}},"type":"binary-expr","locations":[{"start":{"line":62,"column":49},"end":{"line":62,"column":66}},{"start":{"line":62,"column":70},"end":{"line":62,"column":100}}],"line":62},"16":{"loc":{"start":{"line":74,"column":49},"end":{"line":74,"column":106}},"type":"binary-expr","locations":[{"start":{"line":74,"column":49},"end":{"line":74,"column":69}},{"start":{"line":74,"column":73},"end":{"line":74,"column":106}}],"line":74},"17":{"loc":{"start":{"line":86,"column":49},"end":{"line":86,"column":100}},"type":"binary-expr","locations":[{"start":{"line":86,"column":49},"end":{"line":86,"column":66}},{"start":{"line":86,"column":70},"end":{"line":86,"column":100}}],"line":86},"18":{"loc":{"start":{"line":98,"column":49},"end":{"line":98,"column":98}},"type":"binary-expr","locations":[{"start":{"line":98,"column":49},"end":{"line":98,"column":65}},{"start":{"line":98,"column":69},"end":{"line":98,"column":98}}],"line":98},"19":{"loc":{"start":{"line":110,"column":49},"end":{"line":110,"column":112}},"type":"binary-expr","locations":[{"start":{"line":110,"column":49},"end":{"line":110,"column":72}},{"start":{"line":110,"column":76},"end":{"line":110,"column":112}}],"line":110},"20":{"loc":{"start":{"line":122,"column":49},"end":{"line":122,"column":104}},"type":"binary-expr","locations":[{"start":{"line":122,"column":49},"end":{"line":122,"column":68}},{"start":{"line":122,"column":72},"end":{"line":122,"column":104}}],"line":122},"21":{"loc":{"start":{"line":134,"column":49},"end":{"line":134,"column":118}},"type":"binary-expr","locations":[{"start":{"line":134,"column":49},"end":{"line":134,"column":75}},{"start":{"line":134,"column":79},"end":{"line":134,"column":118}}],"line":134},"22":{"loc":{"start":{"line":146,"column":49},"end":{"line":146,"column":126}},"type":"binary-expr","locations":[{"start":{"line":146,"column":49},"end":{"line":146,"column":79}},{"start":{"line":146,"column":83},"end":{"line":146,"column":126}}],"line":146},"23":{"loc":{"start":{"line":158,"column":49},"end":{"line":158,"column":100}},"type":"binary-expr","locations":[{"start":{"line":158,"column":49},"end":{"line":158,"column":66}},{"start":{"line":158,"column":70},"end":{"line":158,"column":100}}],"line":158},"24":{"loc":{"start":{"line":170,"column":49},"end":{"line":170,"column":102}},"type":"binary-expr","locations":[{"start":{"line":170,"column":49},"end":{"line":170,"column":67}},{"start":{"line":170,"column":71},"end":{"line":170,"column":102}}],"line":170},"25":{"loc":{"start":{"line":193,"column":49},"end":{"line":193,"column":110}},"type":"binary-expr","locations":[{"start":{"line":193,"column":49},"end":{"line":193,"column":71}},{"start":{"line":193,"column":75},"end":{"line":193,"column":110}}],"line":193},"26":{"loc":{"start":{"line":225,"column":49},"end":{"line":225,"column":100}},"type":"binary-expr","locations":[{"start":{"line":225,"column":49},"end":{"line":225,"column":66}},{"start":{"line":225,"column":70},"end":{"line":225,"column":100}}],"line":225},"27":{"loc":{"start":{"line":250,"column":49},"end":{"line":250,"column":104}},"type":"binary-expr","locations":[{"start":{"line":250,"column":49},"end":{"line":250,"column":68}},{"start":{"line":250,"column":72},"end":{"line":250,"column":104}}],"line":250},"28":{"loc":{"start":{"line":262,"column":49},"end":{"line":262,"column":136}},"type":"binary-expr","locations":[{"start":{"line":262,"column":49},"end":{"line":262,"column":84}},{"start":{"line":262,"column":88},"end":{"line":262,"column":136}}],"line":262},"29":{"loc":{"start":{"line":294,"column":49},"end":{"line":294,"column":134}},"type":"binary-expr","locations":[{"start":{"line":294,"column":49},"end":{"line":294,"column":83}},{"start":{"line":294,"column":87},"end":{"line":294,"column":134}}],"line":294}},"s":{"0":1,"1":1,"2":6,"3":6,"4":13,"5":13,"6":13,"7":13,"8":6,"9":13,"10":1,"11":6,"12":6,"13":6,"14":0,"15":6,"16":545,"17":0,"18":545,"19":17,"20":0,"21":17,"22":17,"23":17,"24":1090,"25":0,"26":1,"27":545,"28":545,"29":1,"30":18,"31":1,"32":1,"33":1,"34":182,"35":182,"36":1,"37":1,"38":1,"39":4,"40":4,"41":1,"42":1,"43":1,"44":1,"45":1,"46":1,"47":1,"48":1,"49":48,"50":48,"51":1,"52":1,"53":1,"54":67,"55":67,"56":1,"57":1,"58":1,"59":113,"60":113,"61":1,"62":1,"63":1,"64":6,"65":6,"66":1,"67":1,"68":1,"69":18,"70":18,"71":1,"72":1,"73":1,"74":13,"75":13,"76":1,"77":1,"78":1,"79":5,"80":5,"81":1,"82":1,"83":1,"84":45,"85":45,"86":1,"87":1,"88":1,"89":9,"90":9,"91":1,"92":1,"93":1,"94":4,"95":1,"96":1,"97":1,"98":1,"99":21,"100":21,"101":1,"102":0,"103":0,"104":0,"105":1,"106":1,"107":1,"108":8,"109":8,"110":1,"111":8,"112":8,"113":18,"114":18,"115":8,"116":1,"117":1,"118":1,"119":2,"120":2,"121":1,"122":1,"123":1,"124":1,"125":1,"126":1,"127":0,"128":0,"129":0,"130":1,"131":1,"132":1,"133":2,"134":2,"135":1,"136":0,"137":0,"138":0,"139":0,"140":1},"f":{"0":1,"1":6,"2":6,"3":545,"4":17,"5":1090,"6":1,"7":545,"8":18,"9":1,"10":182,"11":1,"12":4,"13":1,"14":1,"15":1,"16":48,"17":1,"18":67,"19":1,"20":113,"21":1,"22":6,"23":1,"24":18,"25":1,"26":13,"27":1,"28":5,"29":1,"30":45,"31":1,"32":9,"33":1,"34":1,"35":21,"36":0,"37":0,"38":0,"39":1,"40":8,"41":8,"42":1,"43":2,"44":1,"45":1,"46":0,"47":0,"48":0,"49":1,"50":2,"51":0,"52":0,"53":0,"54":0},"b":{"0":[13,13],"1":[6,7],"2":[6,0],"3":[0,6],"4":[0,545],"5":[0,545],"6":[545,0,0],"7":[0,17],"8":[17,0],"9":[17,17],"10":[17,0],"11":[17,0],"12":[0,1090],"13":[182,0],"14":[4,0],"15":[1,0],"16":[48,0],"17":[67,0],"18":[113,0],"19":[6,0],"20":[18,0],"21":[13,0],"22":[5,0],"23":[45,0],"24":[9,0],"25":[21,0],"26":[8,0],"27":[2,0],"28":[1,0],"29":[2,0]},"_coverageSchema":"43e27e138ebf9cfc5966b082cf9a028302ed4184","hash":"5e17d843b8c90a1013ebb085ef30c36be8613b9c","contentHash":"b442fcffd386e3ad12f7676f13392160f60d5ad2027f2f256021fe51f6b38f30"},"/Users/jefflee/Project/pdf-backend/src/logger.js":{"path":"/Users/jefflee/Project/pdf-backend/src/logger.js","statementMap":{"0":{"start":{"line":3,"column":0},"end":{"line":5,"column":3}},"1":{"start":{"line":7,"column":15},"end":{"line":7,"column":33}},"2":{"start":{"line":9,"column":16},"end":{"line":9,"column":48}},"3":{"start":{"line":11,"column":39},"end":{"line":11,"column":93}},"4":{"start":{"line":13,"column":13},"end":{"line":17,"column":2}},"5":{"start":{"line":19,"column":0},"end":{"line":19,"column":25}}},"fnMap":{"0":{"name":"_interopRequireDefault","decl":{"start":{"line":11,"column":9},"end":{"line":11,"column":31}},"loc":{"start":{"line":11,"column":37},"end":{"line":11,"column":95}},"line":11}},"branchMap":{"0":{"loc":{"start":{"line":11,"column":46},"end":{"line":11,"column":92}},"type":"cond-expr","locations":[{"start":{"line":11,"column":70},"end":{"line":11,"column":73}},{"start":{"line":11,"column":76},"end":{"line":11,"column":92}}],"line":11},"1":{"loc":{"start":{"line":11,"column":46},"end":{"line":11,"column":67}},"type":"binary-expr","locations":[{"start":{"line":11,"column":46},"end":{"line":11,"column":49}},{"start":{"line":11,"column":53},"end":{"line":11,"column":67}}],"line":11}},"s":{"0":1,"1":1,"2":1,"3":1,"4":1,"5":1},"f":{"0":1},"b":{"0":[0,1],"1":[1,1]},"_coverageSchema":"43e27e138ebf9cfc5966b082cf9a028302ed4184","hash":"fbcc69d250f79928bb45ed93dfe410e5f60ba512","contentHash":"0a40e872ff33d0569cf64e9b0a21c857096eddcd1a90674c34cd18d35c772711"}}