{"/Users/jefflee/Project/pdf-backend/src/reader.js":{"path":"/Users/jefflee/Project/pdf-backend/src/reader.js","statementMap":{"0":{"start":{"line":3,"column":0},"end":{"line":5,"column":3}},"1":{"start":{"line":6,"column":0},"end":{"line":6,"column":74}},"2":{"start":{"line":8,"column":19},"end":{"line":8,"column":563}},"3":{"start":{"line":8,"column":76},"end":{"line":8,"column":347}},"4":{"start":{"line":8,"column":89},"end":{"line":8,"column":90}},"5":{"start":{"line":8,"column":134},"end":{"line":8,"column":142}},"6":{"start":{"line":8,"column":144},"end":{"line":8,"column":199}},"7":{"start":{"line":8,"column":200},"end":{"line":8,"column":231}},"8":{"start":{"line":8,"column":232},"end":{"line":8,"column":286}},"9":{"start":{"line":8,"column":259},"end":{"line":8,"column":286}},"10":{"start":{"line":8,"column":287},"end":{"line":8,"column":345}},"11":{"start":{"line":8,"column":350},"end":{"line":8,"column":559}},"12":{"start":{"line":8,"column":407},"end":{"line":8,"column":475}},"13":{"start":{"line":8,"column":423},"end":{"line":8,"column":475}},"14":{"start":{"line":8,"column":476},"end":{"line":8,"column":536}},"15":{"start":{"line":8,"column":493},"end":{"line":8,"column":536}},"16":{"start":{"line":8,"column":537},"end":{"line":8,"column":556}},"17":{"start":{"line":10,"column":10},"end":{"line":10,"column":23}},"18":{"start":{"line":12,"column":11},"end":{"line":12,"column":38}},"19":{"start":{"line":14,"column":20},"end":{"line":14,"column":46}},"20":{"start":{"line":16,"column":21},"end":{"line":16,"column":58}},"21":{"start":{"line":18,"column":13},"end":{"line":18,"column":31}},"22":{"start":{"line":20,"column":39},"end":{"line":20,"column":93}},"23":{"start":{"line":22,"column":50},"end":{"line":22,"column":151}},"24":{"start":{"line":22,"column":63},"end":{"line":22,"column":149}},"25":{"start":{"line":22,"column":152},"end":{"line":22,"column":238}},"26":{"start":{"line":24,"column":43},"end":{"line":24,"column":208}},"27":{"start":{"line":24,"column":106},"end":{"line":24,"column":206}},"28":{"start":{"line":24,"column":209},"end":{"line":24,"column":373}},"29":{"start":{"line":24,"column":374},"end":{"line":24,"column":492}},"30":{"start":{"line":24,"column":390},"end":{"line":24,"column":492}},"31":{"start":{"line":26,"column":50},"end":{"line":26,"column":151}},"32":{"start":{"line":26,"column":92},"end":{"line":26,"column":149}},"33":{"start":{"line":28,"column":13},"end":{"line":50,"column":3}},"34":{"start":{"line":30,"column":8},"end":{"line":30,"column":38}},"35":{"start":{"line":33,"column":4},"end":{"line":47,"column":8}},"36":{"start":{"line":36,"column":24},"end":{"line":36,"column":94}},"37":{"start":{"line":37,"column":22},"end":{"line":37,"column":92}},"38":{"start":{"line":39,"column":12},"end":{"line":41,"column":13}},"39":{"start":{"line":40,"column":16},"end":{"line":40,"column":34}},"40":{"start":{"line":42,"column":12},"end":{"line":44,"column":13}},"41":{"start":{"line":43,"column":16},"end":{"line":43,"column":46}},"42":{"start":{"line":45,"column":12},"end":{"line":45,"column":52}},"43":{"start":{"line":49,"column":4},"end":{"line":49,"column":18}},"44":{"start":{"line":52,"column":17},"end":{"line":90,"column":9}},"45":{"start":{"line":53,"column":4},"end":{"line":53,"column":35}},"46":{"start":{"line":56,"column":8},"end":{"line":56,"column":42}},"47":{"start":{"line":58,"column":20},"end":{"line":58,"column":124}},"48":{"start":{"line":60,"column":8},"end":{"line":60,"column":52}},"49":{"start":{"line":61,"column":8},"end":{"line":61,"column":21}},"50":{"start":{"line":64,"column":4},"end":{"line":87,"column":8}},"51":{"start":{"line":67,"column":25},"end":{"line":67,"column":40}},"52":{"start":{"line":68,"column":22},"end":{"line":68,"column":86}},"53":{"start":{"line":69,"column":12},"end":{"line":71,"column":13}},"54":{"start":{"line":70,"column":16},"end":{"line":70,"column":28}},"55":{"start":{"line":72,"column":12},"end":{"line":72,"column":29}},"56":{"start":{"line":77,"column":25},"end":{"line":77,"column":45}},"57":{"start":{"line":78,"column":12},"end":{"line":78,"column":77}},"58":{"start":{"line":79,"column":12},"end":{"line":79,"column":26}},"59":{"start":{"line":84,"column":23},"end":{"line":84,"column":54}},"60":{"start":{"line":85,"column":12},"end":{"line":85,"column":29}},"61":{"start":{"line":89,"column":4},"end":{"line":89,"column":22}},"62":{"start":{"line":92,"column":22},"end":{"line":128,"column":9}},"63":{"start":{"line":93,"column":4},"end":{"line":93,"column":41}},"64":{"start":{"line":96,"column":8},"end":{"line":96,"column":47}},"65":{"start":{"line":98,"column":21},"end":{"line":98,"column":135}},"66":{"start":{"line":100,"column":8},"end":{"line":100,"column":37}},"67":{"start":{"line":101,"column":8},"end":{"line":101,"column":22}},"68":{"start":{"line":104,"column":4},"end":{"line":125,"column":8}},"69":{"start":{"line":107,"column":12},"end":{"line":109,"column":13}},"70":{"start":{"line":108,"column":16},"end":{"line":108,"column":195}},"71":{"start":{"line":110,"column":12},"end":{"line":110,"column":76}},"72":{"start":{"line":115,"column":12},"end":{"line":117,"column":13}},"73":{"start":{"line":116,"column":16},"end":{"line":116,"column":221}},"74":{"start":{"line":118,"column":12},"end":{"line":118,"column":78}},"75":{"start":{"line":123,"column":12},"end":{"line":123,"column":41}},"76":{"start":{"line":127,"column":4},"end":{"line":127,"column":27}}},"fnMap":{"0":{"name":"(anonymous_0)","decl":{"start":{"line":8,"column":19},"end":{"line":8,"column":20}},"loc":{"start":{"line":8,"column":31},"end":{"line":8,"column":561}},"line":8},"1":{"name":"defineProperties","decl":{"start":{"line":8,"column":42},"end":{"line":8,"column":58}},"loc":{"start":{"line":8,"column":74},"end":{"line":8,"column":349}},"line":8},"2":{"name":"(anonymous_2)","decl":{"start":{"line":8,"column":357},"end":{"line":8,"column":358}},"loc":{"start":{"line":8,"column":405},"end":{"line":8,"column":558}},"line":8},"3":{"name":"_interopRequireDefault","decl":{"start":{"line":20,"column":9},"end":{"line":20,"column":31}},"loc":{"start":{"line":20,"column":37},"end":{"line":20,"column":95}},"line":20},"4":{"name":"_possibleConstructorReturn","decl":{"start":{"line":22,"column":9},"end":{"line":22,"column":35}},"loc":{"start":{"line":22,"column":48},"end":{"line":22,"column":240}},"line":22},"5":{"name":"_inherits","decl":{"start":{"line":24,"column":9},"end":{"line":24,"column":18}},"loc":{"start":{"line":24,"column":41},"end":{"line":24,"column":494}},"line":24},"6":{"name":"_classCallCheck","decl":{"start":{"line":26,"column":9},"end":{"line":26,"column":24}},"loc":{"start":{"line":26,"column":48},"end":{"line":26,"column":153}},"line":26},"7":{"name":"(anonymous_7)","decl":{"start":{"line":28,"column":30},"end":{"line":28,"column":31}},"loc":{"start":{"line":28,"column":42},"end":{"line":50,"column":1}},"line":28},"8":{"name":"Reader","decl":{"start":{"line":29,"column":13},"end":{"line":29,"column":19}},"loc":{"start":{"line":29,"column":22},"end":{"line":31,"column":5}},"line":29},"9":{"name":"toStream","decl":{"start":{"line":35,"column":24},"end":{"line":35,"column":32}},"loc":{"start":{"line":35,"column":35},"end":{"line":46,"column":9}},"line":35},"10":{"name":"(anonymous_10)","decl":{"start":{"line":52,"column":38},"end":{"line":52,"column":39}},"loc":{"start":{"line":52,"column":57},"end":{"line":90,"column":1}},"line":52},"11":{"name":"FileReader","decl":{"start":{"line":55,"column":13},"end":{"line":55,"column":23}},"loc":{"start":{"line":55,"column":30},"end":{"line":62,"column":5}},"line":55},"12":{"name":"getByte","decl":{"start":{"line":66,"column":24},"end":{"line":66,"column":31}},"loc":{"start":{"line":66,"column":40},"end":{"line":73,"column":9}},"line":66},"13":{"name":"getBytes","decl":{"start":{"line":76,"column":24},"end":{"line":76,"column":32}},"loc":{"start":{"line":76,"column":49},"end":{"line":80,"column":9}},"line":76},"14":{"name":"get","decl":{"start":{"line":83,"column":22},"end":{"line":83,"column":25}},"loc":{"start":{"line":83,"column":28},"end":{"line":86,"column":9}},"line":83},"15":{"name":"(anonymous_15)","decl":{"start":{"line":92,"column":48},"end":{"line":92,"column":49}},"loc":{"start":{"line":92,"column":68},"end":{"line":128,"column":1}},"line":92},"16":{"name":"ByteArrayReader","decl":{"start":{"line":95,"column":13},"end":{"line":95,"column":28}},"loc":{"start":{"line":95,"column":40},"end":{"line":102,"column":5}},"line":95},"17":{"name":"getByte","decl":{"start":{"line":106,"column":24},"end":{"line":106,"column":31}},"loc":{"start":{"line":106,"column":40},"end":{"line":111,"column":9}},"line":106},"18":{"name":"getBytes","decl":{"start":{"line":114,"column":24},"end":{"line":114,"column":32}},"loc":{"start":{"line":114,"column":49},"end":{"line":119,"column":9}},"line":114},"19":{"name":"get","decl":{"start":{"line":122,"column":22},"end":{"line":122,"column":25}},"loc":{"start":{"line":122,"column":28},"end":{"line":124,"column":9}},"line":122}},"branchMap":{"0":{"loc":{"start":{"line":8,"column":168},"end":{"line":8,"column":198}},"type":"binary-expr","locations":[{"start":{"line":8,"column":168},"end":{"line":8,"column":189}},{"start":{"line":8,"column":193},"end":{"line":8,"column":198}}],"line":8},"1":{"loc":{"start":{"line":8,"column":232},"end":{"line":8,"column":286}},"type":"if","locations":[{"start":{"line":8,"column":232},"end":{"line":8,"column":286}},{"start":{"line":8,"column":232},"end":{"line":8,"column":286}}],"line":8},"2":{"loc":{"start":{"line":8,"column":407},"end":{"line":8,"column":475}},"type":"if","locations":[{"start":{"line":8,"column":407},"end":{"line":8,"column":475}},{"start":{"line":8,"column":407},"end":{"line":8,"column":475}}],"line":8},"3":{"loc":{"start":{"line":8,"column":476},"end":{"line":8,"column":536}},"type":"if","locations":[{"start":{"line":8,"column":476},"end":{"line":8,"column":536}},{"start":{"line":8,"column":476},"end":{"line":8,"column":536}}],"line":8},"4":{"loc":{"start":{"line":20,"column":46},"end":{"line":20,"column":92}},"type":"cond-expr","locations":[{"start":{"line":20,"column":70},"end":{"line":20,"column":73}},{"start":{"line":20,"column":76},"end":{"line":20,"column":92}}],"line":20},"5":{"loc":{"start":{"line":20,"column":46},"end":{"line":20,"column":67}},"type":"binary-expr","locations":[{"start":{"line":20,"column":46},"end":{"line":20,"column":49}},{"start":{"line":20,"column":53},"end":{"line":20,"column":67}}],"line":20},"6":{"loc":{"start":{"line":22,"column":50},"end":{"line":22,"column":151}},"type":"if","locations":[{"start":{"line":22,"column":50},"end":{"line":22,"column":151}},{"start":{"line":22,"column":50},"end":{"line":22,"column":151}}],"line":22},"7":{"loc":{"start":{"line":22,"column":159},"end":{"line":22,"column":237}},"type":"cond-expr","locations":[{"start":{"line":22,"column":226},"end":{"line":22,"column":230}},{"start":{"line":22,"column":233},"end":{"line":22,"column":237}}],"line":22},"8":{"loc":{"start":{"line":22,"column":159},"end":{"line":22,"column":223}},"type":"binary-expr","locations":[{"start":{"line":22,"column":159},"end":{"line":22,"column":163}},{"start":{"line":22,"column":168},"end":{"line":22,"column":192}},{"start":{"line":22,"column":196},"end":{"line":22,"column":222}}],"line":22},"9":{"loc":{"start":{"line":24,"column":43},"end":{"line":24,"column":208}},"type":"if","locations":[{"start":{"line":24,"column":43},"end":{"line":24,"column":208}},{"start":{"line":24,"column":43},"end":{"line":24,"column":208}}],"line":24},"10":{"loc":{"start":{"line":24,"column":47},"end":{"line":24,"column":102}},"type":"binary-expr","locations":[{"start":{"line":24,"column":47},"end":{"line":24,"column":79}},{"start":{"line":24,"column":83},"end":{"line":24,"column":102}}],"line":24},"11":{"loc":{"start":{"line":24,"column":244},"end":{"line":24,"column":278}},"type":"binary-expr","locations":[{"start":{"line":24,"column":244},"end":{"line":24,"column":254}},{"start":{"line":24,"column":258},"end":{"line":24,"column":278}}],"line":24},"12":{"loc":{"start":{"line":24,"column":374},"end":{"line":24,"column":492}},"type":"if","locations":[{"start":{"line":24,"column":374},"end":{"line":24,"column":492}},{"start":{"line":24,"column":374},"end":{"line":24,"column":492}}],"line":24},"13":{"loc":{"start":{"line":24,"column":390},"end":{"line":24,"column":491}},"type":"cond-expr","locations":[{"start":{"line":24,"column":414},"end":{"line":24,"column":457}},{"start":{"line":24,"column":460},"end":{"line":24,"column":491}}],"line":24},"14":{"loc":{"start":{"line":26,"column":50},"end":{"line":26,"column":151}},"type":"if","locations":[{"start":{"line":26,"column":50},"end":{"line":26,"column":151}},{"start":{"line":26,"column":50},"end":{"line":26,"column":151}}],"line":26},"15":{"loc":{"start":{"line":36,"column":24},"end":{"line":36,"column":94}},"type":"cond-expr","locations":[{"start":{"line":36,"column":77},"end":{"line":36,"column":89}},{"start":{"line":36,"column":92},"end":{"line":36,"column":94}}],"line":36},"16":{"loc":{"start":{"line":36,"column":24},"end":{"line":36,"column":74}},"type":"binary-expr","locations":[{"start":{"line":36,"column":24},"end":{"line":36,"column":44}},{"start":{"line":36,"column":48},"end":{"line":36,"column":74}}],"line":36},"17":{"loc":{"start":{"line":37,"column":22},"end":{"line":37,"column":92}},"type":"cond-expr","locations":[{"start":{"line":37,"column":75},"end":{"line":37,"column":87}},{"start":{"line":37,"column":90},"end":{"line":37,"column":92}}],"line":37},"18":{"loc":{"start":{"line":37,"column":22},"end":{"line":37,"column":72}},"type":"binary-expr","locations":[{"start":{"line":37,"column":22},"end":{"line":37,"column":42}},{"start":{"line":37,"column":46},"end":{"line":37,"column":72}}],"line":37},"19":{"loc":{"start":{"line":39,"column":12},"end":{"line":41,"column":13}},"type":"if","locations":[{"start":{"line":39,"column":12},"end":{"line":41,"column":13}},{"start":{"line":39,"column":12},"end":{"line":41,"column":13}}],"line":39},"20":{"loc":{"start":{"line":42,"column":12},"end":{"line":44,"column":13}},"type":"if","locations":[{"start":{"line":42,"column":12},"end":{"line":44,"column":13}},{"start":{"line":42,"column":12},"end":{"line":44,"column":13}}],"line":42},"21":{"loc":{"start":{"line":58,"column":54},"end":{"line":58,"column":111}},"type":"binary-expr","locations":[{"start":{"line":58,"column":54},"end":{"line":58,"column":74}},{"start":{"line":58,"column":78},"end":{"line":58,"column":111}}],"line":58},"22":{"loc":{"start":{"line":69,"column":12},"end":{"line":71,"column":13}},"type":"if","locations":[{"start":{"line":69,"column":12},"end":{"line":71,"column":13}},{"start":{"line":69,"column":12},"end":{"line":71,"column":13}}],"line":69},"23":{"loc":{"start":{"line":98,"column":55},"end":{"line":98,"column":122}},"type":"binary-expr","locations":[{"start":{"line":98,"column":55},"end":{"line":98,"column":80}},{"start":{"line":98,"column":84},"end":{"line":98,"column":122}}],"line":98},"24":{"loc":{"start":{"line":107,"column":12},"end":{"line":109,"column":13}},"type":"if","locations":[{"start":{"line":107,"column":12},"end":{"line":109,"column":13}},{"start":{"line":107,"column":12},"end":{"line":109,"column":13}}],"line":107},"25":{"loc":{"start":{"line":115,"column":12},"end":{"line":117,"column":13}},"type":"if","locations":[{"start":{"line":115,"column":12},"end":{"line":117,"column":13}},{"start":{"line":115,"column":12},"end":{"line":117,"column":13}}],"line":115}},"s":{"0":1,"1":1,"2":1,"3":3,"4":3,"5":7,"6":7,"7":7,"8":7,"9":5,"10":7,"11":1,"12":3,"13":3,"14":3,"15":0,"16":3,"17":1,"18":1,"19":1,"20":1,"21":1,"22":2,"23":119,"24":0,"25":119,"26":2,"27":0,"28":2,"29":2,"30":2,"31":238,"32":0,"33":1,"34":119,"35":1,"36":4,"37":4,"38":4,"39":1,"40":4,"41":3,"42":4,"43":1,"44":1,"45":1,"46":10,"47":10,"48":10,"49":8,"50":1,"51":1136,"52":1136,"53":1136,"54":1,"55":1135,"56":72,"57":72,"58":72,"59":8,"60":8,"61":1,"62":1,"63":1,"64":109,"65":109,"66":109,"67":109,"68":1,"69":4987,"70":2,"71":4985,"72":130,"73":2,"74":128,"75":5221,"76":1},"f":{"0":1,"1":3,"2":3,"3":2,"4":119,"5":2,"6":238,"7":1,"8":119,"9":4,"10":1,"11":10,"12":1136,"13":72,"14":8,"15":1,"16":109,"17":4987,"18":130,"19":5221},"b":{"0":[7,7],"1":[5,2],"2":[3,0],"3":[0,3],"4":[1,1],"5":[2,2],"6":[0,119],"7":[0,119],"8":[119,0,0],"9":[0,2],"10":[2,0],"11":[2,2],"12":[2,0],"13":[2,0],"14":[0,238],"15":[1,3],"16":[4,1],"17":[1,3],"18":[4,1],"19":[1,3],"20":[3,1],"21":[10,0],"22":[1,1135],"23":[109,0],"24":[2,4985],"25":[2,128]},"_coverageSchema":"43e27e138ebf9cfc5966b082cf9a028302ed4184","hash":"c038fc4518f485019812acf2e54f55fa96c2d958","contentHash":"f6a6af39cb8099ca8238907300868fd365ffaa7425115b40acb606dd374919af"},"/Users/jefflee/Project/pdf-backend/src/buffer-stream.js":{"path":"/Users/jefflee/Project/pdf-backend/src/buffer-stream.js","statementMap":{"0":{"start":{"line":3,"column":0},"end":{"line":5,"column":3}},"1":{"start":{"line":7,"column":19},"end":{"line":7,"column":563}},"2":{"start":{"line":7,"column":76},"end":{"line":7,"column":347}},"3":{"start":{"line":7,"column":89},"end":{"line":7,"column":90}},"4":{"start":{"line":7,"column":134},"end":{"line":7,"column":142}},"5":{"start":{"line":7,"column":144},"end":{"line":7,"column":199}},"6":{"start":{"line":7,"column":200},"end":{"line":7,"column":231}},"7":{"start":{"line":7,"column":232},"end":{"line":7,"column":286}},"8":{"start":{"line":7,"column":259},"end":{"line":7,"column":286}},"9":{"start":{"line":7,"column":287},"end":{"line":7,"column":345}},"10":{"start":{"line":7,"column":350},"end":{"line":7,"column":559}},"11":{"start":{"line":7,"column":407},"end":{"line":7,"column":475}},"12":{"start":{"line":7,"column":423},"end":{"line":7,"column":475}},"13":{"start":{"line":7,"column":476},"end":{"line":7,"column":536}},"14":{"start":{"line":7,"column":493},"end":{"line":7,"column":536}},"15":{"start":{"line":7,"column":537},"end":{"line":7,"column":556}},"16":{"start":{"line":9,"column":14},"end":{"line":9,"column":31}},"17":{"start":{"line":11,"column":15},"end":{"line":11,"column":46}},"18":{"start":{"line":13,"column":9},"end":{"line":13,"column":27}},"19":{"start":{"line":15,"column":10},"end":{"line":15,"column":36}},"20":{"start":{"line":17,"column":13},"end":{"line":17,"column":31}},"21":{"start":{"line":19,"column":39},"end":{"line":19,"column":93}},"22":{"start":{"line":21,"column":50},"end":{"line":21,"column":151}},"23":{"start":{"line":21,"column":92},"end":{"line":21,"column":149}},"24":{"start":{"line":27,"column":19},"end":{"line":239,"column":3}},"25":{"start":{"line":35,"column":28},"end":{"line":35,"column":97}},"26":{"start":{"line":36,"column":21},"end":{"line":36,"column":91}},"27":{"start":{"line":38,"column":8},"end":{"line":38,"column":44}},"28":{"start":{"line":40,"column":8},"end":{"line":40,"column":29}},"29":{"start":{"line":41,"column":8},"end":{"line":41,"column":38}},"30":{"start":{"line":42,"column":8},"end":{"line":46,"column":9}},"31":{"start":{"line":43,"column":12},"end":{"line":43,"column":54}},"32":{"start":{"line":45,"column":12},"end":{"line":45,"column":54}},"33":{"start":{"line":47,"column":8},"end":{"line":47,"column":43}},"34":{"start":{"line":48,"column":8},"end":{"line":48,"column":42}},"35":{"start":{"line":49,"column":8},"end":{"line":49,"column":32}},"36":{"start":{"line":52,"column":4},"end":{"line":236,"column":8}},"37":{"start":{"line":55,"column":12},"end":{"line":55,"column":46}},"38":{"start":{"line":56,"column":12},"end":{"line":56,"column":48}},"39":{"start":{"line":57,"column":12},"end":{"line":57,"column":37}},"40":{"start":{"line":62,"column":12},"end":{"line":65,"column":13}},"41":{"start":{"line":63,"column":16},"end":{"line":63,"column":43}},"42":{"start":{"line":64,"column":16},"end":{"line":64,"column":28}},"43":{"start":{"line":66,"column":12},"end":{"line":66,"column":46}},"44":{"start":{"line":67,"column":12},"end":{"line":67,"column":67}},"45":{"start":{"line":72,"column":12},"end":{"line":75,"column":13}},"46":{"start":{"line":73,"column":16},"end":{"line":73,"column":48}},"47":{"start":{"line":74,"column":16},"end":{"line":74,"column":28}},"48":{"start":{"line":76,"column":20},"end":{"line":76,"column":81}},"49":{"start":{"line":77,"column":12},"end":{"line":77,"column":21}},"50":{"start":{"line":87,"column":12},"end":{"line":89,"column":13}},"51":{"start":{"line":88,"column":16},"end":{"line":88,"column":28}},"52":{"start":{"line":90,"column":12},"end":{"line":90,"column":54}},"53":{"start":{"line":95,"column":12},"end":{"line":97,"column":13}},"54":{"start":{"line":96,"column":16},"end":{"line":96,"column":28}},"55":{"start":{"line":98,"column":12},"end":{"line":98,"column":63}},"56":{"start":{"line":108,"column":12},"end":{"line":108,"column":53}},"57":{"start":{"line":118,"column":12},"end":{"line":118,"column":46}},"58":{"start":{"line":119,"column":12},"end":{"line":119,"column":47}},"59":{"start":{"line":131,"column":12},"end":{"line":131,"column":46}},"60":{"start":{"line":132,"column":25},"end":{"line":132,"column":38}},"61":{"start":{"line":133,"column":27},"end":{"line":133,"column":44}},"62":{"start":{"line":134,"column":25},"end":{"line":134,"column":45}},"63":{"start":{"line":135,"column":12},"end":{"line":137,"column":13}},"64":{"start":{"line":136,"column":16},"end":{"line":136,"column":42}},"65":{"start":{"line":138,"column":12},"end":{"line":140,"column":13}},"66":{"start":{"line":139,"column":16},"end":{"line":139,"column":42}},"67":{"start":{"line":141,"column":12},"end":{"line":151,"column":13}},"68":{"start":{"line":142,"column":16},"end":{"line":145,"column":17}},"69":{"start":{"line":143,"column":20},"end":{"line":143,"column":43}},"70":{"start":{"line":144,"column":20},"end":{"line":144,"column":33}},"71":{"start":{"line":146,"column":29},"end":{"line":146,"column":58}},"72":{"start":{"line":147,"column":16},"end":{"line":149,"column":17}},"73":{"start":{"line":148,"column":20},"end":{"line":148,"column":32}},"74":{"start":{"line":150,"column":16},"end":{"line":150,"column":35}},"75":{"start":{"line":163,"column":12},"end":{"line":163,"column":46}},"76":{"start":{"line":164,"column":25},"end":{"line":164,"column":38}},"77":{"start":{"line":166,"column":12},"end":{"line":166,"column":45}},"78":{"start":{"line":167,"column":25},"end":{"line":167,"column":68}},"79":{"start":{"line":169,"column":12},"end":{"line":171,"column":13}},"80":{"start":{"line":170,"column":16},"end":{"line":170,"column":27}},"81":{"start":{"line":172,"column":12},"end":{"line":188,"column":13}},"82":{"start":{"line":173,"column":16},"end":{"line":187,"column":17}},"83":{"start":{"line":174,"column":20},"end":{"line":177,"column":21}},"84":{"start":{"line":175,"column":24},"end":{"line":175,"column":47}},"85":{"start":{"line":176,"column":24},"end":{"line":176,"column":37}},"86":{"start":{"line":178,"column":33},"end":{"line":178,"column":62}},"87":{"start":{"line":179,"column":20},"end":{"line":182,"column":21}},"88":{"start":{"line":181,"column":24},"end":{"line":181,"column":36}},"89":{"start":{"line":183,"column":20},"end":{"line":183,"column":39}},"90":{"start":{"line":186,"column":20},"end":{"line":186,"column":39}},"91":{"start":{"line":198,"column":12},"end":{"line":198,"column":46}},"92":{"start":{"line":203,"column":23},"end":{"line":203,"column":41}},"93":{"start":{"line":204,"column":12},"end":{"line":204,"column":53}},"94":{"start":{"line":205,"column":12},"end":{"line":205,"column":24}},"95":{"start":{"line":210,"column":12},"end":{"line":210,"column":46}},"96":{"start":{"line":211,"column":12},"end":{"line":213,"column":13}},"97":{"start":{"line":212,"column":16},"end":{"line":212,"column":97}},"98":{"start":{"line":214,"column":12},"end":{"line":214,"column":53}},"99":{"start":{"line":215,"column":12},"end":{"line":215,"column":44}},"100":{"start":{"line":216,"column":12},"end":{"line":216,"column":37}},"101":{"start":{"line":221,"column":12},"end":{"line":221,"column":44}},"102":{"start":{"line":222,"column":12},"end":{"line":222,"column":44}},"103":{"start":{"line":227,"column":12},"end":{"line":227,"column":44}},"104":{"start":{"line":228,"column":12},"end":{"line":228,"column":44}},"105":{"start":{"line":233,"column":12},"end":{"line":233,"column":46}},"106":{"start":{"line":234,"column":12},"end":{"line":234,"column":35}},"107":{"start":{"line":238,"column":4},"end":{"line":238,"column":24}},"108":{"start":{"line":241,"column":0},"end":{"line":241,"column":31}}},"fnMap":{"0":{"name":"(anonymous_0)","decl":{"start":{"line":7,"column":19},"end":{"line":7,"column":20}},"loc":{"start":{"line":7,"column":31},"end":{"line":7,"column":561}},"line":7},"1":{"name":"defineProperties","decl":{"start":{"line":7,"column":42},"end":{"line":7,"column":58}},"loc":{"start":{"line":7,"column":74},"end":{"line":7,"column":349}},"line":7},"2":{"name":"(anonymous_2)","decl":{"start":{"line":7,"column":357},"end":{"line":7,"column":358}},"loc":{"start":{"line":7,"column":405},"end":{"line":7,"column":558}},"line":7},"3":{"name":"_interopRequireDefault","decl":{"start":{"line":19,"column":9},"end":{"line":19,"column":31}},"loc":{"start":{"line":19,"column":37},"end":{"line":19,"column":95}},"line":19},"4":{"name":"_classCallCheck","decl":{"start":{"line":21,"column":9},"end":{"line":21,"column":24}},"loc":{"start":{"line":21,"column":48},"end":{"line":21,"column":153}},"line":21},"5":{"name":"(anonymous_5)","decl":{"start":{"line":27,"column":19},"end":{"line":27,"column":20}},"loc":{"start":{"line":27,"column":31},"end":{"line":239,"column":1}},"line":27},"6":{"name":"BufferStream","decl":{"start":{"line":34,"column":13},"end":{"line":34,"column":25}},"loc":{"start":{"line":34,"column":34},"end":{"line":50,"column":5}},"line":34},"7":{"name":"_getPositionAndAdd","decl":{"start":{"line":54,"column":24},"end":{"line":54,"column":42}},"loc":{"start":{"line":54,"column":48},"end":{"line":58,"column":9}},"line":54},"8":{"name":"getByte","decl":{"start":{"line":61,"column":24},"end":{"line":61,"column":31}},"loc":{"start":{"line":61,"column":34},"end":{"line":68,"column":9}},"line":61},"9":{"name":"getBytes","decl":{"start":{"line":71,"column":24},"end":{"line":71,"column":32}},"loc":{"start":{"line":71,"column":41},"end":{"line":78,"column":9}},"line":71},"10":{"name":"peekByte","decl":{"start":{"line":86,"column":24},"end":{"line":86,"column":32}},"loc":{"start":{"line":86,"column":35},"end":{"line":91,"column":9}},"line":86},"11":{"name":"peekBytes","decl":{"start":{"line":94,"column":24},"end":{"line":94,"column":33}},"loc":{"start":{"line":94,"column":42},"end":{"line":99,"column":9}},"line":94},"12":{"name":"hasNext","decl":{"start":{"line":107,"column":24},"end":{"line":107,"column":31}},"loc":{"start":{"line":107,"column":34},"end":{"line":109,"column":9}},"line":107},"13":{"name":"reset","decl":{"start":{"line":117,"column":24},"end":{"line":117,"column":29}},"loc":{"start":{"line":117,"column":32},"end":{"line":120,"column":9}},"line":117},"14":{"name":"find","decl":{"start":{"line":130,"column":24},"end":{"line":130,"column":28}},"loc":{"start":{"line":130,"column":44},"end":{"line":152,"column":9}},"line":130},"15":{"name":"findBackward","decl":{"start":{"line":162,"column":24},"end":{"line":162,"column":36}},"loc":{"start":{"line":162,"column":52},"end":{"line":189,"column":9}},"line":162},"16":{"name":"rewindPosition","decl":{"start":{"line":197,"column":24},"end":{"line":197,"column":38}},"loc":{"start":{"line":197,"column":41},"end":{"line":199,"column":9}},"line":197},"17":{"name":"savePosition","decl":{"start":{"line":202,"column":24},"end":{"line":202,"column":36}},"loc":{"start":{"line":202,"column":39},"end":{"line":206,"column":9}},"line":202},"18":{"name":"restorePosition","decl":{"start":{"line":209,"column":24},"end":{"line":209,"column":39}},"loc":{"start":{"line":209,"column":46},"end":{"line":217,"column":9}},"line":209},"19":{"name":"cleanSavedPosition","decl":{"start":{"line":220,"column":24},"end":{"line":220,"column":42}},"loc":{"start":{"line":220,"column":49},"end":{"line":223,"column":9}},"line":220},"20":{"name":"cleanPosition","decl":{"start":{"line":226,"column":24},"end":{"line":226,"column":37}},"loc":{"start":{"line":226,"column":44},"end":{"line":229,"column":9}},"line":226},"21":{"name":"moveTo","decl":{"start":{"line":232,"column":24},"end":{"line":232,"column":30}},"loc":{"start":{"line":232,"column":39},"end":{"line":235,"column":9}},"line":232}},"branchMap":{"0":{"loc":{"start":{"line":7,"column":168},"end":{"line":7,"column":198}},"type":"binary-expr","locations":[{"start":{"line":7,"column":168},"end":{"line":7,"column":189}},{"start":{"line":7,"column":193},"end":{"line":7,"column":198}}],"line":7},"1":{"loc":{"start":{"line":7,"column":232},"end":{"line":7,"column":286}},"type":"if","locations":[{"start":{"line":7,"column":232},"end":{"line":7,"column":286}},{"start":{"line":7,"column":232},"end":{"line":7,"column":286}}],"line":7},"2":{"loc":{"start":{"line":7,"column":407},"end":{"line":7,"column":475}},"type":"if","locations":[{"start":{"line":7,"column":407},"end":{"line":7,"column":475}},{"start":{"line":7,"column":407},"end":{"line":7,"column":475}}],"line":7},"3":{"loc":{"start":{"line":7,"column":476},"end":{"line":7,"column":536}},"type":"if","locations":[{"start":{"line":7,"column":476},"end":{"line":7,"column":536}},{"start":{"line":7,"column":476},"end":{"line":7,"column":536}}],"line":7},"4":{"loc":{"start":{"line":19,"column":46},"end":{"line":19,"column":92}},"type":"cond-expr","locations":[{"start":{"line":19,"column":70},"end":{"line":19,"column":73}},{"start":{"line":19,"column":76},"end":{"line":19,"column":92}}],"line":19},"5":{"loc":{"start":{"line":19,"column":46},"end":{"line":19,"column":67}},"type":"binary-expr","locations":[{"start":{"line":19,"column":46},"end":{"line":19,"column":49}},{"start":{"line":19,"column":53},"end":{"line":19,"column":67}}],"line":19},"6":{"loc":{"start":{"line":21,"column":50},"end":{"line":21,"column":151}},"type":"if","locations":[{"start":{"line":21,"column":50},"end":{"line":21,"column":151}},{"start":{"line":21,"column":50},"end":{"line":21,"column":151}}],"line":21},"7":{"loc":{"start":{"line":35,"column":28},"end":{"line":35,"column":97}},"type":"cond-expr","locations":[{"start":{"line":35,"column":81},"end":{"line":35,"column":93}},{"start":{"line":35,"column":96},"end":{"line":35,"column":97}}],"line":35},"8":{"loc":{"start":{"line":35,"column":28},"end":{"line":35,"column":78}},"type":"binary-expr","locations":[{"start":{"line":35,"column":28},"end":{"line":35,"column":48}},{"start":{"line":35,"column":52},"end":{"line":35,"column":78}}],"line":35},"9":{"loc":{"start":{"line":36,"column":21},"end":{"line":36,"column":91}},"type":"cond-expr","locations":[{"start":{"line":36,"column":74},"end":{"line":36,"column":86}},{"start":{"line":36,"column":89},"end":{"line":36,"column":91}}],"line":36},"10":{"loc":{"start":{"line":36,"column":21},"end":{"line":36,"column":71}},"type":"binary-expr","locations":[{"start":{"line":36,"column":21},"end":{"line":36,"column":41}},{"start":{"line":36,"column":45},"end":{"line":36,"column":71}}],"line":36},"11":{"loc":{"start":{"line":42,"column":8},"end":{"line":46,"column":9}},"type":"if","locations":[{"start":{"line":42,"column":8},"end":{"line":46,"column":9}},{"start":{"line":42,"column":8},"end":{"line":46,"column":9}}],"line":42},"12":{"loc":{"start":{"line":62,"column":12},"end":{"line":65,"column":13}},"type":"if","locations":[{"start":{"line":62,"column":12},"end":{"line":65,"column":13}},{"start":{"line":62,"column":12},"end":{"line":65,"column":13}}],"line":62},"13":{"loc":{"start":{"line":72,"column":12},"end":{"line":75,"column":13}},"type":"if","locations":[{"start":{"line":72,"column":12},"end":{"line":75,"column":13}},{"start":{"line":72,"column":12},"end":{"line":75,"column":13}}],"line":72},"14":{"loc":{"start":{"line":87,"column":12},"end":{"line":89,"column":13}},"type":"if","locations":[{"start":{"line":87,"column":12},"end":{"line":89,"column":13}},{"start":{"line":87,"column":12},"end":{"line":89,"column":13}}],"line":87},"15":{"loc":{"start":{"line":95,"column":12},"end":{"line":97,"column":13}},"type":"if","locations":[{"start":{"line":95,"column":12},"end":{"line":97,"column":13}},{"start":{"line":95,"column":12},"end":{"line":97,"column":13}}],"line":95},"16":{"loc":{"start":{"line":135,"column":12},"end":{"line":137,"column":13}},"type":"if","locations":[{"start":{"line":135,"column":12},"end":{"line":137,"column":13}},{"start":{"line":135,"column":12},"end":{"line":137,"column":13}}],"line":135},"17":{"loc":{"start":{"line":138,"column":12},"end":{"line":140,"column":13}},"type":"if","locations":[{"start":{"line":138,"column":12},"end":{"line":140,"column":13}},{"start":{"line":138,"column":12},"end":{"line":140,"column":13}}],"line":138},"18":{"loc":{"start":{"line":142,"column":16},"end":{"line":145,"column":17}},"type":"if","locations":[{"start":{"line":142,"column":16},"end":{"line":145,"column":17}},{"start":{"line":142,"column":16},"end":{"line":145,"column":17}}],"line":142},"19":{"loc":{"start":{"line":147,"column":16},"end":{"line":149,"column":17}},"type":"if","locations":[{"start":{"line":147,"column":16},"end":{"line":149,"column":17}},{"start":{"line":147,"column":16},"end":{"line":149,"column":17}}],"line":147},"20":{"loc":{"start":{"line":169,"column":12},"end":{"line":171,"column":13}},"type":"if","locations":[{"start":{"line":169,"column":12},"end":{"line":171,"column":13}},{"start":{"line":169,"column":12},"end":{"line":171,"column":13}}],"line":169},"21":{"loc":{"start":{"line":174,"column":20},"end":{"line":177,"column":21}},"type":"if","locations":[{"start":{"line":174,"column":20},"end":{"line":177,"column":21}},{"start":{"line":174,"column":20},"end":{"line":177,"column":21}}],"line":174},"22":{"loc":{"start":{"line":179,"column":20},"end":{"line":182,"column":21}},"type":"if","locations":[{"start":{"line":179,"column":20},"end":{"line":182,"column":21}},{"start":{"line":179,"column":20},"end":{"line":182,"column":21}}],"line":179},"23":{"loc":{"start":{"line":211,"column":12},"end":{"line":213,"column":13}},"type":"if","locations":[{"start":{"line":211,"column":12},"end":{"line":213,"column":13}},{"start":{"line":211,"column":12},"end":{"line":213,"column":13}}],"line":211},"24":{"loc":{"start":{"line":211,"column":16},"end":{"line":211,"column":74}},"type":"binary-expr","locations":[{"start":{"line":211,"column":16},"end":{"line":211,"column":41}},{"start":{"line":211,"column":45},"end":{"line":211,"column":74}}],"line":211}},"s":{"0":1,"1":1,"2":1,"3":1,"4":15,"5":15,"6":15,"7":15,"8":15,"9":15,"10":1,"11":1,"12":1,"13":1,"14":0,"15":1,"16":1,"17":1,"18":1,"19":1,"20":1,"21":2,"22":105,"23":0,"24":1,"25":105,"26":105,"27":105,"28":105,"29":105,"30":105,"31":105,"32":0,"33":105,"34":105,"35":105,"36":1,"37":6146,"38":6146,"39":6146,"40":6143,"41":28,"42":28,"43":6115,"44":6115,"45":3,"46":0,"47":0,"48":3,"49":3,"50":3,"51":1,"52":2,"53":193,"54":0,"55":193,"56":6345,"57":5,"58":5,"59":12,"60":12,"61":12,"62":12,"63":12,"64":0,"65":12,"66":0,"67":12,"68":126,"69":4,"70":4,"71":122,"72":122,"73":8,"74":114,"75":3,"76":3,"77":3,"78":3,"79":3,"80":3,"81":3,"82":71,"83":71,"84":0,"85":0,"86":71,"87":71,"88":3,"89":68,"90":0,"91":1583,"92":3579,"93":3579,"94":3579,"95":2442,"96":2442,"97":1,"98":2441,"99":2441,"100":2441,"101":0,"102":0,"103":3579,"104":3579,"105":8,"106":8,"107":1,"108":1},"f":{"0":1,"1":1,"2":1,"3":2,"4":105,"5":1,"6":105,"7":6146,"8":6143,"9":3,"10":3,"11":193,"12":6345,"13":5,"14":12,"15":3,"16":1583,"17":3579,"18":2442,"19":0,"20":3579,"21":8},"b":{"0":[15,15],"1":[15,0],"2":[1,0],"3":[0,1],"4":[0,2],"5":[2,2],"6":[0,105],"7":[0,105],"8":[105,0],"9":[0,105],"10":[105,0],"11":[105,0],"12":[28,6115],"13":[0,3],"14":[1,2],"15":[0,193],"16":[0,12],"17":[0,12],"18":[4,122],"19":[8,114],"20":[3,0],"21":[0,71],"22":[3,68],"23":[1,2441],"24":[2442,10]},"_coverageSchema":"43e27e138ebf9cfc5966b082cf9a028302ed4184","hash":"193ba2424d21bbee83bad1dd3d6d462242043be2","contentHash":"6c93454b470df0f6a19c0d67096db20bab950f95de3272760e8f4dd934ce3208"},"/Users/jefflee/Project/pdf-backend/src/error.js":{"path":"/Users/jefflee/Project/pdf-backend/src/error.js","statementMap":{"0":{"start":{"line":3,"column":0},"end":{"line":5,"column":3}},"1":{"start":{"line":7,"column":50},"end":{"line":7,"column":151}},"2":{"start":{"line":7,"column":92},"end":{"line":7,"column":149}},"3":{"start":{"line":9,"column":50},"end":{"line":9,"column":151}},"4":{"start":{"line":9,"column":63},"end":{"line":9,"column":149}},"5":{"start":{"line":9,"column":152},"end":{"line":9,"column":238}},"6":{"start":{"line":11,"column":43},"end":{"line":11,"column":208}},"7":{"start":{"line":11,"column":106},"end":{"line":11,"column":206}},"8":{"start":{"line":11,"column":209},"end":{"line":11,"column":373}},"9":{"start":{"line":11,"column":374},"end":{"line":11,"column":492}},"10":{"start":{"line":11,"column":390},"end":{"line":11,"column":492}},"11":{"start":{"line":13,"column":35},"end":{"line":33,"column":8}},"12":{"start":{"line":14,"column":4},"end":{"line":14,"column":52}},"13":{"start":{"line":19,"column":8},"end":{"line":19,"column":60}},"14":{"start":{"line":21,"column":8},"end":{"line":23,"column":9}},"15":{"start":{"line":21,"column":24},"end":{"line":21,"column":40}},"16":{"start":{"line":21,"column":49},"end":{"line":21,"column":60}},"17":{"start":{"line":21,"column":69},"end":{"line":21,"column":70}},"18":{"start":{"line":22,"column":12},"end":{"line":22,"column":41}},"19":{"start":{"line":25,"column":20},"end":{"line":25,"column":194}},"20":{"start":{"line":27,"column":8},"end":{"line":27,"column":69}},"21":{"start":{"line":28,"column":8},"end":{"line":28,"column":52}},"22":{"start":{"line":29,"column":8},"end":{"line":29,"column":21}},"23":{"start":{"line":32,"column":4},"end":{"line":32,"column":40}},"24":{"start":{"line":35,"column":28},"end":{"line":55,"column":8}},"25":{"start":{"line":36,"column":4},"end":{"line":36,"column":46}},"26":{"start":{"line":41,"column":8},"end":{"line":41,"column":53}},"27":{"start":{"line":43,"column":8},"end":{"line":45,"column":9}},"28":{"start":{"line":43,"column":25},"end":{"line":43,"column":41}},"29":{"start":{"line":43,"column":50},"end":{"line":43,"column":62}},"30":{"start":{"line":43,"column":72},"end":{"line":43,"column":73}},"31":{"start":{"line":44,"column":12},"end":{"line":44,"column":43}},"32":{"start":{"line":47,"column":21},"end":{"line":47,"column":183}},"33":{"start":{"line":49,"column":8},"end":{"line":49,"column":63}},"34":{"start":{"line":50,"column":8},"end":{"line":50,"column":46}},"35":{"start":{"line":51,"column":8},"end":{"line":51,"column":22}},"36":{"start":{"line":54,"column":4},"end":{"line":54,"column":33}},"37":{"start":{"line":57,"column":27},"end":{"line":77,"column":8}},"38":{"start":{"line":58,"column":4},"end":{"line":58,"column":45}},"39":{"start":{"line":63,"column":8},"end":{"line":63,"column":52}},"40":{"start":{"line":65,"column":8},"end":{"line":67,"column":9}},"41":{"start":{"line":65,"column":25},"end":{"line":65,"column":41}},"42":{"start":{"line":65,"column":50},"end":{"line":65,"column":62}},"43":{"start":{"line":65,"column":72},"end":{"line":65,"column":73}},"44":{"start":{"line":66,"column":12},"end":{"line":66,"column":43}},"45":{"start":{"line":69,"column":21},"end":{"line":69,"column":181}},"46":{"start":{"line":71,"column":8},"end":{"line":71,"column":62}},"47":{"start":{"line":72,"column":8},"end":{"line":72,"column":45}},"48":{"start":{"line":73,"column":8},"end":{"line":73,"column":22}},"49":{"start":{"line":76,"column":4},"end":{"line":76,"column":32}}},"fnMap":{"0":{"name":"_classCallCheck","decl":{"start":{"line":7,"column":9},"end":{"line":7,"column":24}},"loc":{"start":{"line":7,"column":48},"end":{"line":7,"column":153}},"line":7},"1":{"name":"_possibleConstructorReturn","decl":{"start":{"line":9,"column":9},"end":{"line":9,"column":35}},"loc":{"start":{"line":9,"column":48},"end":{"line":9,"column":240}},"line":9},"2":{"name":"_inherits","decl":{"start":{"line":11,"column":9},"end":{"line":11,"column":18}},"loc":{"start":{"line":11,"column":41},"end":{"line":11,"column":494}},"line":11},"3":{"name":"(anonymous_3)","decl":{"start":{"line":13,"column":74},"end":{"line":13,"column":75}},"loc":{"start":{"line":13,"column":92},"end":{"line":33,"column":1}},"line":13},"4":{"name":"ReaderOffsetExceedLimitError","decl":{"start":{"line":16,"column":13},"end":{"line":16,"column":41}},"loc":{"start":{"line":16,"column":44},"end":{"line":30,"column":5}},"line":16},"5":{"name":"(anonymous_5)","decl":{"start":{"line":35,"column":60},"end":{"line":35,"column":61}},"loc":{"start":{"line":35,"column":79},"end":{"line":55,"column":1}},"line":35},"6":{"name":"InvalidPDFFormatError","decl":{"start":{"line":38,"column":13},"end":{"line":38,"column":34}},"loc":{"start":{"line":38,"column":37},"end":{"line":52,"column":5}},"line":38},"7":{"name":"(anonymous_7)","decl":{"start":{"line":57,"column":58},"end":{"line":57,"column":59}},"loc":{"start":{"line":57,"column":77},"end":{"line":77,"column":1}},"line":57},"8":{"name":"RestorePositionError","decl":{"start":{"line":60,"column":13},"end":{"line":60,"column":33}},"loc":{"start":{"line":60,"column":36},"end":{"line":74,"column":5}},"line":60}},"branchMap":{"0":{"loc":{"start":{"line":7,"column":50},"end":{"line":7,"column":151}},"type":"if","locations":[{"start":{"line":7,"column":50},"end":{"line":7,"column":151}},{"start":{"line":7,"column":50},"end":{"line":7,"column":151}}],"line":7},"1":{"loc":{"start":{"line":9,"column":50},"end":{"line":9,"column":151}},"type":"if","locations":[{"start":{"line":9,"column":50},"end":{"line":9,"column":151}},{"start":{"line":9,"column":50},"end":{"line":9,"column":151}}],"line":9},"2":{"loc":{"start":{"line":9,"column":159},"end":{"line":9,"column":237}},"type":"cond-expr","locations":[{"start":{"line":9,"column":226},"end":{"line":9,"column":230}},{"start":{"line":9,"column":233},"end":{"line":9,"column":237}}],"line":9},"3":{"loc":{"start":{"line":9,"column":159},"end":{"line":9,"column":223}},"type":"binary-expr","locations":[{"start":{"line":9,"column":159},"end":{"line":9,"column":163}},{"start":{"line":9,"column":168},"end":{"line":9,"column":192}},{"start":{"line":9,"column":196},"end":{"line":9,"column":222}}],"line":9},"4":{"loc":{"start":{"line":11,"column":43},"end":{"line":11,"column":208}},"type":"if","locations":[{"start":{"line":11,"column":43},"end":{"line":11,"column":208}},{"start":{"line":11,"column":43},"end":{"line":11,"column":208}}],"line":11},"5":{"loc":{"start":{"line":11,"column":47},"end":{"line":11,"column":102}},"type":"binary-expr","locations":[{"start":{"line":11,"column":47},"end":{"line":11,"column":79}},{"start":{"line":11,"column":83},"end":{"line":11,"column":102}}],"line":11},"6":{"loc":{"start":{"line":11,"column":244},"end":{"line":11,"column":278}},"type":"binary-expr","locations":[{"start":{"line":11,"column":244},"end":{"line":11,"column":254}},{"start":{"line":11,"column":258},"end":{"line":11,"column":278}}],"line":11},"7":{"loc":{"start":{"line":11,"column":374},"end":{"line":11,"column":492}},"type":"if","locations":[{"start":{"line":11,"column":374},"end":{"line":11,"column":492}},{"start":{"line":11,"column":374},"end":{"line":11,"column":492}}],"line":11},"8":{"loc":{"start":{"line":11,"column":390},"end":{"line":11,"column":491}},"type":"cond-expr","locations":[{"start":{"line":11,"column":414},"end":{"line":11,"column":457}},{"start":{"line":11,"column":460},"end":{"line":11,"column":491}}],"line":11},"9":{"loc":{"start":{"line":25,"column":61},"end":{"line":25,"column":154}},"type":"binary-expr","locations":[{"start":{"line":25,"column":61},"end":{"line":25,"column":99}},{"start":{"line":25,"column":103},"end":{"line":25,"column":154}}],"line":25},"10":{"loc":{"start":{"line":47,"column":63},"end":{"line":47,"column":142}},"type":"binary-expr","locations":[{"start":{"line":47,"column":63},"end":{"line":47,"column":94}},{"start":{"line":47,"column":98},"end":{"line":47,"column":142}}],"line":47},"11":{"loc":{"start":{"line":69,"column":63},"end":{"line":69,"column":140}},"type":"binary-expr","locations":[{"start":{"line":69,"column":63},"end":{"line":69,"column":93}},{"start":{"line":69,"column":97},"end":{"line":69,"column":140}}],"line":69}},"s":{"0":1,"1":5,"2":0,"3":5,"4":0,"5":5,"6":3,"7":0,"8":3,"9":3,"10":3,"11":1,"12":1,"13":4,"14":4,"15":4,"16":4,"17":4,"18":4,"19":4,"20":4,"21":4,"22":4,"23":1,"24":1,"25":1,"26":0,"27":0,"28":0,"29":0,"30":0,"31":0,"32":0,"33":0,"34":0,"35":0,"36":1,"37":1,"38":1,"39":1,"40":1,"41":1,"42":1,"43":1,"44":1,"45":1,"46":1,"47":1,"48":1,"49":1},"f":{"0":5,"1":5,"2":3,"3":1,"4":4,"5":1,"6":0,"7":1,"8":1},"b":{"0":[0,5],"1":[0,5],"2":[5,0],"3":[5,5,0],"4":[0,3],"5":[3,0],"6":[3,3],"7":[3,0],"8":[3,0],"9":[4,0],"10":[0,0],"11":[1,0]},"_coverageSchema":"43e27e138ebf9cfc5966b082cf9a028302ed4184","hash":"6388627936b0d5a6fe3cfc705f04ac9bea7225d7","contentHash":"dc4a38898c91d2549d01126422df7b61197609a7b2be336776f85dd60237760b"},"/Users/jefflee/Project/pdf-backend/src/object/pdf/PDFDocument.js":{"path":"/Users/jefflee/Project/pdf-backend/src/object/pdf/PDFDocument.js","statementMap":{"0":{"start":{"line":3,"column":0},"end":{"line":5,"column":3}},"1":{"start":{"line":7,"column":19},"end":{"line":7,"column":563}},"2":{"start":{"line":7,"column":76},"end":{"line":7,"column":347}},"3":{"start":{"line":7,"column":89},"end":{"line":7,"column":90}},"4":{"start":{"line":7,"column":134},"end":{"line":7,"column":142}},"5":{"start":{"line":7,"column":144},"end":{"line":7,"column":199}},"6":{"start":{"line":7,"column":200},"end":{"line":7,"column":231}},"7":{"start":{"line":7,"column":232},"end":{"line":7,"column":286}},"8":{"start":{"line":7,"column":259},"end":{"line":7,"column":286}},"9":{"start":{"line":7,"column":287},"end":{"line":7,"column":345}},"10":{"start":{"line":7,"column":350},"end":{"line":7,"column":559}},"11":{"start":{"line":7,"column":407},"end":{"line":7,"column":475}},"12":{"start":{"line":7,"column":423},"end":{"line":7,"column":475}},"13":{"start":{"line":7,"column":476},"end":{"line":7,"column":536}},"14":{"start":{"line":7,"column":493},"end":{"line":7,"column":536}},"15":{"start":{"line":7,"column":537},"end":{"line":7,"column":556}},"16":{"start":{"line":9,"column":14},"end":{"line":9,"column":37}},"17":{"start":{"line":11,"column":13},"end":{"line":11,"column":35}},"18":{"start":{"line":13,"column":14},"end":{"line":13,"column":37}},"19":{"start":{"line":15,"column":15},"end":{"line":15,"column":46}},"20":{"start":{"line":17,"column":20},"end":{"line":17,"column":45}},"21":{"start":{"line":19,"column":21},"end":{"line":19,"column":58}},"22":{"start":{"line":21,"column":15},"end":{"line":21,"column":36}},"23":{"start":{"line":23,"column":16},"end":{"line":23,"column":48}},"24":{"start":{"line":25,"column":14},"end":{"line":25,"column":44}},"25":{"start":{"line":27,"column":15},"end":{"line":27,"column":46}},"26":{"start":{"line":29,"column":14},"end":{"line":29,"column":34}},"27":{"start":{"line":31,"column":15},"end":{"line":31,"column":46}},"28":{"start":{"line":33,"column":16},"end":{"line":33,"column":38}},"29":{"start":{"line":35,"column":17},"end":{"line":35,"column":50}},"30":{"start":{"line":37,"column":39},"end":{"line":37,"column":93}},"31":{"start":{"line":39,"column":50},"end":{"line":39,"column":151}},"32":{"start":{"line":39,"column":92},"end":{"line":39,"column":149}},"33":{"start":{"line":41,"column":18},"end":{"line":109,"column":3}},"34":{"start":{"line":43,"column":8},"end":{"line":43,"column":43}},"35":{"start":{"line":45,"column":8},"end":{"line":45,"column":51}},"36":{"start":{"line":46,"column":8},"end":{"line":46,"column":45}},"37":{"start":{"line":49,"column":4},"end":{"line":106,"column":8}},"38":{"start":{"line":52,"column":12},"end":{"line":58,"column":13}},"39":{"start":{"line":53,"column":27},"end":{"line":53,"column":62}},"40":{"start":{"line":54,"column":16},"end":{"line":54,"column":34}},"41":{"start":{"line":56,"column":16},"end":{"line":56,"column":42}},"42":{"start":{"line":57,"column":16},"end":{"line":57,"column":57}},"43":{"start":{"line":64,"column":12},"end":{"line":64,"column":25}},"44":{"start":{"line":69,"column":31},"end":{"line":69,"column":42}},"45":{"start":{"line":71,"column":12},"end":{"line":90,"column":13}},"46":{"start":{"line":74,"column":16},"end":{"line":74,"column":36}},"47":{"start":{"line":75,"column":28},"end":{"line":75,"column":70}},"48":{"start":{"line":76,"column":16},"end":{"line":89,"column":17}},"49":{"start":{"line":77,"column":20},"end":{"line":77,"column":73}},"50":{"start":{"line":78,"column":20},"end":{"line":78,"column":63}},"51":{"start":{"line":79,"column":33},"end":{"line":79,"column":56}},"52":{"start":{"line":80,"column":33},"end":{"line":80,"column":57}},"53":{"start":{"line":81,"column":20},"end":{"line":86,"column":21}},"54":{"start":{"line":82,"column":24},"end":{"line":82,"column":145}},"55":{"start":{"line":83,"column":24},"end":{"line":83,"column":44}},"56":{"start":{"line":85,"column":24},"end":{"line":85,"column":146}},"57":{"start":{"line":88,"column":20},"end":{"line":88,"column":130}},"58":{"start":{"line":95,"column":12},"end":{"line":95,"column":32}},"59":{"start":{"line":96,"column":12},"end":{"line":96,"column":53}},"60":{"start":{"line":98,"column":28},"end":{"line":98,"column":56}},"61":{"start":{"line":99,"column":25},"end":{"line":99,"column":52}},"62":{"start":{"line":100,"column":12},"end":{"line":104,"column":13}},"63":{"start":{"line":101,"column":16},"end":{"line":101,"column":33}},"64":{"start":{"line":103,"column":16},"end":{"line":103,"column":151}},"65":{"start":{"line":108,"column":4},"end":{"line":108,"column":23}},"66":{"start":{"line":111,"column":0},"end":{"line":111,"column":30}}},"fnMap":{"0":{"name":"(anonymous_0)","decl":{"start":{"line":7,"column":19},"end":{"line":7,"column":20}},"loc":{"start":{"line":7,"column":31},"end":{"line":7,"column":561}},"line":7},"1":{"name":"defineProperties","decl":{"start":{"line":7,"column":42},"end":{"line":7,"column":58}},"loc":{"start":{"line":7,"column":74},"end":{"line":7,"column":349}},"line":7},"2":{"name":"(anonymous_2)","decl":{"start":{"line":7,"column":357},"end":{"line":7,"column":358}},"loc":{"start":{"line":7,"column":405},"end":{"line":7,"column":558}},"line":7},"3":{"name":"_interopRequireDefault","decl":{"start":{"line":37,"column":9},"end":{"line":37,"column":31}},"loc":{"start":{"line":37,"column":37},"end":{"line":37,"column":95}},"line":37},"4":{"name":"_classCallCheck","decl":{"start":{"line":39,"column":9},"end":{"line":39,"column":24}},"loc":{"start":{"line":39,"column":48},"end":{"line":39,"column":153}},"line":39},"5":{"name":"(anonymous_5)","decl":{"start":{"line":41,"column":18},"end":{"line":41,"column":19}},"loc":{"start":{"line":41,"column":30},"end":{"line":109,"column":1}},"line":41},"6":{"name":"PDFDocument","decl":{"start":{"line":42,"column":13},"end":{"line":42,"column":24}},"loc":{"start":{"line":42,"column":31},"end":{"line":47,"column":5}},"line":42},"7":{"name":"load","decl":{"start":{"line":51,"column":24},"end":{"line":51,"column":28}},"loc":{"start":{"line":51,"column":31},"end":{"line":59,"column":9}},"line":51},"8":{"name":"get","decl":{"start":{"line":62,"column":22},"end":{"line":62,"column":25}},"loc":{"start":{"line":62,"column":28},"end":{"line":65,"column":9}},"line":62},"9":{"name":"get","decl":{"start":{"line":68,"column":22},"end":{"line":68,"column":25}},"loc":{"start":{"line":68,"column":28},"end":{"line":91,"column":9}},"line":68},"10":{"name":"get","decl":{"start":{"line":94,"column":22},"end":{"line":94,"column":25}},"loc":{"start":{"line":94,"column":28},"end":{"line":105,"column":9}},"line":94}},"branchMap":{"0":{"loc":{"start":{"line":7,"column":168},"end":{"line":7,"column":198}},"type":"binary-expr","locations":[{"start":{"line":7,"column":168},"end":{"line":7,"column":189}},{"start":{"line":7,"column":193},"end":{"line":7,"column":198}}],"line":7},"1":{"loc":{"start":{"line":7,"column":232},"end":{"line":7,"column":286}},"type":"if","locations":[{"start":{"line":7,"column":232},"end":{"line":7,"column":286}},{"start":{"line":7,"column":232},"end":{"line":7,"column":286}}],"line":7},"2":{"loc":{"start":{"line":7,"column":407},"end":{"line":7,"column":475}},"type":"if","locations":[{"start":{"line":7,"column":407},"end":{"line":7,"column":475}},{"start":{"line":7,"column":407},"end":{"line":7,"column":475}}],"line":7},"3":{"loc":{"start":{"line":7,"column":476},"end":{"line":7,"column":536}},"type":"if","locations":[{"start":{"line":7,"column":476},"end":{"line":7,"column":536}},{"start":{"line":7,"column":476},"end":{"line":7,"column":536}}],"line":7},"4":{"loc":{"start":{"line":37,"column":46},"end":{"line":37,"column":92}},"type":"cond-expr","locations":[{"start":{"line":37,"column":70},"end":{"line":37,"column":73}},{"start":{"line":37,"column":76},"end":{"line":37,"column":92}}],"line":37},"5":{"loc":{"start":{"line":37,"column":46},"end":{"line":37,"column":67}},"type":"binary-expr","locations":[{"start":{"line":37,"column":46},"end":{"line":37,"column":49}},{"start":{"line":37,"column":53},"end":{"line":37,"column":67}}],"line":37},"6":{"loc":{"start":{"line":39,"column":50},"end":{"line":39,"column":151}},"type":"if","locations":[{"start":{"line":39,"column":50},"end":{"line":39,"column":151}},{"start":{"line":39,"column":50},"end":{"line":39,"column":151}}],"line":39},"7":{"loc":{"start":{"line":71,"column":12},"end":{"line":90,"column":13}},"type":"if","locations":[{"start":{"line":71,"column":12},"end":{"line":90,"column":13}},{"start":{"line":71,"column":12},"end":{"line":90,"column":13}}],"line":71},"8":{"loc":{"start":{"line":76,"column":16},"end":{"line":89,"column":17}},"type":"if","locations":[{"start":{"line":76,"column":16},"end":{"line":89,"column":17}},{"start":{"line":76,"column":16},"end":{"line":89,"column":17}}],"line":76},"9":{"loc":{"start":{"line":81,"column":20},"end":{"line":86,"column":21}},"type":"if","locations":[{"start":{"line":81,"column":20},"end":{"line":86,"column":21}},{"start":{"line":81,"column":20},"end":{"line":86,"column":21}}],"line":81},"10":{"loc":{"start":{"line":100,"column":12},"end":{"line":104,"column":13}},"type":"if","locations":[{"start":{"line":100,"column":12},"end":{"line":104,"column":13}},{"start":{"line":100,"column":12},"end":{"line":104,"column":13}}],"line":100}},"s":{"0":1,"1":1,"2":1,"3":1,"4":4,"5":4,"6":4,"7":4,"8":1,"9":4,"10":1,"11":1,"12":1,"13":1,"14":0,"15":1,"16":1,"17":1,"18":1,"19":1,"20":1,"21":1,"22":1,"23":1,"24":1,"25":1,"26":1,"27":1,"28":1,"29":1,"30":6,"31":5,"32":0,"33":1,"34":5,"35":5,"36":3,"37":1,"38":0,"39":0,"40":0,"41":0,"42":0,"43":3,"44":3,"45":3,"46":3,"47":3,"48":3,"49":3,"50":3,"51":3,"52":3,"53":3,"54":3,"55":3,"56":0,"57":0,"58":1,"59":1,"60":1,"61":1,"62":1,"63":1,"64":0,"65":1,"66":1},"f":{"0":1,"1":1,"2":1,"3":6,"4":5,"5":1,"6":5,"7":0,"8":3,"9":3,"10":1},"b":{"0":[4,4],"1":[1,3],"2":[1,0],"3":[0,1],"4":[6,0],"5":[6,6],"6":[0,5],"7":[0,3],"8":[3,0],"9":[3,0],"10":[1,0]},"_coverageSchema":"43e27e138ebf9cfc5966b082cf9a028302ed4184","hash":"8012cd8476af928c1f7897bed8946c6fe9e68eac","contentHash":"093f897772f5f027300318f6ee335cc9eb6bdc1d814784401d658bb719ec65ed"},"/Users/jefflee/Project/pdf-backend/src/logger.js":{"path":"/Users/jefflee/Project/pdf-backend/src/logger.js","statementMap":{"0":{"start":{"line":3,"column":0},"end":{"line":5,"column":3}},"1":{"start":{"line":7,"column":15},"end":{"line":7,"column":33}},"2":{"start":{"line":9,"column":16},"end":{"line":9,"column":48}},"3":{"start":{"line":11,"column":39},"end":{"line":11,"column":93}},"4":{"start":{"line":13,"column":13},"end":{"line":17,"column":2}},"5":{"start":{"line":19,"column":0},"end":{"line":19,"column":25}}},"fnMap":{"0":{"name":"_interopRequireDefault","decl":{"start":{"line":11,"column":9},"end":{"line":11,"column":31}},"loc":{"start":{"line":11,"column":37},"end":{"line":11,"column":95}},"line":11}},"branchMap":{"0":{"loc":{"start":{"line":11,"column":46},"end":{"line":11,"column":92}},"type":"cond-expr","locations":[{"start":{"line":11,"column":70},"end":{"line":11,"column":73}},{"start":{"line":11,"column":76},"end":{"line":11,"column":92}}],"line":11},"1":{"loc":{"start":{"line":11,"column":46},"end":{"line":11,"column":67}},"type":"binary-expr","locations":[{"start":{"line":11,"column":46},"end":{"line":11,"column":49}},{"start":{"line":11,"column":53},"end":{"line":11,"column":67}}],"line":11}},"s":{"0":1,"1":1,"2":1,"3":1,"4":1,"5":1},"f":{"0":1},"b":{"0":[0,1],"1":[1,1]},"_coverageSchema":"43e27e138ebf9cfc5966b082cf9a028302ed4184","hash":"fbcc69d250f79928bb45ed93dfe410e5f60ba512","contentHash":"0a40e872ff33d0569cf64e9b0a21c857096eddcd1a90674c34cd18d35c772711"},"/Users/jefflee/Project/pdf-backend/src/object/pdf/PDFXrefTable.js":{"path":"/Users/jefflee/Project/pdf-backend/src/object/pdf/PDFXrefTable.js","statementMap":{"0":{"start":{"line":3,"column":0},"end":{"line":5,"column":3}},"1":{"start":{"line":7,"column":19},"end":{"line":7,"column":563}},"2":{"start":{"line":7,"column":76},"end":{"line":7,"column":347}},"3":{"start":{"line":7,"column":89},"end":{"line":7,"column":90}},"4":{"start":{"line":7,"column":134},"end":{"line":7,"column":142}},"5":{"start":{"line":7,"column":144},"end":{"line":7,"column":199}},"6":{"start":{"line":7,"column":200},"end":{"line":7,"column":231}},"7":{"start":{"line":7,"column":232},"end":{"line":7,"column":286}},"8":{"start":{"line":7,"column":259},"end":{"line":7,"column":286}},"9":{"start":{"line":7,"column":287},"end":{"line":7,"column":345}},"10":{"start":{"line":7,"column":350},"end":{"line":7,"column":559}},"11":{"start":{"line":7,"column":407},"end":{"line":7,"column":475}},"12":{"start":{"line":7,"column":423},"end":{"line":7,"column":475}},"13":{"start":{"line":7,"column":476},"end":{"line":7,"column":536}},"14":{"start":{"line":7,"column":493},"end":{"line":7,"column":536}},"15":{"start":{"line":7,"column":537},"end":{"line":7,"column":556}},"16":{"start":{"line":9,"column":18},"end":{"line":9,"column":41}},"17":{"start":{"line":11,"column":18},"end":{"line":11,"column":53}},"18":{"start":{"line":13,"column":14},"end":{"line":13,"column":34}},"19":{"start":{"line":15,"column":15},"end":{"line":15,"column":46}},"20":{"start":{"line":17,"column":15},"end":{"line":17,"column":45}},"21":{"start":{"line":19,"column":15},"end":{"line":19,"column":47}},"22":{"start":{"line":21,"column":15},"end":{"line":21,"column":36}},"23":{"start":{"line":23,"column":16},"end":{"line":23,"column":48}},"24":{"start":{"line":25,"column":14},"end":{"line":25,"column":43}},"25":{"start":{"line":27,"column":14},"end":{"line":27,"column":45}},"26":{"start":{"line":29,"column":16},"end":{"line":29,"column":38}},"27":{"start":{"line":31,"column":17},"end":{"line":31,"column":50}},"28":{"start":{"line":33,"column":20},"end":{"line":33,"column":46}},"29":{"start":{"line":35,"column":21},"end":{"line":35,"column":58}},"30":{"start":{"line":37,"column":39},"end":{"line":37,"column":93}},"31":{"start":{"line":39,"column":50},"end":{"line":39,"column":151}},"32":{"start":{"line":39,"column":92},"end":{"line":39,"column":149}},"33":{"start":{"line":41,"column":50},"end":{"line":41,"column":151}},"34":{"start":{"line":41,"column":63},"end":{"line":41,"column":149}},"35":{"start":{"line":41,"column":152},"end":{"line":41,"column":238}},"36":{"start":{"line":43,"column":43},"end":{"line":43,"column":208}},"37":{"start":{"line":43,"column":106},"end":{"line":43,"column":206}},"38":{"start":{"line":43,"column":209},"end":{"line":43,"column":373}},"39":{"start":{"line":43,"column":374},"end":{"line":43,"column":492}},"40":{"start":{"line":43,"column":390},"end":{"line":43,"column":492}},"41":{"start":{"line":45,"column":19},"end":{"line":132,"column":22}},"42":{"start":{"line":46,"column":4},"end":{"line":46,"column":40}},"43":{"start":{"line":49,"column":8},"end":{"line":49,"column":44}},"44":{"start":{"line":51,"column":8},"end":{"line":51,"column":132}},"45":{"start":{"line":54,"column":4},"end":{"line":129,"column":8}},"46":{"start":{"line":57,"column":23},"end":{"line":57,"column":44}},"47":{"start":{"line":58,"column":24},"end":{"line":58,"column":39}},"48":{"start":{"line":60,"column":12},"end":{"line":63,"column":13}},"49":{"start":{"line":61,"column":16},"end":{"line":61,"column":45}},"50":{"start":{"line":62,"column":16},"end":{"line":62,"column":28}},"51":{"start":{"line":65,"column":23},"end":{"line":65,"column":25}},"52":{"start":{"line":67,"column":12},"end":{"line":91,"column":13}},"53":{"start":{"line":69,"column":16},"end":{"line":69,"column":54}},"54":{"start":{"line":71,"column":29},"end":{"line":71,"column":60}},"55":{"start":{"line":72,"column":35},"end":{"line":72,"column":54}},"56":{"start":{"line":73,"column":16},"end":{"line":76,"column":17}},"57":{"start":{"line":74,"column":20},"end":{"line":74,"column":38}},"58":{"start":{"line":75,"column":20},"end":{"line":75,"column":29}},"59":{"start":{"line":78,"column":28},"end":{"line":78,"column":58}},"60":{"start":{"line":79,"column":34},"end":{"line":79,"column":52}},"61":{"start":{"line":80,"column":16},"end":{"line":83,"column":17}},"62":{"start":{"line":81,"column":20},"end":{"line":81,"column":37}},"63":{"start":{"line":82,"column":20},"end":{"line":82,"column":29}},"64":{"start":{"line":85,"column":16},"end":{"line":85,"column":43}},"65":{"start":{"line":86,"column":16},"end":{"line":86,"column":33}},"66":{"start":{"line":87,"column":16},"end":{"line":87,"column":35}},"67":{"start":{"line":88,"column":16},"end":{"line":90,"column":18}},"68":{"start":{"line":96,"column":12},"end":{"line":101,"column":14}},"69":{"start":{"line":98,"column":20},"end":{"line":98,"column":38}},"70":{"start":{"line":106,"column":24},"end":{"line":106,"column":26}},"71":{"start":{"line":107,"column":36},"end":{"line":107,"column":37}},"72":{"start":{"line":108,"column":26},"end":{"line":108,"column":31}},"73":{"start":{"line":109,"column":12},"end":{"line":126,"column":13}},"74":{"start":{"line":110,"column":26},"end":{"line":110,"column":47}},"75":{"start":{"line":111,"column":16},"end":{"line":125,"column":17}},"76":{"start":{"line":112,"column":20},"end":{"line":112,"column":35}},"77":{"start":{"line":113,"column":20},"end":{"line":113,"column":62}},"78":{"start":{"line":115,"column":20},"end":{"line":124,"column":21}},"79":{"start":{"line":116,"column":24},"end":{"line":122,"column":25}},"80":{"start":{"line":117,"column":28},"end":{"line":121,"column":31}},"81":{"start":{"line":123,"column":24},"end":{"line":123,"column":44}},"82":{"start":{"line":127,"column":12},"end":{"line":127,"column":25}},"83":{"start":{"line":131,"column":4},"end":{"line":131,"column":24}},"84":{"start":{"line":134,"column":0},"end":{"line":134,"column":31}},"85":{"start":{"line":136,"column":32},"end":{"line":153,"column":19}},"86":{"start":{"line":137,"column":4},"end":{"line":137,"column":50}},"87":{"start":{"line":140,"column":8},"end":{"line":140,"column":57}},"88":{"start":{"line":142,"column":8},"end":{"line":142,"column":158}},"89":{"start":{"line":145,"column":4},"end":{"line":150,"column":8}},"90":{"start":{"line":148,"column":12},"end":{"line":148,"column":182}},"91":{"start":{"line":152,"column":4},"end":{"line":152,"column":37}},"92":{"start":{"line":155,"column":31},"end":{"line":172,"column":19}},"93":{"start":{"line":156,"column":4},"end":{"line":156,"column":50}},"94":{"start":{"line":159,"column":8},"end":{"line":159,"column":56}},"95":{"start":{"line":161,"column":8},"end":{"line":161,"column":156}},"96":{"start":{"line":164,"column":4},"end":{"line":169,"column":8}},"97":{"start":{"line":167,"column":12},"end":{"line":167,"column":258}},"98":{"start":{"line":171,"column":4},"end":{"line":171,"column":36}},"99":{"start":{"line":174,"column":35},"end":{"line":191,"column":18}},"100":{"start":{"line":175,"column":4},"end":{"line":175,"column":52}},"101":{"start":{"line":178,"column":8},"end":{"line":178,"column":60}},"102":{"start":{"line":180,"column":8},"end":{"line":180,"column":164}},"103":{"start":{"line":183,"column":4},"end":{"line":188,"column":8}},"104":{"start":{"line":186,"column":12},"end":{"line":186,"column":74}},"105":{"start":{"line":190,"column":4},"end":{"line":190,"column":40}}},"fnMap":{"0":{"name":"(anonymous_0)","decl":{"start":{"line":7,"column":19},"end":{"line":7,"column":20}},"loc":{"start":{"line":7,"column":31},"end":{"line":7,"column":561}},"line":7},"1":{"name":"defineProperties","decl":{"start":{"line":7,"column":42},"end":{"line":7,"column":58}},"loc":{"start":{"line":7,"column":74},"end":{"line":7,"column":349}},"line":7},"2":{"name":"(anonymous_2)","decl":{"start":{"line":7,"column":357},"end":{"line":7,"column":358}},"loc":{"start":{"line":7,"column":405},"end":{"line":7,"column":558}},"line":7},"3":{"name":"_interopRequireDefault","decl":{"start":{"line":37,"column":9},"end":{"line":37,"column":31}},"loc":{"start":{"line":37,"column":37},"end":{"line":37,"column":95}},"line":37},"4":{"name":"_classCallCheck","decl":{"start":{"line":39,"column":9},"end":{"line":39,"column":24}},"loc":{"start":{"line":39,"column":48},"end":{"line":39,"column":153}},"line":39},"5":{"name":"_possibleConstructorReturn","decl":{"start":{"line":41,"column":9},"end":{"line":41,"column":35}},"loc":{"start":{"line":41,"column":48},"end":{"line":41,"column":240}},"line":41},"6":{"name":"_inherits","decl":{"start":{"line":43,"column":9},"end":{"line":43,"column":18}},"loc":{"start":{"line":43,"column":41},"end":{"line":43,"column":494}},"line":43},"7":{"name":"(anonymous_7)","decl":{"start":{"line":45,"column":19},"end":{"line":45,"column":20}},"loc":{"start":{"line":45,"column":41},"end":{"line":132,"column":1}},"line":45},"8":{"name":"PDFXRefTable","decl":{"start":{"line":48,"column":13},"end":{"line":48,"column":25}},"loc":{"start":{"line":48,"column":34},"end":{"line":52,"column":5}},"line":48},"9":{"name":"pipe","decl":{"start":{"line":56,"column":24},"end":{"line":56,"column":28}},"loc":{"start":{"line":56,"column":37},"end":{"line":92,"column":9}},"line":56},"10":{"name":"toJSON","decl":{"start":{"line":95,"column":24},"end":{"line":95,"column":30}},"loc":{"start":{"line":95,"column":33},"end":{"line":102,"column":9}},"line":95},"11":{"name":"(anonymous_11)","decl":{"start":{"line":97,"column":36},"end":{"line":97,"column":37}},"loc":{"start":{"line":97,"column":49},"end":{"line":99,"column":17}},"line":97},"12":{"name":"get","decl":{"start":{"line":105,"column":22},"end":{"line":105,"column":25}},"loc":{"start":{"line":105,"column":28},"end":{"line":128,"column":9}},"line":105},"13":{"name":"(anonymous_13)","decl":{"start":{"line":136,"column":32},"end":{"line":136,"column":33}},"loc":{"start":{"line":136,"column":51},"end":{"line":153,"column":1}},"line":136},"14":{"name":"PDFXrefTableSectionHeader","decl":{"start":{"line":139,"column":13},"end":{"line":139,"column":38}},"loc":{"start":{"line":139,"column":47},"end":{"line":143,"column":5}},"line":139},"15":{"name":"_in","decl":{"start":{"line":147,"column":24},"end":{"line":147,"column":27}},"loc":{"start":{"line":147,"column":30},"end":{"line":149,"column":9}},"line":147},"16":{"name":"(anonymous_16)","decl":{"start":{"line":155,"column":31},"end":{"line":155,"column":32}},"loc":{"start":{"line":155,"column":51},"end":{"line":172,"column":1}},"line":155},"17":{"name":"PDFXrefTableSectionEntry","decl":{"start":{"line":158,"column":13},"end":{"line":158,"column":37}},"loc":{"start":{"line":158,"column":46},"end":{"line":162,"column":5}},"line":158},"18":{"name":"_in","decl":{"start":{"line":166,"column":24},"end":{"line":166,"column":27}},"loc":{"start":{"line":166,"column":30},"end":{"line":168,"column":9}},"line":166},"19":{"name":"(anonymous_19)","decl":{"start":{"line":174,"column":35},"end":{"line":174,"column":36}},"loc":{"start":{"line":174,"column":53},"end":{"line":191,"column":1}},"line":174},"20":{"name":"PDFXrefTableSectionEntryFlag","decl":{"start":{"line":177,"column":13},"end":{"line":177,"column":41}},"loc":{"start":{"line":177,"column":50},"end":{"line":181,"column":5}},"line":177},"21":{"name":"_in","decl":{"start":{"line":185,"column":24},"end":{"line":185,"column":27}},"loc":{"start":{"line":185,"column":30},"end":{"line":187,"column":9}},"line":185}},"branchMap":{"0":{"loc":{"start":{"line":7,"column":168},"end":{"line":7,"column":198}},"type":"binary-expr","locations":[{"start":{"line":7,"column":168},"end":{"line":7,"column":189}},{"start":{"line":7,"column":193},"end":{"line":7,"column":198}}],"line":7},"1":{"loc":{"start":{"line":7,"column":232},"end":{"line":7,"column":286}},"type":"if","locations":[{"start":{"line":7,"column":232},"end":{"line":7,"column":286}},{"start":{"line":7,"column":232},"end":{"line":7,"column":286}}],"line":7},"2":{"loc":{"start":{"line":7,"column":407},"end":{"line":7,"column":475}},"type":"if","locations":[{"start":{"line":7,"column":407},"end":{"line":7,"column":475}},{"start":{"line":7,"column":407},"end":{"line":7,"column":475}}],"line":7},"3":{"loc":{"start":{"line":7,"column":476},"end":{"line":7,"column":536}},"type":"if","locations":[{"start":{"line":7,"column":476},"end":{"line":7,"column":536}},{"start":{"line":7,"column":476},"end":{"line":7,"column":536}}],"line":7},"4":{"loc":{"start":{"line":37,"column":46},"end":{"line":37,"column":92}},"type":"cond-expr","locations":[{"start":{"line":37,"column":70},"end":{"line":37,"column":73}},{"start":{"line":37,"column":76},"end":{"line":37,"column":92}}],"line":37},"5":{"loc":{"start":{"line":37,"column":46},"end":{"line":37,"column":67}},"type":"binary-expr","locations":[{"start":{"line":37,"column":46},"end":{"line":37,"column":49}},{"start":{"line":37,"column":53},"end":{"line":37,"column":67}}],"line":37},"6":{"loc":{"start":{"line":39,"column":50},"end":{"line":39,"column":151}},"type":"if","locations":[{"start":{"line":39,"column":50},"end":{"line":39,"column":151}},{"start":{"line":39,"column":50},"end":{"line":39,"column":151}}],"line":39},"7":{"loc":{"start":{"line":41,"column":50},"end":{"line":41,"column":151}},"type":"if","locations":[{"start":{"line":41,"column":50},"end":{"line":41,"column":151}},{"start":{"line":41,"column":50},"end":{"line":41,"column":151}}],"line":41},"8":{"loc":{"start":{"line":41,"column":159},"end":{"line":41,"column":237}},"type":"cond-expr","locations":[{"start":{"line":41,"column":226},"end":{"line":41,"column":230}},{"start":{"line":41,"column":233},"end":{"line":41,"column":237}}],"line":41},"9":{"loc":{"start":{"line":41,"column":159},"end":{"line":41,"column":223}},"type":"binary-expr","locations":[{"start":{"line":41,"column":159},"end":{"line":41,"column":163}},{"start":{"line":41,"column":168},"end":{"line":41,"column":192}},{"start":{"line":41,"column":196},"end":{"line":41,"column":222}}],"line":41},"10":{"loc":{"start":{"line":43,"column":43},"end":{"line":43,"column":208}},"type":"if","locations":[{"start":{"line":43,"column":43},"end":{"line":43,"column":208}},{"start":{"line":43,"column":43},"end":{"line":43,"column":208}}],"line":43},"11":{"loc":{"start":{"line":43,"column":47},"end":{"line":43,"column":102}},"type":"binary-expr","locations":[{"start":{"line":43,"column":47},"end":{"line":43,"column":79}},{"start":{"line":43,"column":83},"end":{"line":43,"column":102}}],"line":43},"12":{"loc":{"start":{"line":43,"column":244},"end":{"line":43,"column":278}},"type":"binary-expr","locations":[{"start":{"line":43,"column":244},"end":{"line":43,"column":254}},{"start":{"line":43,"column":258},"end":{"line":43,"column":278}}],"line":43},"13":{"loc":{"start":{"line":43,"column":374},"end":{"line":43,"column":492}},"type":"if","locations":[{"start":{"line":43,"column":374},"end":{"line":43,"column":492}},{"start":{"line":43,"column":374},"end":{"line":43,"column":492}}],"line":43},"14":{"loc":{"start":{"line":43,"column":390},"end":{"line":43,"column":491}},"type":"cond-expr","locations":[{"start":{"line":43,"column":414},"end":{"line":43,"column":457}},{"start":{"line":43,"column":460},"end":{"line":43,"column":491}}],"line":43},"15":{"loc":{"start":{"line":51,"column":49},"end":{"line":51,"column":110}},"type":"binary-expr","locations":[{"start":{"line":51,"column":49},"end":{"line":51,"column":71}},{"start":{"line":51,"column":75},"end":{"line":51,"column":110}}],"line":51},"16":{"loc":{"start":{"line":60,"column":12},"end":{"line":63,"column":13}},"type":"if","locations":[{"start":{"line":60,"column":12},"end":{"line":63,"column":13}},{"start":{"line":60,"column":12},"end":{"line":63,"column":13}}],"line":60},"17":{"loc":{"start":{"line":73,"column":16},"end":{"line":76,"column":17}},"type":"if","locations":[{"start":{"line":73,"column":16},"end":{"line":76,"column":17}},{"start":{"line":73,"column":16},"end":{"line":76,"column":17}}],"line":73},"18":{"loc":{"start":{"line":80,"column":16},"end":{"line":83,"column":17}},"type":"if","locations":[{"start":{"line":80,"column":16},"end":{"line":83,"column":17}},{"start":{"line":80,"column":16},"end":{"line":83,"column":17}}],"line":80},"19":{"loc":{"start":{"line":111,"column":16},"end":{"line":125,"column":17}},"type":"if","locations":[{"start":{"line":111,"column":16},"end":{"line":125,"column":17}},{"start":{"line":111,"column":16},"end":{"line":125,"column":17}}],"line":111},"20":{"loc":{"start":{"line":115,"column":20},"end":{"line":124,"column":21}},"type":"if","locations":[{"start":{"line":115,"column":20},"end":{"line":124,"column":21}},{"start":{"line":115,"column":20},"end":{"line":124,"column":21}}],"line":115},"21":{"loc":{"start":{"line":116,"column":24},"end":{"line":122,"column":25}},"type":"if","locations":[{"start":{"line":116,"column":24},"end":{"line":122,"column":25}},{"start":{"line":116,"column":24},"end":{"line":122,"column":25}}],"line":116},"22":{"loc":{"start":{"line":142,"column":49},"end":{"line":142,"column":136}},"type":"binary-expr","locations":[{"start":{"line":142,"column":49},"end":{"line":142,"column":84}},{"start":{"line":142,"column":88},"end":{"line":142,"column":136}}],"line":142},"23":{"loc":{"start":{"line":161,"column":49},"end":{"line":161,"column":134}},"type":"binary-expr","locations":[{"start":{"line":161,"column":49},"end":{"line":161,"column":83}},{"start":{"line":161,"column":87},"end":{"line":161,"column":134}}],"line":161},"24":{"loc":{"start":{"line":180,"column":49},"end":{"line":180,"column":142}},"type":"binary-expr","locations":[{"start":{"line":180,"column":49},"end":{"line":180,"column":87}},{"start":{"line":180,"column":91},"end":{"line":180,"column":142}}],"line":180}},"s":{"0":1,"1":1,"2":4,"3":4,"4":6,"5":6,"6":6,"7":6,"8":5,"9":6,"10":1,"11":4,"12":4,"13":4,"14":0,"15":4,"16":1,"17":1,"18":1,"19":1,"20":1,"21":1,"22":1,"23":1,"24":1,"25":1,"26":1,"27":1,"28":1,"29":1,"30":7,"31":38,"32":0,"33":38,"34":0,"35":38,"36":4,"37":0,"38":4,"39":4,"40":4,"41":1,"42":1,"43":1,"44":1,"45":1,"46":1,"47":1,"48":1,"49":0,"50":0,"51":1,"52":1,"53":13,"54":13,"55":13,"56":13,"57":1,"58":1,"59":12,"60":12,"61":12,"62":11,"63":11,"64":1,"65":1,"66":1,"67":1,"68":0,"69":0,"70":0,"71":0,"72":0,"73":0,"74":0,"75":0,"76":0,"77":0,"78":0,"79":0,"80":0,"81":0,"82":0,"83":1,"84":1,"85":1,"86":1,"87":13,"88":13,"89":1,"90":13,"91":1,"92":1,"93":1,"94":12,"95":12,"96":1,"97":12,"98":1,"99":1,"100":1,"101":12,"102":12,"103":1,"104":11,"105":1},"f":{"0":1,"1":4,"2":4,"3":7,"4":38,"5":38,"6":4,"7":1,"8":1,"9":1,"10":0,"11":0,"12":0,"13":1,"14":13,"15":13,"16":1,"17":12,"18":12,"19":1,"20":12,"21":11},"b":{"0":[6,6],"1":[5,1],"2":[4,0],"3":[0,4],"4":[7,0],"5":[7,7],"6":[0,38],"7":[0,38],"8":[37,1],"9":[38,37,0],"10":[0,4],"11":[4,0],"12":[4,4],"13":[4,0],"14":[4,0],"15":[1,0],"16":[0,1],"17":[1,12],"18":[11,1],"19":[0,0],"20":[0,0],"21":[0,0],"22":[13,0],"23":[12,0],"24":[12,0]},"_coverageSchema":"43e27e138ebf9cfc5966b082cf9a028302ed4184","hash":"19ac3fe024ab4342d97a8a526d5fca0efb489180","contentHash":"8e40fd3ec526dca0e6f16fca660aab11145179ff6138fb81ebef09da6b90f723"},"/Users/jefflee/Project/pdf-backend/src/object/PDFObject.js":{"path":"/Users/jefflee/Project/pdf-backend/src/object/PDFObject.js","statementMap":{"0":{"start":{"line":3,"column":0},"end":{"line":5,"column":3}},"1":{"start":{"line":7,"column":19},"end":{"line":7,"column":563}},"2":{"start":{"line":7,"column":76},"end":{"line":7,"column":347}},"3":{"start":{"line":7,"column":89},"end":{"line":7,"column":90}},"4":{"start":{"line":7,"column":134},"end":{"line":7,"column":142}},"5":{"start":{"line":7,"column":144},"end":{"line":7,"column":199}},"6":{"start":{"line":7,"column":200},"end":{"line":7,"column":231}},"7":{"start":{"line":7,"column":232},"end":{"line":7,"column":286}},"8":{"start":{"line":7,"column":259},"end":{"line":7,"column":286}},"9":{"start":{"line":7,"column":287},"end":{"line":7,"column":345}},"10":{"start":{"line":7,"column":350},"end":{"line":7,"column":559}},"11":{"start":{"line":7,"column":407},"end":{"line":7,"column":475}},"12":{"start":{"line":7,"column":423},"end":{"line":7,"column":475}},"13":{"start":{"line":7,"column":476},"end":{"line":7,"column":536}},"14":{"start":{"line":7,"column":493},"end":{"line":7,"column":536}},"15":{"start":{"line":7,"column":537},"end":{"line":7,"column":556}},"16":{"start":{"line":9,"column":50},"end":{"line":9,"column":151}},"17":{"start":{"line":9,"column":92},"end":{"line":9,"column":149}},"18":{"start":{"line":11,"column":16},"end":{"line":31,"column":3}},"19":{"start":{"line":13,"column":21},"end":{"line":13,"column":91}},"20":{"start":{"line":15,"column":8},"end":{"line":15,"column":41}},"21":{"start":{"line":17,"column":8},"end":{"line":17,"column":28}},"22":{"start":{"line":18,"column":8},"end":{"line":20,"column":9}},"23":{"start":{"line":19,"column":12},"end":{"line":19,"column":36}},"24":{"start":{"line":23,"column":4},"end":{"line":28,"column":8}},"25":{"start":{"line":26,"column":12},"end":{"line":26,"column":53}},"26":{"start":{"line":30,"column":4},"end":{"line":30,"column":21}},"27":{"start":{"line":33,"column":0},"end":{"line":33,"column":28}}},"fnMap":{"0":{"name":"(anonymous_0)","decl":{"start":{"line":7,"column":19},"end":{"line":7,"column":20}},"loc":{"start":{"line":7,"column":31},"end":{"line":7,"column":561}},"line":7},"1":{"name":"defineProperties","decl":{"start":{"line":7,"column":42},"end":{"line":7,"column":58}},"loc":{"start":{"line":7,"column":74},"end":{"line":7,"column":349}},"line":7},"2":{"name":"(anonymous_2)","decl":{"start":{"line":7,"column":357},"end":{"line":7,"column":358}},"loc":{"start":{"line":7,"column":405},"end":{"line":7,"column":558}},"line":7},"3":{"name":"_classCallCheck","decl":{"start":{"line":9,"column":9},"end":{"line":9,"column":24}},"loc":{"start":{"line":9,"column":48},"end":{"line":9,"column":153}},"line":9},"4":{"name":"(anonymous_4)","decl":{"start":{"line":11,"column":16},"end":{"line":11,"column":17}},"loc":{"start":{"line":11,"column":28},"end":{"line":31,"column":1}},"line":11},"5":{"name":"PDFObject","decl":{"start":{"line":12,"column":13},"end":{"line":12,"column":22}},"loc":{"start":{"line":12,"column":25},"end":{"line":21,"column":5}},"line":12},"6":{"name":"toJSON","decl":{"start":{"line":25,"column":24},"end":{"line":25,"column":30}},"loc":{"start":{"line":25,"column":33},"end":{"line":27,"column":9}},"line":25}},"branchMap":{"0":{"loc":{"start":{"line":7,"column":168},"end":{"line":7,"column":198}},"type":"binary-expr","locations":[{"start":{"line":7,"column":168},"end":{"line":7,"column":189}},{"start":{"line":7,"column":193},"end":{"line":7,"column":198}}],"line":7},"1":{"loc":{"start":{"line":7,"column":232},"end":{"line":7,"column":286}},"type":"if","locations":[{"start":{"line":7,"column":232},"end":{"line":7,"column":286}},{"start":{"line":7,"column":232},"end":{"line":7,"column":286}}],"line":7},"2":{"loc":{"start":{"line":7,"colu
[...]
27":6,"28":0,"29":6,"30":2,"31":0,"32":2,"33":2,"34":2,"35":1,"36":1,"37":1,"38":1,"39":1,"40":1,"41":1,"42":1,"43":0,"44":0,"45":1,"46":1,"47":1,"48":5,"49":1,"50":1,"51":1,"52":1,"53":4,"54":4,"55":1,"56":1,"57":1,"58":1,"59":5,"60":5,"61":1,"62":5,"63":1},"f":{"0":1,"1":2,"2":2,"3":4,"4":6,"5":6,"6":2,"7":1,"8":1,"9":1,"10":1,"11":5,"12":5},"b":{"0":[2,2],"1":[2,0],"2":[2,0],"3":[0,2],"4":[4,0],"5":[4,4],"6":[0,6],"7":[0,6],"8":[5,1],"9":[6,5,0],"10":[0,2],"11":[2,0],"12":[2,2],"13":[2,0],"14":[2,0],"15":[1,0],"16":[0,1],"17":[1,4],"18":[5,0]},"_coverageSchema":"43e27e138ebf9cfc5966b082cf9a028302ed4184","hash":"d3b6b33036f2986b9d7531e14a6b4e02642535b8","contentHash":"74b561c563bb5caf962a4459d890a9719af86d0973d4835d9b14c60931e1644c"},"/Users/jefflee/Project/pdf-backend/src/object/pdf/PDFXRefTable.js":{"path":"/Users/jefflee/Project/pdf-backend/src/object/pdf/PDFXRefTable.js","statementMap":{"0":{"start":{"line":3,"column":0},"end":{"line":5,"column":3}},"1":{"start":{"line":7,"column":19},"end":{"line":7,"column":563}},"2":{"start":{"line":7,"column":76},"end":{"line":7,"column":347}},"3":{"start":{"line":7,"column":89},"end":{"line":7,"column":90}},"4":{"start":{"line":7,"column":134},"end":{"line":7,"column":142}},"5":{"start":{"line":7,"column":144},"end":{"line":7,"column":199}},"6":{"start":{"line":7,"column":200},"end":{"line":7,"column":231}},"7":{"start":{"line":7,"column":232},"end":{"line":7,"column":286}},"8":{"start":{"line":7,"column":259},"end":{"line":7,"column":286}},"9":{"start":{"line":7,"column":287},"end":{"line":7,"column":345}},"10":{"start":{"line":7,"column":350},"end":{"line":7,"column":559}},"11":{"start":{"line":7,"column":407},"end":{"line":7,"column":475}},"12":{"start":{"line":7,"column":423},"end":{"line":7,"column":475}},"13":{"start":{"line":7,"column":476},"end":{"line":7,"column":536}},"14":{"start":{"line":7,"column":493},"end":{"line":7,"column":536}},"15":{"start":{"line":7,"column":537},"end":{"line":7,"column":556}},"16":{"start":{"line":9,"column":18},"end":{"line":9,"column":41}},"17":{"start":{"line":11,"column":18},"end":{"line":11,"column":53}},"18":{"start":{"line":13,"column":14},"end":{"line":13,"column":34}},"19":{"start":{"line":15,"column":15},"end":{"line":15,"column":46}},"20":{"start":{"line":17,"column":15},"end":{"line":17,"column":45}},"21":{"start":{"line":19,"column":15},"end":{"line":19,"column":47}},"22":{"start":{"line":21,"column":15},"end":{"line":21,"column":36}},"23":{"start":{"line":23,"column":16},"end":{"line":23,"column":48}},"24":{"start":{"line":25,"column":14},"end":{"line":25,"column":43}},"25":{"start":{"line":27,"column":14},"end":{"line":27,"column":45}},"26":{"start":{"line":29,"column":16},"end":{"line":29,"column":38}},"27":{"start":{"line":31,"column":17},"end":{"line":31,"column":50}},"28":{"start":{"line":33,"column":20},"end":{"line":33,"column":46}},"29":{"start":{"line":35,"column":21},"end":{"line":35,"column":58}},"30":{"start":{"line":37,"column":39},"end":{"line":37,"column":93}},"31":{"start":{"line":39,"column":50},"end":{"line":39,"column":151}},"32":{"start":{"line":39,"column":92},"end":{"line":39,"column":149}},"33":{"start":{"line":41,"column":50},"end":{"line":41,"column":151}},"34":{"start":{"line":41,"column":63},"end":{"line":41,"column":149}},"35":{"start":{"line":41,"column":152},"end":{"line":41,"column":238}},"36":{"start":{"line":43,"column":43},"end":{"line":43,"column":208}},"37":{"start":{"line":43,"column":106},"end":{"line":43,"column":206}},"38":{"start":{"line":43,"column":209},"end":{"line":43,"column":373}},"39":{"start":{"line":43,"column":374},"end":{"line":43,"column":492}},"40":{"start":{"line":43,"column":390},"end":{"line":43,"column":492}},"41":{"start":{"line":45,"column":19},"end":{"line":132,"column":22}},"42":{"start":{"line":46,"column":4},"end":{"line":46,"column":40}},"43":{"start":{"line":49,"column":8},"end":{"line":49,"column":44}},"44":{"start":{"line":51,"column":8},"end":{"line":51,"column":132}},"45":{"start":{"line":54,"column":4},"end":{"line":129,"column":8}},"46":{"start":{"line":57,"column":23},"end":{"line":57,"column":44}},"47":{"start":{"line":58,"column":24},"end":{"line":58,"column":39}},"48":{"start":{"line":60,"column":12},"end":{"line":63,"column":13}},"49":{"start":{"line":61,"column":16},"end":{"line":61,"column":45}},"50":{"start":{"line":62,"column":16},"end":{"line":62,"column":28}},"51":{"start":{"line":65,"column":23},"end":{"line":65,"column":25}},"52":{"start":{"line":67,"column":12},"end":{"line":91,"column":13}},"53":{"start":{"line":69,"column":16},"end":{"line":69,"column":54}},"54":{"start":{"line":71,"column":29},"end":{"line":71,"column":60}},"55":{"start":{"line":72,"column":35},"end":{"line":72,"column":54}},"56":{"start":{"line":73,"column":16},"end":{"line":76,"column":17}},"57":{"start":{"line":74,"column":20},"end":{"line":74,"column":38}},"58":{"start":{"line":75,"column":20},"end":{"line":75,"column":29}},"59":{"start":{"line":78,"column":28},"end":{"line":78,"column":58}},"60":{"start":{"line":79,"column":34},"end":{"line":79,"column":52}},"61":{"start":{"line":80,"column":16},"end":{"line":83,"column":17}},"62":{"start":{"line":81,"column":20},"end":{"line":81,"column":37}},"63":{"start":{"line":82,"column":20},"end":{"line":82,"column":29}},"64":{"start":{"line":85,"column":16},"end":{"line":85,"column":43}},"65":{"start":{"line":86,"column":16},"end":{"line":86,"column":33}},"66":{"start":{"line":87,"column":16},"end":{"line":87,"column":35}},"67":{"start":{"line":88,"column":16},"end":{"line":90,"column":18}},"68":{"start":{"line":96,"column":12},"end":{"line":101,"column":14}},"69":{"start":{"line":98,"column":20},"end":{"line":98,"column":38}},"70":{"start":{"line":106,"column":24},"end":{"line":106,"column":26}},"71":{"start":{"line":107,"column":36},"end":{"line":107,"column":37}},"72":{"start":{"line":108,"column":26},"end":{"line":108,"column":31}},"73":{"start":{"line":109,"column":12},"end":{"line":126,"column":13}},"74":{"start":{"line":110,"column":26},"end":{"line":110,"column":47}},"75":{"start":{"line":111,"column":16},"end":{"line":125,"column":17}},"76":{"start":{"line":112,"column":20},"end":{"line":112,"column":35}},"77":{"start":{"line":113,"column":20},"end":{"line":113,"column":62}},"78":{"start":{"line":115,"column":20},"end":{"line":124,"column":21}},"79":{"start":{"line":116,"column":24},"end":{"line":122,"column":25}},"80":{"start":{"line":117,"column":28},"end":{"line":121,"column":31}},"81":{"start":{"line":123,"column":24},"end":{"line":123,"column":44}},"82":{"start":{"line":127,"column":12},"end":{"line":127,"column":25}},"83":{"start":{"line":131,"column":4},"end":{"line":131,"column":24}},"84":{"start":{"line":134,"column":0},"end":{"line":134,"column":31}},"85":{"start":{"line":136,"column":32},"end":{"line":153,"column":19}},"86":{"start":{"line":137,"column":4},"end":{"line":137,"column":50}},"87":{"start":{"line":140,"column":8},"end":{"line":140,"column":57}},"88":{"start":{"line":142,"column":8},"end":{"line":142,"column":158}},"89":{"start":{"line":145,"column":4},"end":{"line":150,"column":8}},"90":{"start":{"line":148,"column":12},"end":{"line":148,"column":182}},"91":{"start":{"line":152,"column":4},"end":{"line":152,"column":37}},"92":{"start":{"line":155,"column":31},"end":{"line":172,"column":19}},"93":{"start":{"line":156,"column":4},"end":{"line":156,"column":50}},"94":{"start":{"line":159,"column":8},"end":{"line":159,"column":56}},"95":{"start":{"line":161,"column":8},"end":{"line":161,"column":156}},"96":{"start":{"line":164,"column":4},"end":{"line":169,"column":8}},"97":{"start":{"line":167,"column":12},"end":{"line":167,"column":258}},"98":{"start":{"line":171,"column":4},"end":{"line":171,"column":36}},"99":{"start":{"line":174,"column":35},"end":{"line":191,"column":18}},"100":{"start":{"line":175,"column":4},"end":{"line":175,"column":52}},"101":{"start":{"line":178,"column":8},"end":{"line":178,"column":60}},"102":{"start":{"line":180,"column":8},"end":{"line":180,"column":164}},"103":{"start":{"line":183,"column":4},"end":{"line":188,"column":8}},"104":{"start":{"line":186,"column":12},"end":{"line":186,"column":74}},"105":{"start":{"line":190,"column":4},"end":{"line":190,"column":40}}},"fnMap":{"0":{"name":"(anonymous_0)","decl":{"start":{"line":7,"column":19},"end":{"line":7,"column":20}},"loc":{"start":{"line":7,"column":31},"end":{"line":7,"column":561}},"line":7},"1":{"name":"defineProperties","decl":{"start":{"line":7,"column":42},"end":{"line":7,"column":58}},"loc":{"start":{"line":7,"column":74},"end":{"line":7,"column":349}},"line":7},"2":{"name":"(anonymous_2)","decl":{"start":{"line":7,"column":357},"end":{"line":7,"column":358}},"loc":{"start":{"line":7,"column":405},"end":{"line":7,"column":558}},"line":7},"3":{"name":"_interopRequireDefault","decl":{"start":{"line":37,"column":9},"end":{"line":37,"column":31}},"loc":{"start":{"line":37,"column":37},"end":{"line":37,"column":95}},"line":37},"4":{"name":"_classCallCheck","decl":{"start":{"line":39,"column":9},"end":{"line":39,"column":24}},"loc":{"start":{"line":39,"column":48},"end":{"line":39,"column":153}},"line":39},"5":{"name":"_possibleConstructorReturn","decl":{"start":{"line":41,"column":9},"end":{"line":41,"column":35}},"loc":{"start":{"line":41,"column":48},"end":{"line":41,"column":240}},"line":41},"6":{"name":"_inherits","decl":{"start":{"line":43,"column":9},"end":{"line":43,"column":18}},"loc":{"start":{"line":43,"column":41},"end":{"line":43,"column":494}},"line":43},"7":{"name":"(anonymous_7)","decl":{"start":{"line":45,"column":19},"end":{"line":45,"column":20}},"loc":{"start":{"line":45,"column":41},"end":{"line":132,"column":1}},"line":45},"8":{"name":"PDFXRefTable","decl":{"start":{"line":48,"column":13},"end":{"line":48,"column":25}},"loc":{"start":{"line":48,"column":34},"end":{"line":52,"column":5}},"line":48},"9":{"name":"pipe","decl":{"start":{"line":56,"column":24},"end":{"line":56,"column":28}},"loc":{"start":{"line":56,"column":37},"end":{"line":92,"column":9}},"line":56},"10":{"name":"toJSON","decl":{"start":{"line":95,"column":24},"end":{"line":95,"column":30}},"loc":{"start":{"line":95,"column":33},"end":{"line":102,"column":9}},"line":95},"11":{"name":"(anonymous_11)","decl":{"start":{"line":97,"column":36},"end":{"line":97,"column":37}},"loc":{"start":{"line":97,"column":49},"end":{"line":99,"column":17}},"line":97},"12":{"name":"get","decl":{"start":{"line":105,"column":22},"end":{"line":105,"column":25}},"loc":{"start":{"line":105,"column":28},"end":{"line":128,"column":9}},"line":105},"13":{"name":"(anonymous_13)","decl":{"start":{"line":136,"column":32},"end":{"line":136,"column":33}},"loc":{"start":{"line":136,"column":51},"end":{"line":153,"column":1}},"line":136},"14":{"name":"PDFXrefTableSectionHeader","decl":{"start":{"line":139,"column":13},"end":{"line":139,"column":38}},"loc":{"start":{"line":139,"column":47},"end":{"line":143,"column":5}},"line":139},"15":{"name":"_in","decl":{"start":{"line":147,"column":24},"end":{"line":147,"column":27}},"loc":{"start":{"line":147,"column":30},"end":{"line":149,"column":9}},"line":147},"16":{"name":"(anonymous_16)","decl":{"start":{"line":155,"column":31},"end":{"line":155,"column":32}},"loc":{"start":{"line":155,"column":51},"end":{"line":172,"column":1}},"line":155},"17":{"name":"PDFXrefTableSectionEntry","decl":{"start":{"line":158,"column":13},"end":{"line":158,"column":37}},"loc":{"start":{"line":158,"column":46},"end":{"line":162,"column":5}},"line":158},"18":{"name":"_in","decl":{"start":{"line":166,"column":24},"end":{"line":166,"column":27}},"loc":{"start":{"line":166,"column":30},"end":{"line":168,"column":9}},"line":166},"19":{"name":"(anonymous_19)","decl":{"start":{"line":174,"column":35},"end":{"line":174,"column":36}},"loc":{"start":{"line":174,"column":53},"end":{"line":191,"column":1}},"line":174},"20":{"name":"PDFXrefTableSectionEntryFlag","decl":{"start":{"line":177,"column":13},"end":{"line":177,"column":41}},"loc":{"start":{"line":177,"column":50},"end":{"line":181,"column":5}},"line":177},"21":{"name":"_in","decl":{"start":{"line":185,"column":24},"end":{"line":185,"column":27}},"loc":{"start":{"line":185,"column":30},"end":{"line":187,"column":9}},"line":185}},"branchMap":{"0":{"loc":{"start":{"line":7,"column":168},"end":{"line":7,"column":198}},"type":"binary-expr","locations":[{"start":{"line":7,"column":168},"end":{"line":7,"column":189}},{"start":{"line":7,"column":193},"end":{"line":7,"column":198}}],"line":7},"1":{"loc":{"start":{"line":7,"column":232},"end":{"line":7,"column":286}},"type":"if","locations":[{"start":{"line":7,"column":232},"end":{"line":7,"column":286}},{"start":{"line":7,"column":232},"end":{"line":7,"column":286}}],"line":7},"2":{"loc":{"start":{"line":7,"column":407},"end":{"line":7,"column":475}},"type":"if","locations":[{"start":{"line":7,"column":407},"end":{"line":7,"column":475}},{"start":{"line":7,"column":407},"end":{"line":7,"column":475}}],"line":7},"3":{"loc":{"start":{"line":7,"column":476},"end":{"line":7,"column":536}},"type":"if","locations":[{"start":{"line":7,"column":476},"end":{"line":7,"column":536}},{"start":{"line":7,"column":476},"end":{"line":7,"column":536}}],"line":7},"4":{"loc":{"start":{"line":37,"column":46},"end":{"line":37,"column":92}},"type":"cond-expr","locations":[{"start":{"line":37,"column":70},"end":{"line":37,"column":73}},{"start":{"line":37,"column":76},"end":{"line":37,"column":92}}],"line":37},"5":{"loc":{"start":{"line":37,"column":46},"end":{"line":37,"column":67}},"type":"binary-expr","locations":[{"start":{"line":37,"column":46},"end":{"line":37,"column":49}},{"start":{"line":37,"column":53},"end":{"line":37,"column":67}}],"line":37},"6":{"loc":{"start":{"line":39,"column":50},"end":{"line":39,"column":151}},"type":"if","locations":[{"start":{"line":39,"column":50},"end":{"line":39,"column":151}},{"start":{"line":39,"column":50},"end":{"line":39,"column":151}}],"line":39},"7":{"loc":{"start":{"line":41,"column":50},"end":{"line":41,"column":151}},"type":"if","locations":[{"start":{"line":41,"column":50},"end":{"line":41,"column":151}},{"start":{"line":41,"column":50},"end":{"line":41,"column":151}}],"line":41},"8":{"loc":{"start":{"line":41,"column":159},"end":{"line":41,"column":237}},"type":"cond-expr","locations":[{"start":{"line":41,"column":226},"end":{"line":41,"column":230}},{"start":{"line":41,"column":233},"end":{"line":41,"column":237}}],"line":41},"9":{"loc":{"start":{"line":41,"column":159},"end":{"line":41,"column":223}},"type":"binary-expr","locations":[{"start":{"line":41,"column":159},"end":{"line":41,"column":163}},{"start":{"line":41,"column":168},"end":{"line":41,"column":192}},{"start":{"line":41,"column":196},"end":{"line":41,"column":222}}],"line":41},"10":{"loc":{"start":{"line":43,"column":43},"end":{"line":43,"column":208}},"type":"if","locations":[{"start":{"line":43,"column":43},"end":{"line":43,"column":208}},{"start":{"line":43,"column":43},"end":{"line":43,"column":208}}],"line":43},"11":{"loc":{"start":{"line":43,"column":47},"end":{"line":43,"column":102}},"type":"binary-expr","locations":[{"start":{"line":43,"column":47},"end":{"line":43,"column":79}},{"start":{"line":43,"column":83},"end":{"line":43,"column":102}}],"line":43},"12":{"loc":{"start":{"line":43,"column":244},"end":{"line":43,"column":278}},"type":"binary-expr","locations":[{"start":{"line":43,"column":244},"end":{"line":43,"column":254}},{"start":{"line":43,"column":258},"end":{"line":43,"column":278}}],"line":43},"13":{"loc":{"start":{"line":43,"column":374},"end":{"line":43,"column":492}},"type":"if","locations":[{"start":{"line":43,"column":374},"end":{"line":43,"column":492}},{"start":{"line":43,"column":374},"end":{"line":43,"column":492}}],"line":43},"14":{"loc":{"start":{"line":43,"column":390},"end":{"line":43,"column":491}},"type":"cond-expr","locations":[{"start":{"line":43,"column":414},"end":{"line":43,"column":457}},{"start":{"line":43,"column":460},"end":{"line":43,"column":491}}],"line":43},"15":{"loc":{"start":{"line":51,"column":49},"end":{"line":51,"column":110}},"type":"binary-expr","locations":[{"start":{"line":51,"column":49},"end":{"line":51,"column":71}},{"start":{"line":51,"column":75},"end":{"line":51,"column":110}}],"line":51},"16":{"loc":{"start":{"line":60,"column":12},"end":{"line":63,"column":13}},"type":"if","locations":[{"start":{"line":60,"column":12},"end":{"line":63,"column":13}},{"start":{"line":60,"column":12},"end":{"line":63,"column":13}}],"line":60},"17":{"loc":{"start":{"line":73,"column":16},"end":{"line":76,"column":17}},"type":"if","locations":[{"start":{"line":73,"column":16},"end":{"line":76,"column":17}},{"start":{"line":73,"column":16},"end":{"line":76,"column":17}}],"line":73},"18":{"loc":{"start":{"line":80,"column":16},"end":{"line":83,"column":17}},"type":"if","locations":[{"start":{"line":80,"column":16},"end":{"line":83,"column":17}},{"start":{"line":80,"column":16},"end":{"line":83,"column":17}}],"line":80},"19":{"loc":{"start":{"line":111,"column":16},"end":{"line":125,"column":17}},"type":"if","locations":[{"start":{"line":111,"column":16},"end":{"line":125,"column":17}},{"start":{"line":111,"column":16},"end":{"line":125,"column":17}}],"line":111},"20":{"loc":{"start":{"line":115,"column":20},"end":{"line":124,"column":21}},"type":"if","locations":[{"start":{"line":115,"column":20},"end":{"line":124,"column":21}},{"start":{"line":115,"column":20},"end":{"line":124,"column":21}}],"line":115},"21":{"loc":{"start":{"line":116,"column":24},"end":{"line":122,"column":25}},"type":"if","locations":[{"start":{"line":116,"column":24},"end":{"line":122,"column":25}},{"start":{"line":116,"column":24},"end":{"line":122,"column":25}}],"line":116},"22":{"loc":{"start":{"line":142,"column":49},"end":{"line":142,"column":136}},"type":"binary-expr","locations":[{"start":{"line":142,"column":49},"end":{"line":142,"column":84}},{"start":{"line":142,"column":88},"end":{"line":142,"column":136}}],"line":142},"23":{"loc":{"start":{"line":161,"column":49},"end":{"line":161,"column":134}},"type":"binary-expr","locations":[{"start":{"line":161,"column":49},"end":{"line":161,"column":83}},{"start":{"line":161,"column":87},"end":{"line":161,"column":134}}],"line":161},"24":{"loc":{"start":{"line":180,"column":49},"end":{"line":180,"column":142}},"type":"binary-expr","locations":[{"start":{"line":180,"column":49},"end":{"line":180,"column":87}},{"start":{"line":180,"column":91},"end":{"line":180,"column":142}}],"line":180}},"s":{"0":1,"1":1,"2":4,"3":4,"4":6,"5":6,"6":6,"7":6,"8":5,"9":6,"10":1,"11":4,"12":4,"13":4,"14":0,"15":4,"16":1,"17":1,"18":1,"19":1,"20":1,"21":1,"22":1,"23":1,"24":1,"25":1,"26":1,"27":1,"28":1,"29":1,"30":7,"31":137,"32":0,"33":137,"34":0,"35":137,"36":4,"37":0,"38":4,"39":4,"40":4,"41":1,"42":1,"43":4,"44":4,"45":1,"46":4,"47":4,"48":4,"49":0,"50":0,"51":4,"52":4,"53":49,"54":49,"55":49,"56":49,"57":7,"58":7,"59":42,"60":42,"61":42,"62":38,"63":38,"64":4,"65":4,"66":4,"67":4,"68":2,"69":23,"70":3,"71":3,"72":3,"73":3,"74":34,"75":34,"76":5,"77":5,"78":29,"79":29,"80":26,"81":29,"82":3,"83":1,"84":1,"85":1,"86":1,"87":49,"88":49,"89":1,"90":49,"91":1,"92":1,"93":1,"94":42,"95":42,"96":1,"97":42,"98":1,"99":1,"100":1,"101":42,"102":42,"103":1,"104":38,"105":1},"f":{"0":1,"1":4,"2":4,"3":7,"4":137,"5":137,"6":4,"7":1,"8":4,"9":4,"10":2,"11":23,"12":3,"13":1,"14":49,"15":49,"16":1,"17":42,"18":42,"19":1,"20":42,"21":38},"b":{"0":[6,6],"1":[5,1],"2":[4,0],"3":[0,4],"4":[7,0],"5":[7,7],"6":[0,137],"7":[0,137],"8":[133,4],"9":[137,133,0],"10":[0,4],"11":[4,0],"12":[4,4],"13":[4,0],"14":[4,0],"15":[4,0],"16":[0,4],"17":[7,42],"18":[38,4],"19":[5,29],"20":[29,0],"21":[26,3],"22":[49,0],"23":[42,0],"24":[42,0]},"_coverageSchema":"43e27e138ebf9cfc5966b082cf9a028302ed4184","hash":"bf95fbe68265df26ce45e37658eab1519d5f52cf","contentHash":"66dffc456b6017940fffcc0df1431eeef22ce13981856170845046e56fd03af7"}}