{"/Users/jefflee/Project/pdf-backend/src/reader.js":{"path":"/Users/jefflee/Project/pdf-backend/src/reader.js","statementMap":{"0":{"start":{"line":3,"column":0},"end":{"line":5,"column":3}},"1":{"start":{"line":6,"column":0},"end":{"line":6,"column":74}},"2":{"start":{"line":8,"column":19},"end":{"line":8,"column":563}},"3":{"start":{"line":8,"column":76},"end":{"line":8,"column":347}},"4":{"start":{"line":8,"column":89},"end":{"line":8,"column":90}},"5":{"start":{"line":8,"column":134},"end":{"line":8,"column":142}},"6":{"start":{"line":8,"column":144},"end":{"line":8,"column":199}},"7":{"start":{"line":8,"column":200},"end":{"line":8,"column":231}},"8":{"start":{"line":8,"column":232},"end":{"line":8,"column":286}},"9":{"start":{"line":8,"column":259},"end":{"line":8,"column":286}},"10":{"start":{"line":8,"column":287},"end":{"line":8,"column":345}},"11":{"start":{"line":8,"column":350},"end":{"line":8,"column":559}},"12":{"start":{"line":8,"column":407},"end":{"line":8,"column":475}},"13":{"start":{"line":8,"column":423},"end":{"line":8,"column":475}},"14":{"start":{"line":8,"column":476},"end":{"line":8,"column":536}},"15":{"start":{"line":8,"column":493},"end":{"line":8,"column":536}},"16":{"start":{"line":8,"column":537},"end":{"line":8,"column":556}},"17":{"start":{"line":10,"column":10},"end":{"line":10,"column":23}},"18":{"start":{"line":12,"column":11},"end":{"line":12,"column":38}},"19":{"start":{"line":14,"column":20},"end":{"line":14,"column":46}},"20":{"start":{"line":16,"column":21},"end":{"line":16,"column":58}},"21":{"start":{"line":18,"column":13},"end":{"line":18,"column":31}},"22":{"start":{"line":20,"column":39},"end":{"line":20,"column":93}},"23":{"start":{"line":22,"column":50},"end":{"line":22,"column":151}},"24":{"start":{"line":22,"column":63},"end":{"line":22,"column":149}},"25":{"start":{"line":22,"column":152},"end":{"line":22,"column":238}},"26":{"start":{"line":24,"column":43},"end":{"line":24,"column":208}},"27":{"start":{"line":24,"column":106},"end":{"line":24,"column":206}},"28":{"start":{"line":24,"column":209},"end":{"line":24,"column":373}},"29":{"start":{"line":24,"column":374},"end":{"line":24,"column":492}},"30":{"start":{"line":24,"column":390},"end":{"line":24,"column":492}},"31":{"start":{"line":26,"column":50},"end":{"line":26,"column":151}},"32":{"start":{"line":26,"column":92},"end":{"line":26,"column":149}},"33":{"start":{"line":28,"column":13},"end":{"line":50,"column":3}},"34":{"start":{"line":30,"column":8},"end":{"line":30,"column":38}},"35":{"start":{"line":33,"column":4},"end":{"line":47,"column":8}},"36":{"start":{"line":36,"column":24},"end":{"line":36,"column":94}},"37":{"start":{"line":37,"column":22},"end":{"line":37,"column":92}},"38":{"start":{"line":39,"column":12},"end":{"line":41,"column":13}},"39":{"start":{"line":40,"column":16},"end":{"line":40,"column":34}},"40":{"start":{"line":42,"column":12},"end":{"line":44,"column":13}},"41":{"start":{"line":43,"column":16},"end":{"line":43,"column":46}},"42":{"start":{"line":45,"column":12},"end":{"line":45,"column":52}},"43":{"start":{"line":49,"column":4},"end":{"line":49,"column":18}},"44":{"start":{"line":52,"column":17},"end":{"line":90,"column":9}},"45":{"start":{"line":53,"column":4},"end":{"line":53,"column":35}},"46":{"start":{"line":56,"column":8},"end":{"line":56,"column":42}},"47":{"start":{"line":58,"column":20},"end":{"line":58,"column":124}},"48":{"start":{"line":60,"column":8},"end":{"line":60,"column":52}},"49":{"start":{"line":61,"column":8},"end":{"line":61,"column":21}},"50":{"start":{"line":64,"column":4},"end":{"line":87,"column":8}},"51":{"start":{"line":67,"column":25},"end":{"line":67,"column":40}},"52":{"start":{"line":68,"column":22},"end":{"line":68,"column":86}},"53":{"start":{"line":69,"column":12},"end":{"line":71,"column":13}},"54":{"start":{"line":70,"column":16},"end":{"line":70,"column":28}},"55":{"start":{"line":72,"column":12},"end":{"line":72,"column":29}},"56":{"start":{"line":77,"column":25},"end":{"line":77,"column":45}},"57":{"start":{"line":78,"column":12},"end":{"line":78,"column":77}},"58":{"start":{"line":79,"column":12},"end":{"line":79,"column":26}},"59":{"start":{"line":84,"column":23},"end":{"line":84,"column":54}},"60":{"start":{"line":85,"column":12},"end":{"line":85,"column":29}},"61":{"start":{"line":89,"column":4},"end":{"line":89,"column":22}},"62":{"start":{"line":92,"column":22},"end":{"line":128,"column":9}},"63":{"start":{"line":93,"column":4},"end":{"line":93,"column":41}},"64":{"start":{"line":96,"column":8},"end":{"line":96,"column":47}},"65":{"start":{"line":98,"column":21},"end":{"line":98,"column":135}},"66":{"start":{"line":100,"column":8},"end":{"line":100,"column":37}},"67":{"start":{"line":101,"column":8},"end":{"line":101,"column":22}},"68":{"start":{"line":104,"column":4},"end":{"line":125,"column":8}},"69":{"start":{"line":107,"column":12},"end":{"line":109,"column":13}},"70":{"start":{"line":108,"column":16},"end":{"line":108,"column":195}},"71":{"start":{"line":110,"column":12},"end":{"line":110,"column":76}},"72":{"start":{"line":115,"column":12},"end":{"line":117,"column":13}},"73":{"start":{"line":116,"column":16},"end":{"line":116,"column":221}},"74":{"start":{"line":118,"column":12},"end":{"line":118,"column":78}},"75":{"start":{"line":123,"column":12},"end":{"line":123,"column":41}},"76":{"start":{"line":127,"column":4},"end":{"line":127,"column":27}}},"fnMap":{"0":{"name":"(anonymous_0)","decl":{"start":{"line":8,"column":19},"end":{"line":8,"column":20}},"loc":{"start":{"line":8,"column":31},"end":{"line":8,"column":561}},"line":8},"1":{"name":"defineProperties","decl":{"start":{"line":8,"column":42},"end":{"line":8,"column":58}},"loc":{"start":{"line":8,"column":74},"end":{"line":8,"column":349}},"line":8},"2":{"name":"(anonymous_2)","decl":{"start":{"line":8,"column":357},"end":{"line":8,"column":358}},"loc":{"start":{"line":8,"column":405},"end":{"line":8,"column":558}},"line":8},"3":{"name":"_interopRequireDefault","decl":{"start":{"line":20,"column":9},"end":{"line":20,"column":31}},"loc":{"start":{"line":20,"column":37},"end":{"line":20,"column":95}},"line":20},"4":{"name":"_possibleConstructorReturn","decl":{"start":{"line":22,"column":9},"end":{"line":22,"column":35}},"loc":{"start":{"line":22,"column":48},"end":{"line":22,"column":240}},"line":22},"5":{"name":"_inherits","decl":{"start":{"line":24,"column":9},"end":{"line":24,"column":18}},"loc":{"start":{"line":24,"column":41},"end":{"line":24,"column":494}},"line":24},"6":{"name":"_classCallCheck","decl":{"start":{"line":26,"column":9},"end":{"line":26,"column":24}},"loc":{"start":{"line":26,"column":48},"end":{"line":26,"column":153}},"line":26},"7":{"name":"(anonymous_7)","decl":{"start":{"line":28,"column":30},"end":{"line":28,"column":31}},"loc":{"start":{"line":28,"column":42},"end":{"line":50,"column":1}},"line":28},"8":{"name":"Reader","decl":{"start":{"line":29,"column":13},"end":{"line":29,"column":19}},"loc":{"start":{"line":29,"column":22},"end":{"line":31,"column":5}},"line":29},"9":{"name":"toStream","decl":{"start":{"line":35,"column":24},"end":{"line":35,"column":32}},"loc":{"start":{"line":35,"column":35},"end":{"line":46,"column":9}},"line":35},"10":{"name":"(anonymous_10)","decl":{"start":{"line":52,"column":38},"end":{"line":52,"column":39}},"loc":{"start":{"line":52,"column":57},"end":{"line":90,"column":1}},"line":52},"11":{"name":"FileReader","decl":{"start":{"line":55,"column":13},"end":{"line":55,"column":23}},"loc":{"start":{"line":55,"column":30},"end":{"line":62,"column":5}},"line":55},"12":{"name":"getByte","decl":{"start":{"line":66,"column":24},"end":{"line":66,"column":31}},"loc":{"start":{"line":66,"column":40},"end":{"line":73,"column":9}},"line":66},"13":{"name":"getBytes","decl":{"start":{"line":76,"column":24},"end":{"line":76,"column":32}},"loc":{"start":{"line":76,"column":49},"end":{"line":80,"column":9}},"line":76},"14":{"name":"get","decl":{"start":{"line":83,"column":22},"end":{"line":83,"column":25}},"loc":{"start":{"line":83,"column":28},"end":{"line":86,"column":9}},"line":83},"15":{"name":"(anonymous_15)","decl":{"start":{"line":92,"column":48},"end":{"line":92,"column":49}},"loc":{"start":{"line":92,"column":68},"end":{"line":128,"column":1}},"line":92},"16":{"name":"ByteArrayReader","decl":{"start":{"line":95,"column":13},"end":{"line":95,"column":28}},"loc":{"start":{"line":95,"column":40},"end":{"line":102,"column":5}},"line":95},"17":{"name":"getByte","decl":{"start":{"line":106,"column":24},"end":{"line":106,"column":31}},"loc":{"start":{"line":106,"column":40},"end":{"line":111,"column":9}},"line":106},"18":{"name":"getBytes","decl":{"start":{"line":114,"column":24},"end":{"line":114,"column":32}},"loc":{"start":{"line":114,"column":49},"end":{"line":119,"column":9}},"line":114},"19":{"name":"get","decl":{"start":{"line":122,"column":22},"end":{"line":122,"column":25}},"loc":{"start":{"line":122,"column":28},"end":{"line":124,"column":9}},"line":122}},"branchMap":{"0":{"loc":{"start":{"line":8,"column":168},"end":{"line":8,"column":198}},"type":"binary-expr","locations":[{"start":{"line":8,"column":168},"end":{"line":8,"column":189}},{"start":{"line":8,"column":193},"end":{"line":8,"column":198}}],"line":8},"1":{"loc":{"start":{"line":8,"column":232},"end":{"line":8,"column":286}},"type":"if","locations":[{"start":{"line":8,"column":232},"end":{"line":8,"column":286}},{"start":{"line":8,"column":232},"end":{"line":8,"column":286}}],"line":8},"2":{"loc":{"start":{"line":8,"column":407},"end":{"line":8,"column":475}},"type":"if","locations":[{"start":{"line":8,"column":407},"end":{"line":8,"column":475}},{"start":{"line":8,"column":407},"end":{"line":8,"column":475}}],"line":8},"3":{"loc":{"start":{"line":8,"column":476},"end":{"line":8,"column":536}},"type":"if","locations":[{"start":{"line":8,"column":476},"end":{"line":8,"column":536}},{"start":{"line":8,"column":476},"end":{"line":8,"column":536}}],"line":8},"4":{"loc":{"start":{"line":20,"column":46},"end":{"line":20,"column":92}},"type":"cond-expr","locations":[{"start":{"line":20,"column":70},"end":{"line":20,"column":73}},{"start":{"line":20,"column":76},"end":{"line":20,"column":92}}],"line":20},"5":{"loc":{"start":{"line":20,"column":46},"end":{"line":20,"column":67}},"type":"binary-expr","locations":[{"start":{"line":20,"column":46},"end":{"line":20,"column":49}},{"start":{"line":20,"column":53},"end":{"line":20,"column":67}}],"line":20},"6":{"loc":{"start":{"line":22,"column":50},"end":{"line":22,"column":151}},"type":"if","locations":[{"start":{"line":22,"column":50},"end":{"line":22,"column":151}},{"start":{"line":22,"column":50},"end":{"line":22,"column":151}}],"line":22},"7":{"loc":{"start":{"line":22,"column":159},"end":{"line":22,"column":237}},"type":"cond-expr","locations":[{"start":{"line":22,"column":226},"end":{"line":22,"column":230}},{"start":{"line":22,"column":233},"end":{"line":22,"column":237}}],"line":22},"8":{"loc":{"start":{"line":22,"column":159},"end":{"line":22,"column":223}},"type":"binary-expr","locations":[{"start":{"line":22,"column":159},"end":{"line":22,"column":163}},{"start":{"line":22,"column":168},"end":{"line":22,"column":192}},{"start":{"line":22,"column":196},"end":{"line":22,"column":222}}],"line":22},"9":{"loc":{"start":{"line":24,"column":43},"end":{"line":24,"column":208}},"type":"if","locations":[{"start":{"line":24,"column":43},"end":{"line":24,"column":208}},{"start":{"line":24,"column":43},"end":{"line":24,"column":208}}],"line":24},"10":{"loc":{"start":{"line":24,"column":47},"end":{"line":24,"column":102}},"type":"binary-expr","locations":[{"start":{"line":24,"column":47},"end":{"line":24,"column":79}},{"start":{"line":24,"column":83},"end":{"line":24,"column":102}}],"line":24},"11":{"loc":{"start":{"line":24,"column":244},"end":{"line":24,"column":278}},"type":"binary-expr","locations":[{"start":{"line":24,"column":244},"end":{"line":24,"column":254}},{"start":{"line":24,"column":258},"end":{"line":24,"column":278}}],"line":24},"12":{"loc":{"start":{"line":24,"column":374},"end":{"line":24,"column":492}},"type":"if","locations":[{"start":{"line":24,"column":374},"end":{"line":24,"column":492}},{"start":{"line":24,"column":374},"end":{"line":24,"column":492}}],"line":24},"13":{"loc":{"start":{"line":24,"column":390},"end":{"line":24,"column":491}},"type":"cond-expr","locations":[{"start":{"line":24,"column":414},"end":{"line":24,"column":457}},{"start":{"line":24,"column":460},"end":{"line":24,"column":491}}],"line":24},"14":{"loc":{"start":{"line":26,"column":50},"end":{"line":26,"column":151}},"type":"if","locations":[{"start":{"line":26,"column":50},"end":{"line":26,"column":151}},{"start":{"line":26,"column":50},"end":{"line":26,"column":151}}],"line":26},"15":{"loc":{"start":{"line":36,"column":24},"end":{"line":36,"column":94}},"type":"cond-expr","locations":[{"start":{"line":36,"column":77},"end":{"line":36,"column":89}},{"start":{"line":36,"column":92},"end":{"line":36,"column":94}}],"line":36},"16":{"loc":{"start":{"line":36,"column":24},"end":{"line":36,"column":74}},"type":"binary-expr","locations":[{"start":{"line":36,"column":24},"end":{"line":36,"column":44}},{"start":{"line":36,"column":48},"end":{"line":36,"column":74}}],"line":36},"17":{"loc":{"start":{"line":37,"column":22},"end":{"line":37,"column":92}},"type":"cond-expr","locations":[{"start":{"line":37,"column":75},"end":{"line":37,"column":87}},{"start":{"line":37,"column":90},"end":{"line":37,"column":92}}],"line":37},"18":{"loc":{"start":{"line":37,"column":22},"end":{"line":37,"column":72}},"type":"binary-expr","locations":[{"start":{"line":37,"column":22},"end":{"line":37,"column":42}},{"start":{"line":37,"column":46},"end":{"line":37,"column":72}}],"line":37},"19":{"loc":{"start":{"line":39,"column":12},"end":{"line":41,"column":13}},"type":"if","locations":[{"start":{"line":39,"column":12},"end":{"line":41,"column":13}},{"start":{"line":39,"column":12},"end":{"line":41,"column":13}}],"line":39},"20":{"loc":{"start":{"line":42,"column":12},"end":{"line":44,"column":13}},"type":"if","locations":[{"start":{"line":42,"column":12},"end":{"line":44,"column":13}},{"start":{"line":42,"column":12},"end":{"line":44,"column":13}}],"line":42},"21":{"loc":{"start":{"line":58,"column":54},"end":{"line":58,"column":111}},"type":"binary-expr","locations":[{"start":{"line":58,"column":54},"end":{"line":58,"column":74}},{"start":{"line":58,"column":78},"end":{"line":58,"column":111}}],"line":58},"22":{"loc":{"start":{"line":69,"column":12},"end":{"line":71,"column":13}},"type":"if","locations":[{"start":{"line":69,"column":12},"end":{"line":71,"column":13}},{"start":{"line":69,"column":12},"end":{"line":71,"column":13}}],"line":69},"23":{"loc":{"start":{"line":98,"column":55},"end":{"line":98,"column":122}},"type":"binary-expr","locations":[{"start":{"line":98,"column":55},"end":{"line":98,"column":80}},{"start":{"line":98,"column":84},"end":{"line":98,"column":122}}],"line":98},"24":{"loc":{"start":{"line":107,"column":12},"end":{"line":109,"column":13}},"type":"if","locations":[{"start":{"line":107,"column":12},"end":{"line":109,"column":13}},{"start":{"line":107,"column":12},"end":{"line":109,"column":13}}],"line":107},"25":{"loc":{"start":{"line":115,"column":12},"end":{"line":117,"column":13}},"type":"if","locations":[{"start":{"line":115,"column":12},"end":{"line":117,"column":13}},{"start":{"line":115,"column":12},"end":{"line":117,"column":13}}],"line":115}},"s":{"0":1,"1":1,"2":1,"3":3,"4":3,"5":7,"6":7,"7":7,"8":7,"9":5,"10":7,"11":1,"12":3,"13":3,"14":3,"15":0,"16":3,"17":1,"18":1,"19":1,"20":1,"21":1,"22":2,"23":130,"24":0,"25":130,"26":2,"27":0,"28":2,"29":2,"30":2,"31":260,"32":0,"33":1,"34":130,"35":1,"36":3,"37":3,"38":3,"39":1,"40":3,"41":2,"42":3,"43":1,"44":1,"45":1,"46":6,"47":6,"48":6,"49":6,"50":1,"51":17,"52":17,"53":17,"54":1,"55":16,"56":48,"57":48,"58":48,"59":5,"60":5,"61":1,"62":1,"63":1,"64":124,"65":124,"66":124,"67":124,"68":1,"69":1499,"70":2,"71":1497,"72":127,"73":2,"74":125,"75":1745,"76":1},"f":{"0":1,"1":3,"2":3,"3":2,"4":130,"5":2,"6":260,"7":1,"8":130,"9":3,"10":1,"11":6,"12":17,"13":48,"14":5,"15":1,"16":124,"17":1499,"18":127,"19":1745},"b":{"0":[7,7],"1":[5,2],"2":[3,0],"3":[0,3],"4":[1,1],"5":[2,2],"6":[0,130],"7":[0,130],"8":[130,0,0],"9":[0,2],"10":[2,0],"11":[2,2],"12":[2,0],"13":[2,0],"14":[0,260],"15":[1,2],"16":[3,1],"17":[1,2],"18":[3,1],"19":[1,2],"20":[2,1],"21":[6,0],"22":[1,16],"23":[124,0],"24":[2,1497],"25":[2,125]},"_coverageSchema":"43e27e138ebf9cfc5966b082cf9a028302ed4184","hash":"c038fc4518f485019812acf2e54f55fa96c2d958","contentHash":"f6a6af39cb8099ca8238907300868fd365ffaa7425115b40acb606dd374919af"},"/Users/jefflee/Project/pdf-backend/src/buffer-stream.js":{"path":"/Users/jefflee/Project/pdf-backend/src/buffer-stream.js","statementMap":{"0":{"start":{"line":3,"column":0},"end":{"line":5,"column":3}},"1":{"start":{"line":7,"column":19},"end":{"line":7,"column":563}},"2":{"start":{"line":7,"column":76},"end":{"line":7,"column":347}},"3":{"start":{"line":7,"column":89},"end":{"line":7,"column":90}},"4":{"start":{"line":7,"column":134},"end":{"line":7,"column":142}},"5":{"start":{"line":7,"column":144},"end":{"line":7,"column":199}},"6":{"start":{"line":7,"column":200},"end":{"line":7,"column":231}},"7":{"start":{"line":7,"column":232},"end":{"line":7,"column":286}},"8":{"start":{"line":7,"column":259},"end":{"line":7,"column":286}},"9":{"start":{"line":7,"column":287},"end":{"line":7,"column":345}},"10":{"start":{"line":7,"column":350},"end":{"line":7,"column":559}},"11":{"start":{"line":7,"column":407},"end":{"line":7,"column":475}},"12":{"start":{"line":7,"column":423},"end":{"line":7,"column":475}},"13":{"start":{"line":7,"column":476},"end":{"line":7,"column":536}},"14":{"start":{"line":7,"column":493},"end":{"line":7,"column":536}},"15":{"start":{"line":7,"column":537},"end":{"line":7,"column":556}},"16":{"start":{"line":9,"column":14},"end":{"line":9,"column":31}},"17":{"start":{"line":11,"column":15},"end":{"line":11,"column":46}},"18":{"start":{"line":13,"column":9},"end":{"line":13,"column":27}},"19":{"start":{"line":15,"column":10},"end":{"line":15,"column":36}},"20":{"start":{"line":17,"column":13},"end":{"line":17,"column":31}},"21":{"start":{"line":19,"column":39},"end":{"line":19,"column":93}},"22":{"start":{"line":21,"column":50},"end":{"line":21,"column":151}},"23":{"start":{"line":21,"column":92},"end":{"line":21,"column":149}},"24":{"start":{"line":27,"column":19},"end":{"line":224,"column":3}},"25":{"start":{"line":35,"column":28},"end":{"line":35,"column":97}},"26":{"start":{"line":36,"column":21},"end":{"line":36,"column":91}},"27":{"start":{"line":38,"column":8},"end":{"line":38,"column":44}},"28":{"start":{"line":40,"column":8},"end":{"line":40,"column":29}},"29":{"start":{"line":41,"column":8},"end":{"line":41,"column":38}},"30":{"start":{"line":42,"column":8},"end":{"line":46,"column":9}},"31":{"start":{"line":43,"column":12},"end":{"line":43,"column":54}},"32":{"start":{"line":45,"column":12},"end":{"line":45,"column":54}},"33":{"start":{"line":47,"column":8},"end":{"line":47,"column":43}},"34":{"start":{"line":48,"column":8},"end":{"line":48,"column":42}},"35":{"start":{"line":49,"column":8},"end":{"line":49,"column":32}},"36":{"start":{"line":57,"column":4},"end":{"line":221,"column":8}},"37":{"start":{"line":60,"column":12},"end":{"line":62,"column":13}},"38":{"start":{"line":61,"column":16},"end":{"line":61,"column":28}},"39":{"start":{"line":63,"column":12},"end":{"line":63,"column":46}},"40":{"start":{"line":64,"column":12},"end":{"line":64,"column":56}},"41":{"start":{"line":69,"column":25},"end":{"line":69,"column":94}},"42":{"start":{"line":71,"column":12},"end":{"line":73,"column":13}},"43":{"start":{"line":72,"column":16},"end":{"line":72,"column":28}},"44":{"start":{"line":74,"column":12},"end":{"line":74,"column":46}},"45":{"start":{"line":75,"column":12},"end":{"line":75,"column":36}},"46":{"start":{"line":85,"column":12},"end":{"line":87,"column":13}},"47":{"start":{"line":86,"column":16},"end":{"line":86,"column":28}},"48":{"start":{"line":88,"column":12},"end":{"line":88,"column":54}},"49":{"start":{"line":93,"column":12},"end":{"line":95,"column":13}},"50":{"start":{"line":94,"column":16},"end":{"line":94,"column":28}},"51":{"start":{"line":96,"column":12},"end":{"line":96,"column":63}},"52":{"start":{"line":106,"column":12},"end":{"line":106,"column":53}},"53":{"start":{"line":116,"column":12},"end":{"line":116,"column":46}},"54":{"start":{"line":117,"column":12},"end":{"line":117,"column":47}},"55":{"start":{"line":129,"column":12},"end":{"line":129,"column":46}},"56":{"start":{"line":130,"column":25},"end":{"line":130,"column":38}},"57":{"start":{"line":131,"column":27},"end":{"line":131,"column":44}},"58":{"start":{"line":132,"column":25},"end":{"line":132,"column":45}},"59":{"start":{"line":133,"column":12},"end":{"line":135,"column":13}},"60":{"start":{"line":134,"column":16},"end":{"line":134,"column":42}},"61":{"start":{"line":136,"column":12},"end":{"line":138,"column":13}},"62":{"start":{"line":137,"column":16},"end":{"line":137,"column":42}},"63":{"start":{"line":139,"column":12},"end":{"line":149,"column":13}},"64":{"start":{"line":140,"column":16},"end":{"line":143,"column":17}},"65":{"start":{"line":141,"column":20},"end":{"line":141,"column":43}},"66":{"start":{"line":142,"column":20},"end":{"line":142,"column":33}},"67":{"start":{"line":144,"column":29},"end":{"line":144,"column":58}},"68":{"start":{"line":145,"column":16},"end":{"line":147,"column":17}},"69":{"start":{"line":146,"column":20},"end":{"line":146,"column":32}},"70":{"start":{"line":148,"column":16},"end":{"line":148,"column":35}},"71":{"start":{"line":161,"column":12},"end":{"line":161,"column":46}},"72":{"start":{"line":162,"column":25},"end":{"line":162,"column":38}},"73":{"start":{"line":164,"column":12},"end":{"line":164,"column":45}},"74":{"start":{"line":165,"column":25},"end":{"line":165,"column":68}},"75":{"start":{"line":167,"column":12},"end":{"line":169,"column":13}},"76":{"start":{"line":168,"column":16},"end":{"line":168,"column":27}},"77":{"start":{"line":170,"column":12},"end":{"line":186,"column":13}},"78":{"start":{"line":171,"column":16},"end":{"line":185,"column":17}},"79":{"start":{"line":172,"column":20},"end":{"line":175,"column":21}},"80":{"start":{"line":173,"column":24},"end":{"line":173,"column":47}},"81":{"start":{"line":174,"column":24},"end":{"line":174,"column":37}},"82":{"start":{"line":176,"column":33},"end":{"line":176,"column":62}},"83":{"start":{"line":177,"column":20},"end":{"line":180,"column":21}},"84":{"start":{"line":179,"column":24},"end":{"line":179,"column":36}},"85":{"start":{"line":181,"column":20},"end":{"line":181,"column":39}},"86":{"start":{"line":184,"column":20},"end":{"line":184,"column":39}},"87":{"start":{"line":196,"column":12},"end":{"line":196,"column":46}},"88":{"start":{"line":201,"column":23},"end":{"line":201,"column":41}},"89":{"start":{"line":202,"column":12},"end":{"line":202,"column":53}},"90":{"start":{"line":203,"column":12},"end":{"line":203,"column":24}},"91":{"start":{"line":208,"column":12},"end":{"line":208,"column":46}},"92":{"start":{"line":209,"column":12},"end":{"line":211,"column":13}},"93":{"start":{"line":210,"column":16},"end":{"line":210,"column":97}},"94":{"start":{"line":212,"column":12},"end":{"line":212,"column":53}},"95":{"start":{"line":213,"column":12},"end":{"line":213,"column":44}},"96":{"start":{"line":218,"column":12},"end":{"line":218,"column":44}},"97":{"start":{"line":219,"column":12},"end":{"line":219,"column":44}},"98":{"start":{"line":223,"column":4},"end":{"line":223,"column":24}},"99":{"start":{"line":226,"column":0},"end":{"line":226,"column":31}}},"fnMap":{"0":{"name":"(anonymous_0)","decl":{"start":{"line":7,"column":19},"end":{"line":7,"column":20}},"loc":{"start":{"line":7,"column":31},"end":{"line":7,"column":561}},"line":7},"1":{"name":"defineProperties","decl":{"start":{"line":7,"column":42},"end":{"line":7,"column":58}},"loc":{"start":{"line":7,"column":74},"end":{"line":7,"column":349}},"line":7},"2":{"name":"(anonymous_2)","decl":{"start":{"line":7,"column":357},"end":{"line":7,"column":358}},"loc":{"start":{"line":7,"column":405},"end":{"line":7,"column":558}},"line":7},"3":{"name":"_interopRequireDefault","decl":{"start":{"line":19,"column":9},"end":{"line":19,"column":31}},"loc":{"start":{"line":19,"column":37},"end":{"line":19,"column":95}},"line":19},"4":{"name":"_classCallCheck","decl":{"start":{"line":21,"column":9},"end":{"line":21,"column":24}},"loc":{"start":{"line":21,"column":48},"end":{"line":21,"column":153}},"line":21},"5":{"name":"(anonymous_5)","decl":{"start":{"line":27,"column":19},"end":{"line":27,"column":20}},"loc":{"start":{"line":27,"column":31},"end":{"line":224,"column":1}},"line":27},"6":{"name":"BufferStream","decl":{"start":{"line":34,"column":13},"end":{"line":34,"column":25}},"loc":{"start":{"line":34,"column":34},"end":{"line":50,"column":5}},"line":34},"7":{"name":"getByte","decl":{"start":{"line":59,"column":24},"end":{"line":59,"column":31}},"loc":{"start":{"line":59,"column":34},"end":{"line":65,"column":9}},"line":59},"8":{"name":"skip","decl":{"start":{"line":68,"column":24},"end":{"line":68,"column":28}},"loc":{"start":{"line":68,"column":31},"end":{"line":76,"column":9}},"line":68},"9":{"name":"peekByte","decl":{"start":{"line":84,"column":24},"end":{"line":84,"column":32}},"loc":{"start":{"line":84,"column":35},"end":{"line":89,"column":9}},"line":84},"10":{"name":"peekBytes","decl":{"start":{"line":92,"column":24},"end":{"line":92,"column":33}},"loc":{"start":{"line":92,"column":42},"end":{"line":97,"column":9}},"line":92},"11":{"name":"hasNext","decl":{"start":{"line":105,"column":24},"end":{"line":105,"column":31}},"loc":{"start":{"line":105,"column":34},"end":{"line":107,"column":9}},"line":105},"12":{"name":"reset","decl":{"start":{"line":115,"column":24},"end":{"line":115,"column":29}},"loc":{"start":{"line":115,"column":32},"end":{"line":118,"column":9}},"line":115},"13":{"name":"find","decl":{"start":{"line":128,"column":24},"end":{"line":128,"column":28}},"loc":{"start":{"line":128,"column":44},"end":{"line":150,"column":9}},"line":128},"14":{"name":"findBackward","decl":{"start":{"line":160,"column":24},"end":{"line":160,"column":36}},"loc":{"start":{"line":160,"column":52},"end":{"line":187,"column":9}},"line":160},"15":{"name":"rewindPosition","decl":{"start":{"line":195,"column":24},"end":{"line":195,"column":38}},"loc":{"start":{"line":195,"column":41},"end":{"line":197,"column":9}},"line":195},"16":{"name":"savePosition","decl":{"start":{"line":200,"column":24},"end":{"line":200,"column":36}},"loc":{"start":{"line":200,"column":39},"end":{"line":204,"column":9}},"line":200},"17":{"name":"restorePosition","decl":{"start":{"line":207,"column":24},"end":{"line":207,"column":39}},"loc":{"start":{"line":207,"column":46},"end":{"line":214,"column":9}},"line":207},"18":{"name":"cleanSavedPosition","decl":{"start":{"line":217,"column":24},"end":{"line":217,"column":42}},"loc":{"start":{"line":217,"column":49},"end":{"line":220,"column":9}},"line":217}},"branchMap":{"0":{"loc":{"start":{"line":7,"column":168},"end":{"line":7,"column":198}},"type":"binary-expr","locations":[{"start":{"line":7,"column":168},"end":{"line":7,"column":189}},{"start":{"line":7,"column":193},"end":{"line":7,"column":198}}],"line":7},"1":{"loc":{"start":{"line":7,"column":232},"end":{"line":7,"column":286}},"type":"if","locations":[{"start":{"line":7,"column":232},"end":{"line":7,"column":286}},{"start":{"line":7,"column":232},"end":{"line":7,"column":286}}],"line":7},"2":{"loc":{"start":{"line":7,"column":407},"end":{"line":7,"column":475}},"type":"if","locations":[{"start":{"line":7,"column":407},"end":{"line":7,"column":475}},{"start":{"line":7,"column":407},"end":{"line":7,"column":475}}],"line":7},"3":{"loc":{"start":{"line":7,"column":476},"end":{"line":7,"column":536}},"type":"if","locations":[{"start":{"line":7,"column":476},"end":{"line":7,"column":536}},{"start":{"line":7,"column":476},"end":{"line":7,"column":536}}],"line":7},"4":{"loc":{"start":{"line":19,"column":46},"end":{"line":19,"column":92}},"type":"cond-expr","locations":[{"start":{"line":19,"column":70},"end":{"line":19,"column":73}},{"start":{"line":19,"column":76},"end":{"line":19,"column":92}}],"line":19},"5":{"loc":{"start":{"line":19,"column":46},"end":{"line":19,"column":67}},"type":"binary-expr","locations":[{"start":{"line":19,"column":46},"end":{"line":19,"column":49}},{"start":{"line":19,"column":53},"end":{"line":19,"column":67}}],"line":19},"6":{"loc":{"start":{"line":21,"column":50},"end":{"line":21,"column":151}},"type":"if","locations":[{"start":{"line":21,"column":50},"end":{"line":21,"column":151}},{"start":{"line":21,"column":50},"end":{"line":21,"column":151}}],"line":21},"7":{"loc":{"start":{"line":35,"column":28},"end":{"line":35,"column":97}},"type":"cond-expr","locations":[{"start":{"line":35,"column":81},"end":{"line":35,"column":93}},{"start":{"line":35,"column":96},"end":{"line":35,"column":97}}],"line":35},"8":{"loc":{"start":{"line":35,"column":28},"end":{"line":35,"column":78}},"type":"binary-expr","locations":[{"start":{"line":35,"column":28},"end":{"line":35,"column":48}},{"start":{"line":35,"column":52},"end":{"line":35,"column":78}}],"line":35},"9":{"loc":{"start":{"line":36,"column":21},"end":{"line":36,"column":91}},"type":"cond-expr","locations":[{"start":{"line":36,"column":74},"end":{"line":36,"column":86}},{"start":{"line":36,"column":89},"end":{"line":36,"column":91}}],"line":36},"10":{"loc":{"start":{"line":36,"column":21},"end":{"line":36,"column":71}},"type":"binary-expr","locations":[{"start":{"line":36,"column":21},"end":{"line":36,"column":41}},{"start":{"line":36,"column":45},"end":{"line":36,"column":71}}],"line":36},"11":{"loc":{"start":{"line":42,"column":8},"end":{"line":46,"column":9}},"type":"if","locations":[{"start":{"line":42,"column":8},"end":{"line":46,"column":9}},{"start":{"line":42,"column":8},"end":{"line":46,"column":9}}],"line":42},"12":{"loc":{"start":{"line":60,"column":12},"end":{"line":62,"column":13}},"type":"if","locations":[{"start":{"line":60,"column":12},"end":{"line":62,"column":13}},{"start":{"line":60,"column":12},"end":{"line":62,"column":13}}],"line":60},"13":{"loc":{"start":{"line":69,"column":25},"end":{"line":69,"column":94}},"type":"cond-expr","locations":[{"start":{"line":69,"column":78},"end":{"line":69,"column":90}},{"start":{"line":69,"column":93},"end":{"line":69,"column":94}}],"line":69},"14":{"loc":{"start":{"line":69,"column":25},"end":{"line":69,"column":75}},"type":"binary-expr","locations":[{"start":{"line":69,"column":25},"end":{"line":69,"column":45}},{"start":{"line":69,"column":49},"end":{"line":69,"column":75}}],"line":69},"15":{"loc":{"start":{"line":71,"column":12},"end":{"line":73,"column":13}},"type":"if","locations":[{"start":{"line":71,"column":12},"end":{"line":73,"column":13}},{"start":{"line":71,"column":12},"end":{"line":73,"column":13}}],"line":71},"16":{"loc":{"start":{"line":85,"column":12},"end":{"line":87,"column":13}},"type":"if","locations":[{"start":{"line":85,"column":12},"end":{"line":87,"column":13}},{"start":{"line":85,"column":12},"end":{"line":87,"column":13}}],"line":85},"17":{"loc":{"start":{"line":93,"column":12},"end":{"line":95,"column":13}},"type":"if","locations":[{"start":{"line":93,"column":12},"end":{"line":95,"column":13}},{"start":{"line":93,"column":12},"end":{"line":95,"column":13}}],"line":93},"18":{"loc":{"start":{"line":133,"column":12},"end":{"line":135,"column":13}},"type":"if","locations":[{"start":{"line":133,"column":12},"end":{"line":135,"column":13}},{"start":{"line":133,"column":12},"end":{"line":135,"column":13}}],"line":133},"19":{"loc":{"start":{"line":136,"column":12},"end":{"line":138,"column":13}},"type":"if","locations":[{"start":{"line":136,"column":12},"end":{"line":138,"column":13}},{"start":{"line":136,"column":12},"end":{"line":138,"column":13}}],"line":136},"20":{"loc":{"start":{"line":140,"column":16},"end":{"line":143,"column":17}},"type":"if","locations":[{"start":{"line":140,"column":16},"end":{"line":143,"column":17}},{"start":{"line":140,"column":16},"end":{"line":143,"column":17}}],"line":140},"21":{"loc":{"start":{"line":145,"column":16},"end":{"line":147,"column":17}},"type":"if","locations":[{"start":{"line":145,"column":16},"end":{"line":147,"column":17}},{"start":{"line":145,"column":16},"end":{"line":147,"column":17}}],"line":145},"22":{"loc":{"start":{"line":167,"column":12},"end":{"line":169,"column":13}},"type":"if","locations":[{"start":{"line":167,"column":12},"end":{"line":169,"column":13}},{"start":{"line":167,"column":12},"end":{"line":169,"column":13}}],"line":167},"23":{"loc":{"start":{"line":172,"column":20},"end":{"line":175,"column":21}},"type":"if","locations":[{"start":{"line":172,"column":20},"end":{"line":175,"column":21}},{"start":{"line":172,"column":20},"end":{"line":175,"column":21}}],"line":172},"24":{"loc":{"start":{"line":177,"column":20},"end":{"line":180,"column":21}},"type":"if","locations":[{"start":{"line":177,"column":20},"end":{"line":180,"column":21}},{"start":{"line":177,"column":20},"end":{"line":180,"column":21}}],"line":177},"25":{"loc":{"start":{"line":209,"column":12},"end":{"line":211,"column":13}},"type":"if","locations":[{"start":{"line":209,"column":12},"end":{"line":211,"column":13}},{"start":{"line":209,"column":12},"end":{"line":211,"column":13}}],"line":209},"26":{"loc":{"start":{"line":209,"column":16},"end":{"line":209,"column":74}},"type":"binary-expr","locations":[{"start":{"line":209,"column":16},"end":{"line":209,"column":41}},{"start":{"line":209,"column":45},"end":{"line":209,"column":74}}],"line":209}},"s":{"0":1,"1":1,"2":1,"3":1,"4":12,"5":12,"6":12,"7":12,"8":12,"9":12,"10":1,"11":1,"12":1,"13":1,"14":0,"15":1,"16":1,"17":1,"18":1,"19":1,"20":1,"21":2,"22":118,"23":0,"24":1,"25":118,"26":118,"27":118,"28":118,"29":118,"30":118,"31":118,"32":0,"33":118,"34":118,"35":118,"36":1,"37":1542,"38":45,"39":1497,"40":1497,"41":5,"42":5,"43":0,"44":5,"45":5,"46":15,"47":2,"48":13,"49":169,"50":0,"51":169,"52":1734,"53":1,"54":1,"55":12,"56":12,"57":12,"58":12,"59":12,"60":0,"61":12,"62":0,"63":12,"64":126,"65":4,"66":4,"67":122,"68":122,"69":8,"70":114,"71":2,"72":2,"73":2,"74":2,"75":2,"76":2,"77":2,"78":47,"79":47,"80":0,"81":0,"82":47,"83":47,"84":2,"85":45,"86":0,"87":241,"88":2405,"89":2405,"90":2405,"91":832,"92":832,"93":0,"94":832,"95":832,"96":1567,"97":1567,"98":1,"99":1},"f":{"0":1,"1":1,"2":1,"3":2,"4":118,"5":1,"6":118,"7":1542,"8":5,"9":15,"10":169,"11":1734,"12":1,"13":12,"14":2,"15":241,"16":2405,"17":832,"18":1567},"b":{"0":[12,12],"1":[12,0],"2":[1,0],"3":[0,1],"4":[0,2],"5":[2,2],"6":[0,118],"7":[0,118],"8":[118,0],"9":[0,118],"10":[118,0],"11":[118,0],"12":[45,1497],"13":[4,1],"14":[5,4],"15":[0,5],"16":[2,13],"17":[0,169],"18":[0,12],"19":[0,12],"20":[4,122],"21":[8,114],"22":[2,0],"23":[0,47],"24":[2,45],"25":[0,832],"26":[832,5]},"_coverageSchema":"43e27e138ebf9cfc5966b082cf9a028302ed4184","hash":"bc4407bd65260522cb16ae21cac94de54f6a8720","contentHash":"c8e6b8a34ca90d924dca6795518004b85cb62af436e4a00aae13f6907c35fc2a"},"/Users/jefflee/Project/pdf-backend/src/error.js":{"path":"/Users/jefflee/Project/pdf-backend/src/error.js","statementMap":{"0":{"start":{"line":3,"column":0},"end":{"line":5,"column":3}},"1":{"start":{"line":7,"column":50},"end":{"line":7,"column":151}},"2":{"start":{"line":7,"column":92},"end":{"line":7,"column":149}},"3":{"start":{"line":9,"column":50},"end":{"line":9,"column":151}},"4":{"start":{"line":9,"column":63},"end":{"line":9,"column":149}},"5":{"start":{"line":9,"column":152},"end":{"line":9,"column":238}},"6":{"start":{"line":11,"column":43},"end":{"line":11,"column":208}},"7":{"start":{"line":11,"column":106},"end":{"line":11,"column":206}},"8":{"start":{"line":11,"column":209},"end":{"line":11,"column":373}},"9":{"start":{"line":11,"column":374},"end":{"line":11,"column":492}},"10":{"start":{"line":11,"column":390},"end":{"line":11,"column":492}},"11":{"start":{"line":13,"column":35},"end":{"line":33,"column":8}},"12":{"start":{"line":14,"column":4},"end":{"line":14,"column":52}},"13":{"start":{"line":19,"column":8},"end":{"line":19,"column":60}},"14":{"start":{"line":21,"column":8},"end":{"line":23,"column":9}},"15":{"start":{"line":21,"column":24},"end":{"line":21,"column":40}},"16":{"start":{"line":21,"column":49},"end":{"line":21,"column":60}},"17":{"start":{"line":21,"column":69},"end":{"line":21,"column":70}},"18":{"start":{"line":22,"column":12},"end":{"line":22,"column":41}},"19":{"start":{"line":25,"column":20},"end":{"line":25,"column":194}},"20":{"start":{"line":27,"column":8},"end":{"line":27,"column":69}},"21":{"start":{"line":28,"column":8},"end":{"line":28,"column":52}},"22":{"start":{"line":29,"column":8},"end":{"line":29,"column":21}},"23":{"start":{"line":32,"column":4},"end":{"line":32,"column":40}},"24":{"start":{"line":35,"column":28},"end":{"line":55,"column":8}},"25":{"start":{"line":36,"column":4},"end":{"line":36,"column":46}},"26":{"start":{"line":41,"column":8},"end":{"line":41,"column":53}},"27":{"start":{"line":43,"column":8},"end":{"line":45,"column":9}},"28":{"start":{"line":43,"column":25},"end":{"line":43,"column":41}},"29":{"start":{"line":43,"column":50},"end":{"line":43,"column":62}},"30":{"start":{"line":43,"column":72},"end":{"line":43,"column":73}},"31":{"start":{"line":44,"column":12},"end":{"line":44,"column":43}},"32":{"start":{"line":47,"column":21},"end":{"line":47,"column":183}},"33":{"start":{"line":49,"column":8},"end":{"line":49,"column":63}},"34":{"start":{"line":50,"column":8},"end":{"line":50,"column":46}},"35":{"start":{"line":51,"column":8},"end":{"line":51,"column":22}},"36":{"start":{"line":54,"column":4},"end":{"line":54,"column":33}},"37":{"start":{"line":57,"column":34},"end":{"line":77,"column":8}},"38":{"start":{"line":58,"column":4},"end":{"line":58,"column":52}},"39":{"start":{"line":63,"column":8},"end":{"line":63,"column":59}},"40":{"start":{"line":65,"column":8},"end":{"line":67,"column":9}},"41":{"start":{"line":65,"column":25},"end":{"line":65,"column":41}},"42":{"start":{"line":65,"column":50},"end":{"line":65,"column":62}},"43":{"start":{"line":65,"column":72},"end":{"line":65,"column":73}},"44":{"start":{"line":66,"column":12},"end":{"line":66,"column":43}},"45":{"start":{"line":69,"column":21},"end":{"line":69,"column":195}},"46":{"start":{"line":71,"column":8},"end":{"line":71,"column":69}},"47":{"start":{"line":72,"column":8},"end":{"line":72,"column":52}},"48":{"start":{"line":73,"column":8},"end":{"line":73,"column":22}},"49":{"start":{"line":76,"column":4},"end":{"line":76,"column":39}},"50":{"start":{"line":79,"column":27},"end":{"line":99,"column":8}},"51":{"start":{"line":80,"column":4},"end":{"line":80,"column":45}},"52":{"start":{"line":85,"column":8},"end":{"line":85,"column":52}},"53":{"start":{"line":87,"column":8},"end":{"line":89,"column":9}},"54":{"start":{"line":87,"column":25},"end":{"line":87,"column":41}},"55":{"start":{"line":87,"column":50},"end":{"line":87,"column":62}},"56":{"start":{"line":87,"column":72},"end":{"line":87,"column":73}},"57":{"start":{"line":88,"column":12},"end":{"line":88,"column":43}},"58":{"start":{"line":91,"column":21},"end":{"line":91,"column":181}},"59":{"start":{"line":93,"column":8},"end":{"line":93,"column":62}},"60":{"start":{"line":94,"column":8},"end":{"line":94,"column":45}},"61":{"start":{"line":95,"column":8},"end":{"line":95,"column":22}},"62":{"start":{"line":98,"column":4},"end":{"line":98,"column":32}}},"fnMap":{"0":{"name":"_classCallCheck","decl":{"start":{"line":7,"column":9},"end":{"line":7,"column":24}},"loc":{"start":{"line":7,"column":48},"end":{"line":7,"column":153}},"line":7},"1":{"name":"_possibleConstructorReturn","decl":{"start":{"line":9,"column":9},"end":{"line":9,"column":35}},"loc":{"start":{"line":9,"column":48},"end":{"line":9,"column":240}},"line":9},"2":{"name":"_inherits","decl":{"start":{"line":11,"column":9},"end":{"line":11,"column":18}},"loc":{"start":{"line":11,"column":41},"end":{"line":11,"column":494}},"line":11},"3":{"name":"(anonymous_3)","decl":{"start":{"line":13,"column":74},"end":{"line":13,"column":75}},"loc":{"start":{"line":13,"column":92},"end":{"line":33,"column":1}},"line":13},"4":{"name":"ReaderOffsetExceedLimitError","decl":{"start":{"line":16,"column":13},"end":{"line":16,"column":41}},"loc":{"start":{"line":16,"column":44},"end":{"line":30,"column":5}},"line":16},"5":{"name":"(anonymous_5)","decl":{"start":{"line":35,"column":60},"end":{"line":35,"column":61}},"loc":{"start":{"line":35,"column":79},"end":{"line":55,"column":1}},"line":35},"6":{"name":"InvalidPDFFormatError","decl":{"start":{"line":38,"column":13},"end":{"line":38,"column":34}},"loc":{"start":{"line":38,"column":37},"end":{"line":52,"column":5}},"line":38},"7":{"name":"(anonymous_7)","decl":{"start":{"line":57,"column":72},"end":{"line":57,"column":73}},"loc":{"start":{"line":57,"column":91},"end":{"line":77,"column":1}},"line":57},"8":{"name":"FormattedObjectNotFillError","decl":{"start":{"line":60,"column":13},"end":{"line":60,"column":40}},"loc":{"start":{"line":60,"column":43},"end":{"line":74,"column":5}},"line":60},"9":{"name":"(anonymous_9)","decl":{"start":{"line":79,"column":58},"end":{"line":79,"column":59}},"loc":{"start":{"line":79,"column":77},"end":{"line":99,"column":1}},"line":79},"10":{"name":"RestorePositionError","decl":{"start":{"line":82,"column":13},"end":{"line":82,"column":33}},"loc":{"start":{"line":82,"column":36},"end":{"line":96,"column":5}},"line":82}},"branchMap":{"0":{"loc":{"start":{"line":7,"column":50},"end":{"line":7,"column":151}},"type":"if","locations":[{"start":{"line":7,"column":50},"end":{"line":7,"column":151}},{"start":{"line":7,"column":50},"end":{"line":7,"column":151}}],"line":7},"1":{"loc":{"start":{"line":9,"column":50},"end":{"line":9,"column":151}},"type":"if","locations":[{"start":{"line":9,"column":50},"end":{"line":9,"column":151}},{"start":{"line":9,"column":50},"end":{"line":9,"column":151}}],"line":9},"2":{"loc":{"start":{"line":9,"column":159},"end":{"line":9,"column":237}},"type":"cond-expr","locations":[{"start":{"line":9,"column":226},"end":{"line":9,"column":230}},{"start":{"line":9,"column":233},"end":{"line":9,"column":237}}],"line":9},"3":{"loc":{"start":{"line":9,"column":159},"end":{"line":9,"column":223}},"type":"binary-expr","locations":[{"start":{"line":9,"column":159},"end":{"line":9,"column":163}},{"start":{"line":9,"column":168},"end":{"line":9,"column":192}},{"start":{"line":9,"column":196},"end":{"line":9,"column":222}}],"line":9},"4":{"loc":{"start":{"line":11,"column":43},"end":{"line":11,"column":208}},"type":"if","locations":[{"start":{"line":11,"column":43},"end":{"line":11,"column":208}},{"start":{"line":11,"column":43},"end":{"line":11,"column":208}}],"line":11},"5":{"loc":{"start":{"line":11,"column":47},"end":{"line":11,"column":102}},"type":"binary-expr","locations":[{"start":{"line":11,"column":47},"end":{"line":11,"column":79}},{"start":{"line":11,"column":83},"end":{"line":11,"column":102}}],"line":11},"6":{"loc":{"start":{"line":11,"column":244},"end":{"line":11,"column":278}},"type":"binary-expr","locations":[{"start":{"line":11,"column":244},"end":{"line":11,"column":254}},{"start":{"line":11,"column":258},"end":{"line":11,"column":278}}],"line":11},"7":{"loc":{"start":{"line":11,"column":374},"end":{"line":11,"column":492}},"type":"if","locations":[{"start":{"line":11,"column":374},"end":{"line":11,"column":492}},{"start":{"line":11,"column":374},"end":{"line":11,"column":492}}],"line":11},"8":{"loc":{"start":{"line":11,"column":390},"end":{"line":11,"column":491}},"type":"cond-expr","locations":[{"start":{"line":11,"column":414},"end":{"line":11,"column":457}},{"start":{"line":11,"column":460},"end":{"line":11,"column":491}}],"line":11},"9":{"loc":{"start":{"line":25,"column":61},"end":{"line":25,"column":154}},"type":"binary-expr","locations":[{"start":{"line":25,"column":61},"end":{"line":25,"column":99}},{"start":{"line":25,"column":103},"end":{"line":25,"column":154}}],"line":25},"10":{"loc":{"start":{"line":47,"column":63},"end":{"line":47,"column":142}},"type":"binary-expr","locations":[{"start":{"line":47,"column":63},"end":{"line":47,"column":94}},{"start":{"line":47,"column":98},"end":{"line":47,"column":142}}],"line":47},"11":{"loc":{"start":{"line":69,"column":63},"end":{"line":69,"column":154}},"type":"binary-expr","locations":[{"start":{"line":69,"column":63},"end":{"line":69,"column":100}},{"start":{"line":69,"column":104},"end":{"line":69,"column":154}}],"line":69},"12":{"loc":{"start":{"line":91,"column":63},"end":{"line":91,"column":140}},"type":"binary-expr","locations":[{"start":{"line":91,"column":63},"end":{"line":91,"column":93}},{"start":{"line":91,"column":97},"end":{"line":91,"column":140}}],"line":91}},"s":{"0":1,"1":4,"2":0,"3":4,"4":0,"5":4,"6":4,"7":0,"8":4,"9":4,"10":4,"11":1,"12":1,"13":4,"14":4,"15":4,"16":4,"17":4,"18":4,"19":4,"20":4,"21":4,"22":4,"23":1,"24":1,"25":1,"26":0,"27":0,"28":0,"29":0,"30":0,"31":0,"32":0,"33":0,"34":0,"35":0,"36":1,"37":1,"38":1,"39":0,"40":0,"41":0,"42":0,"43":0,"44":0,"45":0,"46":0,"47":0,"48":0,"49":1,"50":1,"51":1,"52":0,"53":0,"54":0,"55":0,"56":0,"57":0,"58":0,"59":0,"60":0,"61":0,"62":1},"f":{"0":4,"1":4,"2":4,"3":1,"4":4,"5":1,"6":0,"7":1,"8":0,"9":1,"10":0},"b":{"0":[0,4],"1":[0,4],"2":[4,0],"3":[4,4,0],"4":[0,4],"5":[4,0],"6":[4,4],"7":[4,0],"8":[4,0],"9":[4,0],"10":[0,0],"11":[0,0],"12":[0,0]},"_coverageSchema":"43e27e138ebf9cfc5966b082cf9a028302ed4184","hash":"87006d0be96caf50fd820c6ccd5f764de0d6ded8","contentHash":"18f321633d6483c8071a2c94a23fc9bcaab22005979fe7b20c74e2af6b153a8e"},"/Users/jefflee/Project/pdf-backend/src/document.js":{"path":"/Users/jefflee/Project/pdf-backend/src/document.js","statementMap":{"0":{"start":{"line":3,"column":0},"end":{"line":5,"column":3}},"1":{"start":{"line":6,"column":0},"end":{"line":6,"column":32}},"2":{"start":{"line":8,"column":19},"end":{"line":8,"column":563}},"3":{"start":{"line":8,"column":76},"end":{"line":8,"column":347}},"4":{"start":{"line":8,"column":89},"end":{"line":8,"column":90}},"5":{"start":{"line":8,"column":134},"end":{"line":8,"column":142}},"6":{"start":{"line":8,"column":144},"end":{"line":8,"column":199}},"7":{"start":{"line":8,"column":200},"end":{"line":8,"column":231}},"8":{"start":{"line":8,"column":232},"end":{"line":8,"column":286}},"9":{"start":{"line":8,"column":259},"end":{"line":8,"column":286}},"10":{"start":{"line":8,"column":287},"end":{"line":8,"column":345}},"11":{"start":{"line":8,"column":350},"end":{"line":8,"column":559}},"12":{"start":{"line":8,"column":407},"end":{"line":8,"column":475}},"13":{"start":{"line":8,"column":423},"end":{"line":8,"column":475}},"14":{"start":{"line":8,"column":476},"end":{"line":8,"column":536}},"15":{"start":{"line":8,"column":493},"end":{"line":8,"column":536}},"16":{"start":{"line":8,"column":537},"end":{"line":8,"column":556}},"17":{"start":{"line":10,"column":14},"end":{"line":10,"column":33}},"18":{"start":{"line":12,"column":13},"end":{"line":12,"column":31}},"19":{"start":{"line":14,"column":13},"end":{"line":14,"column":31}},"20":{"start":{"line":16,"column":14},"end":{"line":16,"column":44}},"21":{"start":{"line":18,"column":39},"end":{"line":18,"column":93}},"22":{"start":{"line":20,"column":50},"end":{"line":20,"column":151}},"23":{"start":{"line":20,"column":92},"end":{"line":20,"column":149}},"24":{"start":{"line":22,"column":18},"end":{"line":54,"column":3}},"25":{"start":{"line":24,"column":8},"end":{"line":24,"column":43}},"26":{"start":{"line":27,"column":4},"end":{"line":51,"column":8}},"27":{"start":{"line":30,"column":12},"end":{"line":30,"column":55}},"28":{"start":{"line":31,"column":12},"end":{"line":31,"column":55}},"29":{"start":{"line":36,"column":31},"end":{"line":36,"column":42}},"30":{"start":{"line":37,"column":24},"end":{"line":37,"column":72}},"31":{"start":{"line":38,"column":12},"end":{"line":49,"column":13}},"32":{"start":{"line":39,"column":16},"end":{"line":39,"column":60}},"33":{"start":{"line":40,"column":28},"end":{"line":40,"column":66}},"34":{"start":{"line":41,"column":38},"end":{"line":41,"column":53}},"35":{"start":{"line":42,"column":16},"end":{"line":46,"column":17}},"36":{"start":{"line":43,"column":20},"end":{"line":43,"column":47}},"37":{"start":{"line":45,"column":20},"end":{"line":45,"column":142}},"38":{"start":{"line":48,"column":16},"end":{"line":48,"column":126}},"39":{"start":{"line":53,"column":4},"end":{"line":53,"column":23}}},"fnMap":{"0":{"name":"(anonymous_0)","decl":{"start":{"line":8,"column":19},"end":{"line":8,"column":20}},"loc":{"start":{"line":8,"column":31},"end":{"line":8,"column":561}},"line":8},"1":{"name":"defineProperties","decl":{"start":{"line":8,"column":42},"end":{"line":8,"column":58}},"loc":{"start":{"line":8,"column":74},"end":{"line":8,"column":349}},"line":8},"2":{"name":"(anonymous_2)","decl":{"start":{"line":8,"column":357},"end":{"line":8,"column":358}},"loc":{"start":{"line":8,"column":405},"end":{"line":8,"column":558}},"line":8},"3":{"name":"_interopRequireDefault","decl":{"start":{"line":18,"column":9},"end":{"line":18,"column":31}},"loc":{"start":{"line":18,"column":37},"end":{"line":18,"column":95}},"line":18},"4":{"name":"_classCallCheck","decl":{"start":{"line":20,"column":9},"end":{"line":20,"column":24}},"loc":{"start":{"line":20,"column":48},"end":{"line":20,"column":153}},"line":20},"5":{"name":"(anonymous_5)","decl":{"start":{"line":22,"column":40},"end":{"line":22,"column":41}},"loc":{"start":{"line":22,"column":52},"end":{"line":54,"column":1}},"line":22},"6":{"name":"PDFDocument","decl":{"start":{"line":23,"column":13},"end":{"line":23,"column":24}},"loc":{"start":{"line":23,"column":27},"end":{"line":25,"column":5}},"line":23},"7":{"name":"loadFromFile","decl":{"start":{"line":29,"column":24},"end":{"line":29,"column":36}},"loc":{"start":{"line":29,"column":43},"end":{"line":32,"column":9}},"line":29},"8":{"name":"get","decl":{"start":{"line":35,"column":22},"end":{"line":35,"column":25}},"loc":{"start":{"line":35,"column":28},"end":{"line":50,"column":9}},"line":35}},"branchMap":{"0":{"loc":{"start":{"line":8,"column":168},"end":{"line":8,"column":198}},"type":"binary-expr","locations":[{"start":{"line":8,"column":168},"end":{"line":8,"column":189}},{"start":{"line":8,"column":193},"end":{"line":8,"column":198}}],"line":8},"1":{"loc":{"start":{"line":8,"column":232},"end":{"line":8,"column":286}},"type":"if","locations":[{"start":{"line":8,"column":232},"end":{"line":8,"column":286}},{"start":{"line":8,"column":232},"end":{"line":8,"column":286}}],"line":8},"2":{"loc":{"start":{"line":8,"column":407},"end":{"line":8,"column":475}},"type":"if","locations":[{"start":{"line":8,"column":407},"end":{"line":8,"column":475}},{"start":{"line":8,"column":407},"end":{"line":8,"column":475}}],"line":8},"3":{"loc":{"start":{"line":8,"column":476},"end":{"line":8,"column":536}},"type":"if","locations":[{"start":{"line":8,"column":476},"end":{"line":8,"column":536}},{"start":{"line":8,"column":476},"end":{"line":8,"column":536}}],"line":8},"4":{"loc":{"start":{"line":18,"column":46},"end":{"line":18,"column":92}},"type":"cond-expr","locations":[{"start":{"line":18,"column":70},"end":{"line":18,"column":73}},{"start":{"line":18,"column":76},"end":{"line":18,"column":92}}],"line":18},"5":{"loc":{"start":{"line":18,"column":46},"end":{"line":18,"column":67}},"type":"binary-expr","locations":[{"start":{"line":18,"column":46},"end":{"line":18,"column":49}},{"start":{"line":18,"column":53},"end":{"line":18,"column":67}}],"line":18},"6":{"loc":{"start":{"line":20,"column":50},"end":{"line":20,"column":151}},"type":"if","locations":[{"start":{"line":20,"column":50},"end":{"line":20,"column":151}},{"start":{"line":20,"column":50},"end":{"line":20,"column":151}}],"line":20},"7":{"loc":{"start":{"line":38,"column":12},"end":{"line":49,"column":13}},"type":"if","locations":[{"start":{"line":38,"column":12},"end":{"line":49,"column":13}},{"start":{"line":38,"column":12},"end":{"line":49,"column":13}}],"line":38},"8":{"loc":{"start":{"line":42,"column":16},"end":{"line":46,"column":17}},"type":"if","locations":[{"start":{"line":42,"column":16},"end":{"line":46,"column":17}},{"start":{"line":42,"column":16},"end":{"line":46,"column":17}}],"line":42}},"s":{"0":1,"1":1,"2":1,"3":1,"4":1,"5":2,"6":2,"7":2,"8":2,"9":1,"10":2,"11":1,"12":1,"13":1,"14":1,"15":0,"16":1,"17":1,"18":1,"19":1,"20":1,"21":1,"22":2,"23":0,"24":1,"25":2,"26":1,"27":2,"28":2,"29":2,"30":2,"31":2,"32":2,"33":2,"34":2,"35":2,"36":2,"37":0,"38":0,"39":1},"f":{"0":1,"1":1,"2":1,"3":1,"4":2,"5":1,"6":2,"7":2,"8":2},"b":{"0":[2,2],"1":[1,1],"2":[1,0],"3":[0,1],"4":[1,0],"5":[1,1],"6":[0,2],"7":[2,0],"8":[2,0]},"_coverageSchema":"43e27e138ebf9cfc5966b082cf9a028302ed4184","hash":"2e720c313a7621f63726f646b43827a5380ad000","contentHash":"af2363413d9753741887a64a0d4057cf778edf6a62046c46719b3c2c4bb33ffb"},"/Users/jefflee/Project/pdf-backend/src/lexer.js":{"path":"/Users/jefflee/Project/pdf-backend/src/lexer.js","statementMap":{"0":{"start":{"line":3,"column":0},"end":{"line":5,"column":3}},"1":{"start":{"line":7,"column":19},"end":{"line":7,"column":563}},"2":{"start":{"line":7,"column":76},"end":{"line":7,"column":347}},"3":{"start":{"line":7,"column":89},"end":{"line":7,"column":90}},"4":{"start":{"line":7,"column":134},"end":{"line":7,"column":142}},"5":{"start":{"line":7,"column":144},"end":{"line":7,"column":199}},"6":{"start":{"line":7,"column":200},"end":{"line":7,"column":231}},"7":{"start":{"line":7,"column":232},"end":{"line":7,"column":286}},"8":{"start":{"line":7,"column":259},"end":{"line":7,"column":286}},"9":{"start":{"line":7,"column":287},"end":{"line":7,"column":345}},"10":{"start":{"line":7,"column":350},"end":{"line":7,"column":559}},"11":{"start":{"line":7,"column":407},"end":{"line":7,"column":475}},"12":{"start":{"line":7,"column":423},"end":{"line":7,"column":475}},"13":{"start":{"line":7,"column":476},"end":{"line":7,"column":536}},"14":{"start":{"line":7,"column":493},"end":{"line":7,"column":536}},"15":{"start":{"line":7,"column":537},"end":{"line":7,"column":556}},"16":{"start":{"line":9,"column":14},"end":{"line":9,"column":31}},"17":{"start":{"line":11,"column":15},"end":{"line":11,"column":46}},"18":{"start":{"line":13,"column":14},"end":{"line":13,"column":38}},"19":{"start":{"line":15,"column":15},"end":{"line":15,"column":46}},"20":{"start":{"line":17,"column":14},"end":{"line":17,"column":33}},"21":{"start":{"line":19,"column":14},"end":{"line":19,"column":33}},"22":{"start":{"line":21,"column":15},"end":{"line":21,"column":46}},"23":{"start":{"line":23,"column":39},"end":{"line":23,"column":93}},"24":{"start":{"line":25,"column":50},"end":{"line":25,"column":151}},"25":{"start":{"line":25,"column":92},"end":{"line":25,"column":149}},"26":{"start":{"line":29,"column":19},"end":{"line":45,"column":1}},"27":{"start":{"line":47,"column":12},"end":{"line":657,"column":3}},"28":{"start":{"line":49,"column":8},"end":{"line":49,"column":37}},"29":{"start":{"line":51,"column":8},"end":{"line":51,"column":35}},"30":{"start":{"line":52,"column":8},"end":{"line":57,"column":10}},"31":{"start":{"line":60,"column":4},"end":{"line":654,"column":8}},"32":{"start":{"line":63,"column":12},"end":{"line":63,"column":46}},"33":{"start":{"line":68,"column":12},"end":{"line":68,"column":46}},"34":{"start":{"line":73,"column":12},"end":{"line":73,"column":49}},"35":{"start":{"line":78,"column":12},"end":{"line":78,"column":41}},"36":{"start":{"line":83,"column":12},"end":{"line":83,"column":41}},"37":{"start":{"line":88,"column":12},"end":{"line":88,"column":42}},"38":{"start":{"line":93,"column":24},"end":{"line":93,"column":28}},"39":{"start":{"line":95,"column":23},"end":{"line":95,"column":42}},"40":{"start":{"line":96,"column":21},"end":{"line":96,"column":46}},"41":{"start":{"line":98,"column":22},"end":{"line":98,"column":24}},"42":{"start":{"line":100,"column":12},"end":{"line":102,"column":13}},"43":{"start":{"line":100,"column":28},"end":{"line":100,"column":44}},"44":{"start":{"line":100,"column":60},"end":{"line":100,"column":90}},"45":{"start":{"line":100,"column":99},"end":{"line":100,"column":100}},"46":{"start":{"line":101,"column":16},"end":{"line":101,"column":56}},"47":{"start":{"line":104,"column":12},"end":{"line":113,"column":13}},"48":{"start":{"line":105,"column":16},"end":{"line":107,"column":19}},"49":{"start":{"line":106,"column":20},"end":{"line":106,"column":46}},"50":{"start":{"line":109,"column":16},"end":{"line":112,"column":17}},"51":{"start":{"line":110,"column":31},"end":{"line":110,"column":45}},"52":{"start":{"line":111,"column":20},"end":{"line":111,"column":51}},"53":{"start":{"line":114,"column":12},"end":{"line":121,"column":13}},"54":{"start":{"line":115,"column":25},"end":{"line":115,"column":32}},"55":{"start":{"line":116,"column":28},"end":{"line":116,"column":48}},"56":{"start":{"line":117,"column":16},"end":{"line":120,"column":17}},"57":{"start":{"line":118,"column":20},"end":{"line":118,"column":50}},"58":{"start":{"line":119,"column":20},"end":{"line":119,"column":33}},"59":{"start":{"line":122,"column":12},"end":{"line":122,"column":39}},"60":{"start":{"line":123,"column":12},"end":{"line":123,"column":24}},"61":{"start":{"line":128,"column":23},"end":{"line":128,"column":42}},"62":{"start":{"line":129,"column":21},"end":{"line":129,"column":46}},"63":{"start":{"line":131,"column":23},"end":{"line":131,"column":25}},"64":{"start":{"line":132,"column":12},"end":{"line":138,"column":13}},"65":{"start":{"line":133,"column":16},"end":{"line":133,"column":30}},"66":{"start":{"line":134,"column":16},"end":{"line":134,"column":37}},"67":{"start":{"line":135,"column":16},"end":{"line":137,"column":17}},"68":{"start":{"line":136,"column":20},"end":{"line":136,"column":42}},"69":{"start":{"line":139,"column":12},"end":{"line":139,"column":42}},"70":{"start":{"line":140,"column":12},"end":{"line":142,"column":13}},"71":{"start":{"line":141,"column":16},"end":{"line":141,"column":97}},"72":{"start":{"line":143,"column":12},"end":{"line":143,"column":24}},"73":{"start":{"line":148,"column":23},"end":{"line":148,"column":42}},"74":{"start":{"line":149,"column":21},"end":{"line":149,"column":46}},"75":{"start":{"line":151,"column":12},"end":{"line":153,"column":13}},"76":{"start":{"line":152,"column":16},"end":{"line":152,"column":37}},"77":{"start":{"line":155,"column":25},"end":{"line":155,"column":79}},"78":{"start":{"line":156,"column":22},"end":{"line":156,"column":23}},"79":{"start":{"line":157,"column":12},"end":{"line":168,"column":13}},"80":{"start":{"line":158,"column":16},"end":{"line":161,"column":17}},"81":{"start":{"line":159,"column":20},"end":{"line":159,"column":47}},"82":{"start":{"line":160,"column":20},"end":{"line":160,"column":32}},"83":{"start":{"line":162,"column":16},"end":{"line":165,"column":17}},"84":{"start":{"line":163,"column":20},"end":{"line":163,"column":50}},"85":{"start":{"line":164,"column":20},"end":{"line":164,"column":51}},"86":{"start":{"line":166,"column":16},"end":{"line":166,"column":37}},"87":{"start":{"line":167,"column":16},"end":{"line":167,"column":22}},"88":{"start":{"line":173,"column":23},"end":{"line":173,"column":42}},"89":{"start":{"line":174,"column":21},"end":{"line":174,"column":46}},"90":{"start":{"line":176,"column":12},"end":{"line":178,"column":13}},"91":{"start":{"line":177,"column":16},"end":{"line":177,"column":37}},"92":{"start":{"line":180,"column":26},"end":{"line":186,"column":14}},"93":{"start":{"line":188,"column":12},"end":{"line":195,"column":13}},"94":{"start":{"line":189,"column":29},"end":{"line":189,"column":39}},"95":{"start":{"line":190,"column":28},"end":{"line":190,"column":55}},"96":{"start":{"line":191,"column":16},"end":{"line":194,"column":17}},"97":{"start":{"line":192,"column":20},"end":{"line":192,"column":50}},"98":{"start":{"line":193,"column":20},"end":{"line":193,"column":40}},"99":{"start":{"line":197,"column":12},"end":{"line":197,"column":39}},"100":{"start":{"line":198,"column":12},"end":{"line":198,"column":24}},"101":{"start":{"line":203,"column":23},"end":{"line":203,"column":42}},"102":{"start":{"line":204,"column":21},"end":{"line":204,"column":46}},"103":{"start":{"line":206,"column":12},"end":{"line":208,"column":13}},"104":{"start":{"line":207,"column":16},"end":{"line":207,"column":37}},"105":{"start":{"line":210,"column":23},"end":{"line":210,"column":24}},"106":{"start":{"line":211,"column":12},"end":{"line":219,"column":13}},"107":{"start":{"line":213,"column":16},"end":{"line":213,"column":26}},"108":{"start":{"line":214,"column":16},"end":{"line":214,"column":37}},"109":{"start":{"line":215,"column":19},"end":{"line":219,"column":13}},"110":{"start":{"line":217,"column":16},"end":{"line":217,"column":25}},"111":{"start":{"line":218,"column":16},"end":{"line":218,"column":37}},"112":{"start":{"line":222,"column":12},"end":{"line":226,"column":13}},"113":{"start":{"line":224,"column":16},"end":{"line":224,"column":43}},"114":{"start":{"line":225,"column":16},"end":{"line":225,"column":28}},"115":{"start":{"line":228,"column":23},"end":{"line":228,"column":25}},"116":{"start":{"line":229,"column":23},"end":{"line":229,"column":25}},"117":{"start":{"line":230,"column":31},"end":{"line":230,"column":35}},"118":{"start":{"line":231,"column":12},"end":{"line":273,"column":13}},"119":{"start":{"line":232,"column":16},"end":{"line":243,"column":17}},"120":{"start":{"line":234,"column":20},"end":{"line":234,"column":41}},"121":{"start":{"line":235,"column":20},"end":{"line":235,"column":41}},"122":{"start":{"line":236,"column":20},"end":{"line":236,"column":29}},"123":{"start":{"line":237,"column":23},"end":{"line":243,"column":17}},"124":{"start":{"line":238,"column":20},"end":{"line":242,"column":21}},"125":{"start":{"line":239,"column":24},"end":{"line":239,"column":38}},"126":{"start":{"line":241,"column":24},"end":{"line":241,"column":38}},"127":{"start":{"line":245,"column":16},"end":{"line":270,"column":17}},"128":{"start":{"line":246,"column":20},"end":{"line":248,"column":21}},"129":{"start":{"line":247,"column":24},"end":{"line":247,"column":46}},"130":{"start":{"line":249,"column":20},"end":{"line":269,"column":21}},"131":{"start":{"line":250,"column":24},"end":{"line":252,"column":27}},"132":{"start":{"line":251,"column":28},"end":{"line":251,"column":58}},"133":{"start":{"line":253,"column":24},"end":{"line":255,"column":27}},"134":{"start":{"line":254,"column":28},"end":{"line":254,"column":58}},"135":{"start":{"line":256,"column":38},"end":{"line":256,"column":99}},"136":{"start":{"line":257,"column":24},"end":{"line":257,"column":54}},"137":{"start":{"line":258,"column":24},"end":{"line":258,"column":79}},"138":{"start":{"line":259,"column":27},"end":{"line":269,"column":21}},"139":{"start":{"line":260,"column":24},"end":{"line":262,"column":27}},"140":{"start":{"line":261,"column":28},"end":{"line":261,"column":58}},"141":{"start":{"line":263,"column":24},"end":{"line":265,"column":27}},"142":{"start":{"line":264,"column":28},"end":{"line":264,"column":58}},"143":{"start":{"line":266,"column":39},"end":{"line":266,"column":59}},"144":{"start":{"line":267,"column":24},"end":{"line":267,"column":54}},"145":{"start":{"line":268,"column":24},"end":{"line":268,"column":80}},"146":{"start":{"line":272,"column":16},"end":{"line":272,"column":37}},"147":{"start":{"line":278,"column":23},"end":{"line":278,"column":42}},"148":{"start":{"line":279,"column":21},"end":{"line":279,"column":46}},"149":{"start":{"line":281,"column":12},"end":{"line":283,"column":13}},"150":{"start":{"line":282,"column":16},"end":{"line":282,"column":37}},"151":{"start":{"line":285,"column":12},"end":{"line":309,"column":13}},"152":{"start":{"line":286,"column":26},"end":{"line":286,"column":41}},"153":{"start":{"line":287,"column":26},"end":{"line":287,"column":41}},"154":{"start":{"line":288,"column":26},"end":{"line":288,"column":41}},"155":{"start":{"line":289,"column":16},"end":{"line":305,"column":17}},"156":{"start":{"line":290,"column":20},"end":{"line":301,"column":21}},"157":{"start":{"line":291,"column":24},"end":{"line":291,"column":46}},"158":{"start":{"line":292,"column":34},"end":{"line":292,"column":49}},"159":{"start":{"line":293,"column":34},"end":{"line":293,"column":50}},"160":{"start":{"line":294,"column":35},"end":{"line":294,"column":95}},"161":{"start":{"line":295,"column":24},"end":{"line":295,"column":97}},"162":{"start":{"line":297,"column":35},"end":{"line":297,"column":45}},"163":{"start":{"line":298,"column":35},"end":{"line":298,"column":52}},"164":{"start":{"line":299,"column":36},"end":{"line":299,"column":97}},"165":{"start":{"line":300,"column":24},"end":{"line":300,"column":98}},"166":{"start":{"line":303,"column":20},"end":{"line":303,"column":47}},"167":{"start":{"line":304,"column":20},"end":{"line":304,"column":32}},"168":{"start":{"line":307,"column":16},"end":{"line":307,"column":43}},"169":{"start":{"line":308,"column":16},"end":{"line":308,"column":28}},"170":{"start":{"line":314,"column":23},"end":{"line":314,"column":42}},"171":{"start":{"line":315,"column":21},"end":{"line":315,"column":46}},"172":{"start":{"line":317,"column":12},"end":{"line":319,"column":13}},"173":{"start":{"line":318,"column":16},"end":{"line":318,"column":37}},"174":{"start":{"line":321,"column":29},"end":{"line":321,"column":53}},"175":{"start":{"line":322,"column":12},"end":{"line":325,"column":13}},"176":{"start":{"line":323,"column":16},"end":{"line":323,"column":43}},"177":{"start":{"line":324,"column":16},"end":{"line":324,"column":28}},"178":{"start":{"line":327,"column":31},"end":{"line":327,"column":33}},"179":{"start":{"line":328,"column":27},"end":{"line":328,"column":28}},"180":{"start":{"line":330,"column":12},"end":{"line":389,"column":13}},"181":{"start":{"line":331,"column":16},"end":{"line":331,"column":37}},"182":{"start":{"line":333,"column":16},"end":{"line":388,"column":17}},"183":{"start":{"line":334,"column":20},"end":{"line":334,"column":50}},"184":{"start":{"line":335,"column":20},"end":{"line":335,"column":72}},"185":{"start":{"line":337,"column":20},"end":{"line":343,"column":21}},"186":{"start":{"line":339,"column":24},"end":{"line":339,"column":35}},"187":{"start":{"line":340,"column":27},"end":{"line":343,"column":21}},"188":{"start":{"line":342,"column":24},"end":{"line":342,"column":35}},"189":{"start":{"line":345,"column":36},"end":{"line":345,"column":53}},"190":{"start":{"line":346,"column":20},"end":{"line":387,"column":21}},"191":{"start":{"line":347,"column":24},"end":{"line":347,"column":57}},"192":{"start":{"line":348,"column":27},"end":{"line":387,"column":21}},"193":{"start":{"line":350,"column":24},"end":{"line":350,"column":45}},"194":{"start":{"line":351,"column":24},"end":{"line":384,"column":25}},"195":{"start":{"line":353,"column":32},"end":{"line":353,"column":59}},"196":{"start":{"line":354,"column":32},"end":{"line":354,"column":38}},"197":{"start":{"line":356,"column":32},"end":{"line":356,"column":59}},"198":{"start":{"line":357,"column":32},"end":{"line":360,"column":33}},"199":{"start":{"line":358,"column":36},"end":{"line":358,"column":57}},"200":{"start":{"line":359,"column":36},"end":{"line":359,"column":63}},"201":{"start":{"line":361,"column":32},"end":{"line":361,"column":38}},"202":{"start":{"line":363,"column":32},"end":{"line":363,"column":59}},"203":{"start":{"line":364,"column":32},"end":{"line":364,"column":38}},"204":{"start":{"line":366,"column":32},"end":{"line":366,"column":59}},"205":{"start":{"line":367,"column":32},"end":{"line":367,"column":38}},"206":{"start":{"line":369,"column":32},"end":{"line":369,"column":59}},"207":{"start":{"line":370,"column":32},"end":{"line":370,"column":38}},"208":{"start":{"line":372,"column":32},"end":{"line":372,"column":59}},"209":{"start":{"line":373,"column":32},"end":{"line":373,"column":38}},"210":{"start":{"line":375,"column":32},"end":{"line":375,"column":59}},"211":{"start":{"line":376,"column":32},"end":{"line":376,"column":38}},"212":{"start":{"line":378,"column":32},"end":{"line":378,"column":58}},"213":{"start":{"line":379,"column":32},"end":{"line":379,"column":38}},"214":{"start":{"line":381,"column":32},"end":{"line":381,"column":62}},"215":{"start":{"line":382,"column":32},"end":{"line":382,"column":38}},"216":{"start":{"line":386,"column":24},"end":{"line":386,"column":67}},"217":{"start":{"line":394,"column":25},"end":{"line":394,"column":63}},"218":{"start":{"line":395,"column":12},"end":{"line":399,"column":13}},"219":{"start":{"line":396,"column":16},"end":{"line":396,"column":64}},"220":{"start":{"line":398,"column":16},"end":{"line":398,"column":28}},"221":{"start":{"line":404,"column":25},"end":{"line":404,"column":63}},"222":{"start":{"line":405,"column":12},"end":{"line":415,"column":13}},"223":{"start":{"line":406,"column":26},"end":{"line":406,"column":32}},"224":{"start":{"line":407,"column":16},"end":{"line":411,"column":17}},"225":{"start":{"line":408,"column":20},"end":{"line":408,"column":43}},"226":{"start":{"line":410,"column":20},"end":{"line":410,"column":37}},"227":{"start":{"line":412,"column":16},"end":{"line":412,"column":61}},"228":{"start":{"line":414,"column":16},"end":{"line":414,"column":28}},"229":{"start":{"line":420,"column":23},"end":{"line":420,"column":42}},"230":{"start":{"line":421,"column":21},"end":{"line":421,"column":46}},"231":{"start":{"line":423,"column":12},"end":{"line":425,"column":13}},"232":{"start":{"line":424,"column":16},"end":{"line":424,"column":37}},"233":{"start":{"line":427,"column":26},"end":{"line":427,"column":46}},"234":{"start":{"line":428,"column":12},"end":{"line":431,"column":13}},"235":{"start":{"line":429,"column":16},"end":{"line":429,"column":43}},"236":{"start":{"line":430,"column":16},"end":{"line":430,"column":28}},"237":{"start":{"line":433,"column":26},"end":{"line":433,"column":28}},"238":{"start":{"line":434,"column":12},"end":{"line":460,"column":13}},"239":{"start":{"line":435,"column":16},"end":{"line":435,"column":37}},"240":{"start":{"line":437,"column":16},"end":{"line":446,"column":17}},"241":{"start":{"line":438,"column":20},"end":{"line":445,"column":21}},"242":{"start":{"line":439,"column":24},"end":{"line":439,"column":46}},"243":{"start":{"line":440,"column":24},"end":{"line":440,"column":54}},"244":{"start":{"line":441,"column":24},"end":{"line":441,"column":69}},"245":{"start":{"line":443,"column":24},"end":{"line":443,"column":51}},"246":{"start":{"line":444,"column":24},"end":{"line":444,"column":36}},"247":{"start":{"line":448,"column":16},"end":{"line":459,"column":17}},"248":{"start":{"line":450,"column":33},"end":{"line":450,"column":35}},"249":{"start":{"line":451,"column":20},"end":{"line":451,"column":41}},"250":{"start":{"line":452,"column":20},"end":{"line":452,"column":36}},"251":{"start":{"line":453,"column":20},"end":{"line":453,"column":41}},"252":{"start":{"line":454,"column":20},"end":{"line":454,"column":36}},"253":{"start":{"line":455,"column":33},"end":{"line":455,"column":99}},"254":{"start":{"line":456,"column":20},"end":{"line":456,"column":70}},"255":{"start":{"line":458,"column":20},"end":{"line":458,"column":58}},"256":{"start":{"line":465,"column":23},"end":{"line":465,"column":42}},"257":{"start":{"line":466,"column":21},"end":{"line":466,"column":46}},"258":{"start":{"line":468,"column":12},"end":{"line":470,"column":13}},"259":{"start":{"line":469,"column":16},"end":{"line":469,"column":37}},"260":{"start":{"line":472,"column":22},"end":{"line":472,"column":129}},"261":{"start":{"line":473,"column":12},"end":{"line":480,"column":13}},"262":{"start":{"line":474,"column":25},"end":{"line":474,"column":31}},"263":{"start":{"line":475,"column":28},"end":{"line":475,"column":48}},"264":{"start":{"line":476,"column":16},"end":{"line":479,"column":17}},"265":{"start":{"line":477,"column":20},"end":{"line":477,"column":50}},"266":{"start":{"line":478,"column":20},"end":{"line":478,"column":33}},"267":{"start":{"line":481,"column":12},"end":{"line":481,"column":39}},"268":{"start":{"line":482,"column":12},"end":{"line":482,"column":24}},"269":{"start":{"line":487,"column":23},"end":{"line":487,"column":42}},"270":{"start":{"line":488,"column":21},"end":{"line":488,"column":46}},"271":{"start":{"line":490,"column":12},"end":{"line":492,"column":13}},"272":{"start":{"line":491,"column":16},"end":{"line":491,"column":37}},"273":{"start":{"line":494,"column":27},"end":{"line":494,"column":47}},"274":{"start":{"line":495,"column":12},"end":{"line":498,"column":13}},"275":{"start":{"line":496,"column":16},"end":{"line":496,"column":43}},"276":{"start":{"line":497,"column":16},"end":{"line":497,"column":28}},"277":{"start":{"line":501,"column":12},"end":{"line":501,"column":33}},"278":{"start":{"line":502,"column":25},"end":{"line":502,"column":27}},"279":{"start":{"line":503,"column":12},"end":{"line":522,"column":13}},"280":{"start":{"line":504,"column":16},"end":{"line":507,"column":17}},"281":{"start":{"line":505,"column":20},"end":{"line":505,"column":47}},"282":{"start":{"line":506,"column":20},"end":{"line":506,"column":32}},"283":{"start":{"line":509,"column":29},"end":{"line":509,"column":49}},"284":{"start":{"line":510,"column":16},"end":{"line":513,"column":17}},"285":{"start":{"line":511,"column":20},"end":{"line":511,"column":50}},"286":{"start":{"line":512,"column":20},"end":{"line":512,"column":56}},"287":{"start":{"line":515,"column":32},"end":{"line":515,"column":56}},"288":{"start":{"line":516,"column":16},"end":{"line":520,"column":17}},"289":{"start":{"line":517,"column":20},"end":{"line":517,"column":83}},"290":{"start":{"line":519,"column":20},"end":{"line":519,"column":43}},"291":{"start":{"line":521,"column":16},"end":{"line":521,"column":37}},"292":{"start":{"line":527,"column":23},"end":{"line":527,"column":42}},"293":{"start":{"line":528,"column":21},"end":{"line":528,"column":46}},"294":{"start":{"line":530,"column":12},"end":{"line":532,"column":13}},"295":{"start":{"line":531,"column":16},"end":{"line":531,"column":37}},"296":{"start":{"line":534,"column":22},"end":{"line":534,"column":129}},"297":{"start":{"line":535,"column":12},"end":{"line":542,"column":13}},"298":{"start":{"line":536,"column":25},"end":{"line":536,"column":31}},"299":{"start":{"line":537,"column":28},"end":{"line":537,"column":48}},"300":{"start":{"line":538,"column":16},"end":{"line":541,"column":17}},"301":{"start":{"line":539,"column":20},"end":{"line":539,"column":50}},"302":{"start":{"line":540,"column":20},"end":{"line":540,"column":33}},"303":{"start":{"line":543,"column":12},"end":{"line":543,"column":39}},"304":{"start":{"line":544,"column":12},"end":{"line":544,"column":24}},"305":{"start":{"line":549,"column":23},"end":{"line":549,"column":42}},"306":{"start":{"line":550,"column":21},"end":{"line":550,"column":46}},"307":{"start":{"line":552,"column":12},"end":{"line":554,"column":13}},"308":{"start":{"line":553,"column":16},"end":{"line":553,"column":37}},"309":{"start":{"line":556,"column":23},"end":{"line":556,"column":39}},"310":{"start":{"line":557,"column":12},"end":{"line":561,"column":13}},"311":{"start":{"line":558,"column":16},"end":{"line":558,"column":65}},"312":{"start":{"line":559,"column":16},"end":{"line":559,"column":43}},"313":{"start":{"line":560,"column":16},"end":{"line":560,"column":28}},"314":{"start":{"line":563,"column":12},"end":{"line":565,"column":13}},"315":{"start":{"line":564,"column":16},"end":{"line":564,"column":37}},"316":{"start":{"line":567,"column":24},"end":{"line":567,"column":45}},"317":{"start":{"line":568,"column":12},"end":{"line":572,"column":13}},"318":{"start":{"line":569,"column":16},"end":{"line":569,"column":66}},"319":{"start":{"line":570,"column":16},"end":{"line":570,"column":43}},"320":{"start":{"line":571,"column":16},"end":{"line":571,"column":28}},"321":{"start":{"line":574,"column":12},"end":{"line":574,"column":42}},"322":{"start":{"line":575,"column":12},"end":{"line":578,"column":15}},"323":{"start":{"line":583,"column":23},"end":{"line":583,"column":42}},"324":{"start":{"line":584,"column":21},"end":{"line":584,"column":46}},"325":{"start":{"line":586,"column":12},"end":{"line":588,"column":13}},"326":{"start":{"line":587,"column":16},"end":{"line":587,"column":37}},"327":{"start":{"line":590,"column":27},"end":{"line":590,"column":48}},"328":{"start":{"line":591,"column":12},"end":{"line":594,"column":13}},"329":{"start":{"line":592,"column":16},"end":{"line":592,"column":43}},"330":{"start":{"line":593,"column":16},"end":{"line":593,"column":28}},"331":{"start":{"line":596,"column":26},"end":{"line":596,"column":28}},"332":{"start":{"line":597,"column":12},"end":{"line":612,"column":13}},"333":{"start":{"line":598,"column":16},"end":{"line":598,"column":37}},"334":{"start":{"line":600,"column":29},"end":{"line":600,"column":50}},"335":{"start":{"line":601,"column":16},"end":{"line":604,"column":17}},"336":{"start":{"line":602,"column":20},"end":{"line":602,"column":50}},"337":{"start":{"line":603,"column":20},"end":{"line":603,"column":56}},"338":{"start":{"line":606,"column":28},"end":{"line":606,"column":49}},"339":{"start":{"line":607,"column":16},"end":{"line":611,"column":17}},"340":{"start":{"line":608,"column":20},"end":{"line":608,"column":40}},"341":{"start":{"line":610,"column":20},"end":{"line":610,"column":71}},"342":{"start":{"line":617,"column":23},"end":{"line":617,"column":42}},"343":{"start":{"line":618,"column":21},"end":{"line":618,"column":46}},"344":{"start":{"line":620,"column":12},"end":{"line":622,"column":13}},"345":{"start":{"line":621,"column":16},"end":{"line":621,"column":37}},"346":{"start":{"line":624,"column":27},"end":{"line":624,"column":52}},"347":{"start":{"line":625,"column":12},"end":{"line":628,"column":13}},"348":{"start":{"line":626,"column":16},"end":{"line":626,"column":43}},"349":{"start":{"line":627,"column":16},"end":{"line":627,"column":28}},"350":{"start":{"line":630,"column":12},"end":{"line":630,"column":28}},"351":{"start":{"line":632,"column":28},"end":{"line":632,"column":30}},"352":{"start":{"line":633,"column":12},"end":{"line":652,"column":13}},"353":{"start":{"line":634,"column":16},"end":{"line":634,"column":37}},"354":{"start":{"line":636,"column":16},"end":{"line":639,"column":17}},"355":{"start":{"line":637,"column":20},"end":{"line":637,"column":47}},"356":{"start":{"line":638,"column":20},"end":{"line":638,"column":32}},"357":{"start":{"line":640,"column":16},"end":{"line":640,"column":47}},"358":{"start":{"line":642,"column":33},"end":{"line":642,"column":50}},"359":{"start":{"line":643,"column":16},"end":{"line":649,"column":17}},"360":{"start":{"line":644,"column":33},"end":{"line":644,"column":61}},"361":{"start":{"line":645,"column":20},"end":{"line":648,"column":21}},"362":{"start":{"line":646,"column":24},"end":{"line":646,"column":54}},"363":{"start":{"line":647,"column":24},"end":{"line":647,"column":77}},"364":{"start":{"line":651,"column":16},"end":{"line":651,"column":35}},"365":{"start":{"line":656,"column":4},"end":{"line":656,"column":17}},"366":{"start":{"line":659,"column":0},"end":{"line":659,"column":24}}},"fnMap":{"0":{"name":"(anonymous_0)","decl":{"start":{"line":7,"column":19},"end":{"line":7,"column":20}},"loc":{"start":{"line":7,"column":31},"end":{"line":7,"column":561}},"line":7},"1":{"name":"defineProperties","decl":{"start":{"line":7,"column":42},"end":{"line":7,"column":58}},"loc":{"start":{"line":7,"column":74},"end":{"line":7,"column":
[...]
mn":4},"end":{"line":89,"column":25}},"57":{"start":{"line":92,"column":16},"end":{"line":102,"column":12}},"58":{"start":{"line":93,"column":4},"end":{"line":93,"column":38}},"59":{"start":{"line":96,"column":8},"end":{"line":96,"column":41}},"60":{"start":{"line":98,"column":8},"end":{"line":98,"column":123}},"61":{"start":{"line":101,"column":4},"end":{"line":101,"column":21}},"62":{"start":{"line":104,"column":23},"end":{"line":114,"column":12}},"63":{"start":{"line":105,"column":4},"end":{"line":105,"column":45}},"64":{"start":{"line":108,"column":8},"end":{"line":108,"column":48}},"65":{"start":{"line":110,"column":8},"end":{"line":110,"column":137}},"66":{"start":{"line":113,"column":4},"end":{"line":113,"column":28}},"67":{"start":{"line":116,"column":27},"end":{"line":126,"column":12}},"68":{"start":{"line":117,"column":4},"end":{"line":117,"column":49}},"69":{"start":{"line":120,"column":8},"end":{"line":120,"column":52}},"70":{"start":{"line":122,"column":8},"end":{"line":122,"column":145}},"71":{"start":{"line":125,"column":4},"end":{"line":125,"column":32}},"72":{"start":{"line":128,"column":14},"end":{"line":138,"column":12}},"73":{"start":{"line":129,"column":4},"end":{"line":129,"column":36}},"74":{"start":{"line":132,"column":8},"end":{"line":132,"column":39}},"75":{"start":{"line":134,"column":8},"end":{"line":134,"column":119}},"76":{"start":{"line":137,"column":4},"end":{"line":137,"column":19}},"77":{"start":{"line":140,"column":15},"end":{"line":161,"column":12}},"78":{"start":{"line":141,"column":4},"end":{"line":141,"column":38}},"79":{"start":{"line":144,"column":8},"end":{"line":144,"column":40}},"80":{"start":{"line":146,"column":8},"end":{"line":146,"column":121}},"81":{"start":{"line":149,"column":4},"end":{"line":158,"column":8}},"82":{"start":{"line":152,"column":22},"end":{"line":152,"column":24}},"83":{"start":{"line":153,"column":12},"end":{"line":155,"column":13}},"84":{"start":{"line":154,"column":16},"end":{"line":154,"column":47}},"85":{"start":{"line":156,"column":12},"end":{"line":156,"column":23}},"86":{"start":{"line":160,"column":4},"end":{"line":160,"column":20}},"87":{"start":{"line":163,"column":19},"end":{"line":173,"column":12}},"88":{"start":{"line":164,"column":4},"end":{"line":164,"column":42}},"89":{"start":{"line":167,"column":8},"end":{"line":167,"column":44}},"90":{"start":{"line":169,"column":8},"end":{"line":169,"column":129}},"91":{"start":{"line":172,"column":4},"end":{"line":172,"column":24}},"92":{"start":{"line":175,"column":14},"end":{"line":198,"column":12}},"93":{"start":{"line":176,"column":4},"end":{"line":176,"column":37}},"94":{"start":{"line":179,"column":8},"end":{"line":179,"column":39}},"95":{"start":{"line":181,"column":8},"end":{"line":181,"column":119}},"96":{"start":{"line":184,"column":4},"end":{"line":195,"column":8}},"97":{"start":{"line":187,"column":22},"end":{"line":187,"column":24}},"98":{"start":{"line":188,"column":12},"end":{"line":192,"column":13}},"99":{"start":{"line":189,"column":26},"end":{"line":189,"column":41}},"100":{"start":{"line":191,"column":16},"end":{"line":191,"column":60}},"101":{"start":{"line":193,"column":12},"end":{"line":193,"column":23}},"102":{"start":{"line":197,"column":4},"end":{"line":197,"column":19}},"103":{"start":{"line":200,"column":16},"end":{"line":210,"column":12}},"104":{"start":{"line":201,"column":4},"end":{"line":201,"column":39}},"105":{"start":{"line":204,"column":8},"end":{"line":204,"column":41}},"106":{"start":{"line":206,"column":8},"end":{"line":206,"column":123}},"107":{"start":{"line":209,"column":4},"end":{"line":209,"column":21}}},"fnMap":{"0":{"name":"(anonymous_0)","decl":{"start":{"line":7,"column":19},"end":{"line":7,"column":20}},"loc":{"start":{"line":7,"column":31},"end":{"line":7,"column":561}},"line":7},"1":{"name":"defineProperties","decl":{"start":{"line":7,"column":42},"end":{"line":7,"column":58}},"loc":{"start":{"line":7,"column":74},"end":{"line":7,"column":349}},"line":7},"2":{"name":"(anonymous_2)","decl":{"start":{"line":7,"column":357},"end":{"line":7,"column":358}},"loc":{"start":{"line":7,"column":405},"end":{"line":7,"column":558}},"line":7},"3":{"name":"_possibleConstructorReturn","decl":{"start":{"line":9,"column":9},"end":{"line":9,"column":35}},"loc":{"start":{"line":9,"column":48},"end":{"line":9,"column":240}},"line":9},"4":{"name":"_inherits","decl":{"start":{"line":11,"column":9},"end":{"line":11,"column":18}},"loc":{"start":{"line":11,"column":41},"end":{"line":11,"column":494}},"line":11},"5":{"name":"_classCallCheck","decl":{"start":{"line":13,"column":9},"end":{"line":13,"column":24}},"loc":{"start":{"line":13,"column":48},"end":{"line":13,"column":153}},"line":13},"6":{"name":"(anonymous_6)","decl":{"start":{"line":15,"column":36},"end":{"line":15,"column":37}},"loc":{"start":{"line":15,"column":48},"end":{"line":30,"column":1}},"line":15},"7":{"name":"PDFObject","decl":{"start":{"line":16,"column":13},"end":{"line":16,"column":22}},"loc":{"start":{"line":16,"column":28},"end":{"line":20,"column":5}},"line":16},"8":{"name":"toJson","decl":{"start":{"line":24,"column":24},"end":{"line":24,"column":30}},"loc":{"start":{"line":24,"column":33},"end":{"line":26,"column":9}},"line":24},"9":{"name":"(anonymous_9)","decl":{"start":{"line":32,"column":34},"end":{"line":32,"column":35}},"loc":{"start":{"line":32,"column":56},"end":{"line":42,"column":1}},"line":32},"10":{"name":"PDFSpace","decl":{"start":{"line":35,"column":13},"end":{"line":35,"column":21}},"loc":{"start":{"line":35,"column":27},"end":{"line":39,"column":5}},"line":35},"11":{"name":"(anonymous_11)","decl":{"start":{"line":44,"column":38},"end":{"line":44,"column":39}},"loc":{"start":{"line":44,"column":61},"end":{"line":54,"column":1}},"line":44},"12":{"name":"PDFBoolean","decl":{"start":{"line":47,"column":13},"end":{"line":47,"column":23}},"loc":{"start":{"line":47,"column":29},"end":{"line":51,"column":5}},"line":47},"13":{"name":"(anonymous_13)","decl":{"start":{"line":56,"column":32},"end":{"line":56,"column":33}},"loc":{"start":{"line":56,"column":55},"end":{"line":66,"column":1}},"line":56},"14":{"name":"PDFReal","decl":{"start":{"line":59,"column":13},"end":{"line":59,"column":20}},"loc":{"start":{"line":59,"column":26},"end":{"line":63,"column":5}},"line":59},"15":{"name":"(anonymous_15)","decl":{"start":{"line":68,"column":30},"end":{"line":68,"column":31}},"loc":{"start":{"line":68,"column":53},"end":{"line":78,"column":1}},"line":68},"16":{"name":"PDFCmd","decl":{"start":{"line":71,"column":13},"end":{"line":71,"column":19}},"loc":{"start":{"line":71,"column":25},"end":{"line":75,"column":5}},"line":71},"17":{"name":"(anonymous_17)","decl":{"start":{"line":80,"column":44},"end":{"line":80,"column":45}},"loc":{"start":{"line":80,"column":67},"end":{"line":90,"column":1}},"line":80},"18":{"name":"PDFOctalBytes","decl":{"start":{"line":83,"column":13},"end":{"line":83,"column":26}},"loc":{"start":{"line":83,"column":32},"end":{"line":87,"column":5}},"line":83},"19":{"name":"(anonymous_19)","decl":{"start":{"line":92,"column":36},"end":{"line":92,"column":37}},"loc":{"start":{"line":92,"column":59},"end":{"line":102,"column":1}},"line":92},"20":{"name":"PDFString","decl":{"start":{"line":95,"column":13},"end":{"line":95,"column":22}},"loc":{"start":{"line":95,"column":28},"end":{"line":99,"column":5}},"line":95},"21":{"name":"(anonymous_21)","decl":{"start":{"line":104,"column":50},"end":{"line":104,"column":51}},"loc":{"start":{"line":104,"column":73},"end":{"line":114,"column":1}},"line":104},"22":{"name":"PDFLiteralString","decl":{"start":{"line":107,"column":13},"end":{"line":107,"column":29}},"loc":{"start":{"line":107,"column":35},"end":{"line":111,"column":5}},"line":107},"23":{"name":"(anonymous_23)","decl":{"start":{"line":116,"column":58},"end":{"line":116,"column":59}},"loc":{"start":{"line":116,"column":81},"end":{"line":126,"column":1}},"line":116},"24":{"name":"PDFHexadecimalString","decl":{"start":{"line":119,"column":13},"end":{"line":119,"column":33}},"loc":{"start":{"line":119,"column":39},"end":{"line":123,"column":5}},"line":119},"25":{"name":"(anonymous_25)","decl":{"start":{"line":128,"column":32},"end":{"line":128,"column":33}},"loc":{"start":{"line":128,"column":55},"end":{"line":138,"column":1}},"line":128},"26":{"name":"PDFName","decl":{"start":{"line":131,"column":13},"end":{"line":131,"column":20}},"loc":{"start":{"line":131,"column":26},"end":{"line":135,"column":5}},"line":131},"27":{"name":"(anonymous_27)","decl":{"start":{"line":140,"column":34},"end":{"line":140,"column":35}},"loc":{"start":{"line":140,"column":58},"end":{"line":161,"column":1}},"line":140},"28":{"name":"PDFArray","decl":{"start":{"line":143,"column":13},"end":{"line":143,"column":21}},"loc":{"start":{"line":143,"column":27},"end":{"line":147,"column":5}},"line":143},"29":{"name":"toJson","decl":{"start":{"line":151,"column":24},"end":{"line":151,"column":30}},"loc":{"start":{"line":151,"column":33},"end":{"line":157,"column":9}},"line":151},"30":{"name":"(anonymous_30)","decl":{"start":{"line":163,"column":42},"end":{"line":163,"column":43}},"loc":{"start":{"line":163,"column":66},"end":{"line":173,"column":1}},"line":163},"31":{"name":"PDFDictEntry","decl":{"start":{"line":166,"column":13},"end":{"line":166,"column":25}},"loc":{"start":{"line":166,"column":31},"end":{"line":170,"column":5}},"line":166},"32":{"name":"(anonymous_32)","decl":{"start":{"line":175,"column":32},"end":{"line":175,"column":33}},"loc":{"start":{"line":175,"column":56},"end":{"line":198,"column":1}},"line":175},"33":{"name":"PDFDict","decl":{"start":{"line":178,"column":13},"end":{"line":178,"column":20}},"loc":{"start":{"line":178,"column":26},"end":{"line":182,"column":5}},"line":178},"34":{"name":"toJson","decl":{"start":{"line":186,"column":24},"end":{"line":186,"column":30}},"loc":{"start":{"line":186,"column":33},"end":{"line":194,"column":9}},"line":186},"35":{"name":"(anonymous_35)","decl":{"start":{"line":200,"column":36},"end":{"line":200,"column":37}},"loc":{"start":{"line":200,"column":60},"end":{"line":210,"column":1}},"line":200},"36":{"name":"PDFStream","decl":{"start":{"line":203,"column":13},"end":{"line":203,"column":22}},"loc":{"start":{"line":203,"column":28},"end":{"line":207,"column":5}},"line":203}},"branchMap":{"0":{"loc":{"start":{"line":7,"column":168},"end":{"line":7,"column":198}},"type":"binary-expr","locations":[{"start":{"line":7,"column":168},"end":{"line":7,"column":189}},{"start":{"line":7,"column":193},"end":{"line":7,"column":198}}],"line":7},"1":{"loc":{"start":{"line":7,"column":232},"end":{"line":7,"column":286}},"type":"if","locations":[{"start":{"line":7,"column":232},"end":{"line":7,"column":286}},{"start":{"line":7,"column":232},"end":{"line":7,"column":286}}],"line":7},"2":{"loc":{"start":{"line":7,"column":407},"end":{"line":7,"column":475}},"type":"if","locations":[{"start":{"line":7,"column":407},"end":{"line":7,"column":475}},{"start":{"line":7,"column":407},"end":{"line":7,"column":475}}],"line":7},"3":{"loc":{"start":{"line":7,"column":476},"end":{"line":7,"column":536}},"type":"if","locations":[{"start":{"line":7,"column":476},"end":{"line":7,"column":536}},{"start":{"line":7,"column":476},"end":{"line":7,"column":536}}],"line":7},"4":{"loc":{"start":{"line":9,"column":50},"end":{"line":9,"column":151}},"type":"if","locations":[{"start":{"line":9,"column":50},"end":{"line":9,"column":151}},{"start":{"line":9,"column":50},"end":{"line":9,"column":151}}],"line":9},"5":{"loc":{"start":{"line":9,"column":159},"end":{"line":9,"column":237}},"type":"cond-expr","locations":[{"start":{"line":9,"column":226},"end":{"line":9,"column":230}},{"start":{"line":9,"column":233},"end":{"line":9,"column":237}}],"line":9},"6":{"loc":{"start":{"line":9,"column":159},"end":{"line":9,"column":223}},"type":"binary-expr","locations":[{"start":{"line":9,"column":159},"end":{"line":9,"column":163}},{"start":{"line":9,"column":168},"end":{"line":9,"column":192}},{"start":{"line":9,"column":196},"end":{"line":9,"column":222}}],"line":9},"7":{"loc":{"start":{"line":11,"column":43},"end":{"line":11,"column":208}},"type":"if","locations":[{"start":{"line":11,"column":43},"end":{"line":11,"column":208}},{"start":{"line":11,"column":43},"end":{"line":11,"column":208}}],"line":11},"8":{"loc":{"start":{"line":11,"column":47},"end":{"line":11,"column":102}},"type":"binary-expr","locations":[{"start":{"line":11,"column":47},"end":{"line":11,"column":79}},{"start":{"line":11,"column":83},"end":{"line":11,"column":102}}],"line":11},"9":{"loc":{"start":{"line":11,"column":244},"end":{"line":11,"column":278}},"type":"binary-expr","locations":[{"start":{"line":11,"column":244},"end":{"line":11,"column":254}},{"start":{"line":11,"column":258},"end":{"line":11,"column":278}}],"line":11},"10":{"loc":{"start":{"line":11,"column":374},"end":{"line":11,"column":492}},"type":"if","locations":[{"start":{"line":11,"column":374},"end":{"line":11,"column":492}},{"start":{"line":11,"column":374},"end":{"line":11,"column":492}}],"line":11},"11":{"loc":{"start":{"line":11,"column":390},"end":{"line":11,"column":491}},"type":"cond-expr","locations":[{"start":{"line":11,"column":414},"end":{"line":11,"column":457}},{"start":{"line":11,"column":460},"end":{"line":11,"column":491}}],"line":11},"12":{"loc":{"start":{"line":13,"column":50},"end":{"line":13,"column":151}},"type":"if","locations":[{"start":{"line":13,"column":50},"end":{"line":13,"column":151}},{"start":{"line":13,"column":50},"end":{"line":13,"column":151}}],"line":13},"13":{"loc":{"start":{"line":38,"column":49},"end":{"line":38,"column":102}},"type":"binary-expr","locations":[{"start":{"line":38,"column":49},"end":{"line":38,"column":67}},{"start":{"line":38,"column":71},"end":{"line":38,"column":102}}],"line":38},"14":{"loc":{"start":{"line":50,"column":49},"end":{"line":50,"column":106}},"type":"binary-expr","locations":[{"start":{"line":50,"column":49},"end":{"line":50,"column":69}},{"start":{"line":50,"column":73},"end":{"line":50,"column":106}}],"line":50},"15":{"loc":{"start":{"line":62,"column":49},"end":{"line":62,"column":100}},"type":"binary-expr","locations":[{"start":{"line":62,"column":49},"end":{"line":62,"column":66}},{"start":{"line":62,"column":70},"end":{"line":62,"column":100}}],"line":62},"16":{"loc":{"start":{"line":74,"column":49},"end":{"line":74,"column":98}},"type":"binary-expr","locations":[{"start":{"line":74,"column":49},"end":{"line":74,"column":65}},{"start":{"line":74,"column":69},"end":{"line":74,"column":98}}],"line":74},"17":{"loc":{"start":{"line":86,"column":49},"end":{"line":86,"column":112}},"type":"binary-expr","locations":[{"start":{"line":86,"column":49},"end":{"line":86,"column":72}},{"start":{"line":86,"column":76},"end":{"line":86,"column":112}}],"line":86},"18":{"loc":{"start":{"line":98,"column":49},"end":{"line":98,"column":104}},"type":"binary-expr","locations":[{"start":{"line":98,"column":49},"end":{"line":98,"column":68}},{"start":{"line":98,"column":72},"end":{"line":98,"column":104}}],"line":98},"19":{"loc":{"start":{"line":110,"column":49},"end":{"line":110,"column":118}},"type":"binary-expr","locations":[{"start":{"line":110,"column":49},"end":{"line":110,"column":75}},{"start":{"line":110,"column":79},"end":{"line":110,"column":118}}],"line":110},"20":{"loc":{"start":{"line":122,"column":49},"end":{"line":122,"column":126}},"type":"binary-expr","locations":[{"start":{"line":122,"column":49},"end":{"line":122,"column":79}},{"start":{"line":122,"column":83},"end":{"line":122,"column":126}}],"line":122},"21":{"loc":{"start":{"line":134,"column":49},"end":{"line":134,"column":100}},"type":"binary-expr","locations":[{"start":{"line":134,"column":49},"end":{"line":134,"column":66}},{"start":{"line":134,"column":70},"end":{"line":134,"column":100}}],"line":134},"22":{"loc":{"start":{"line":146,"column":49},"end":{"line":146,"column":102}},"type":"binary-expr","locations":[{"start":{"line":146,"column":49},"end":{"line":146,"column":67}},{"start":{"line":146,"column":71},"end":{"line":146,"column":102}}],"line":146},"23":{"loc":{"start":{"line":169,"column":49},"end":{"line":169,"column":110}},"type":"binary-expr","locations":[{"start":{"line":169,"column":49},"end":{"line":169,"column":71}},{"start":{"line":169,"column":75},"end":{"line":169,"column":110}}],"line":169},"24":{"loc":{"start":{"line":181,"column":49},"end":{"line":181,"column":100}},"type":"binary-expr","locations":[{"start":{"line":181,"column":49},"end":{"line":181,"column":66}},{"start":{"line":181,"column":70},"end":{"line":181,"column":100}}],"line":181},"25":{"loc":{"start":{"line":206,"column":49},"end":{"line":206,"column":104}},"type":"binary-expr","locations":[{"start":{"line":206,"column":49},"end":{"line":206,"column":68}},{"start":{"line":206,"column":72},"end":{"line":206,"column":104}}],"line":206}},"s":{"0":1,"1":1,"2":3,"3":3,"4":3,"5":3,"6":3,"7":3,"8":3,"9":3,"10":1,"11":3,"12":3,"13":3,"14":0,"15":3,"16":511,"17":0,"18":511,"19":13,"20":0,"21":13,"22":13,"23":13,"24":1022,"25":0,"26":1,"27":511,"28":511,"29":1,"30":18,"31":1,"32":1,"33":1,"34":166,"35":166,"36":1,"37":1,"38":1,"39":48,"40":48,"41":1,"42":1,"43":1,"44":60,"45":60,"46":1,"47":1,"48":1,"49":111,"50":111,"51":1,"52":1,"53":1,"54":6,"55":6,"56":1,"57":1,"58":1,"59":18,"60":18,"61":1,"62":1,"63":1,"64":13,"65":13,"66":1,"67":1,"68":1,"69":5,"70":5,"71":1,"72":1,"73":1,"74":45,"75":45,"76":1,"77":1,"78":1,"79":9,"80":9,"81":1,"82":1,"83":1,"84":4,"85":1,"86":1,"87":1,"88":1,"89":21,"90":21,"91":1,"92":1,"93":1,"94":8,"95":8,"96":1,"97":8,"98":8,"99":18,"100":18,"101":8,"102":1,"103":1,"104":1,"105":1,"106":1,"107":1},"f":{"0":1,"1":3,"2":3,"3":511,"4":13,"5":1022,"6":1,"7":511,"8":18,"9":1,"10":166,"11":1,"12":48,"13":1,"14":60,"15":1,"16":111,"17":1,"18":6,"19":1,"20":18,"21":1,"22":13,"23":1,"24":5,"25":1,"26":45,"27":1,"28":9,"29":1,"30":1,"31":21,"32":1,"33":8,"34":8,"35":1,"36":1},"b":{"0":[3,3],"1":[3,0],"2":[3,0],"3":[0,3],"4":[0,511],"5":[0,511],"6":[511,0,0],"7":[0,13],"8":[13,0],"9":[13,13],"10":[13,0],"11":[13,0],"12":[0,1022],"13":[166,0],"14":[48,0],"15":[60,0],"16":[111,0],"17":[6,0],"18":[18,0],"19":[13,0],"20":[5,0],"21":[45,0],"22":[9,0],"23":[21,0],"24":[8,0],"25":[1,0]},"_coverageSchema":"43e27e138ebf9cfc5966b082cf9a028302ed4184","hash":"cacda54aee5f714f051e75766ae44375876f70d6","contentHash":"96eb4e7fc34c7a6bb94442b55f266eeaa5b25bd7cb8346feab019dcab7a58ba4"},"/Users/jefflee/Project/pdf-backend/src/logger.js":{"path":"/Users/jefflee/Project/pdf-backend/src/logger.js","statementMap":{"0":{"start":{"line":3,"column":0},"end":{"line":5,"column":3}},"1":{"start":{"line":7,"column":15},"end":{"line":7,"column":33}},"2":{"start":{"line":9,"column":16},"end":{"line":9,"column":48}},"3":{"start":{"line":11,"column":39},"end":{"line":11,"column":93}},"4":{"start":{"line":13,"column":13},"end":{"line":17,"column":2}},"5":{"start":{"line":19,"column":0},"end":{"line":19,"column":25}}},"fnMap":{"0":{"name":"_interopRequireDefault","decl":{"start":{"line":11,"column":9},"end":{"line":11,"column":31}},"loc":{"start":{"line":11,"column":37},"end":{"line":11,"column":95}},"line":11}},"branchMap":{"0":{"loc":{"start":{"line":11,"column":46},"end":{"line":11,"column":92}},"type":"cond-expr","locations":[{"start":{"line":11,"column":70},"end":{"line":11,"column":73}},{"start":{"line":11,"column":76},"end":{"line":11,"column":92}}],"line":11},"1":{"loc":{"start":{"line":11,"column":46},"end":{"line":11,"column":67}},"type":"binary-expr","locations":[{"start":{"line":11,"column":46},"end":{"line":11,"column":49}},{"start":{"line":11,"column":53},"end":{"line":11,"column":67}}],"line":11}},"s":{"0":1,"1":1,"2":1,"3":1,"4":1,"5":1},"f":{"0":1},"b":{"0":[0,1],"1":[1,1]},"_coverageSchema":"43e27e138ebf9cfc5966b082cf9a028302ed4184","hash":"fbcc69d250f79928bb45ed93dfe410e5f60ba512","contentHash":"0a40e872ff33d0569cf64e9b0a21c857096eddcd1a90674c34cd18d35c772711"}}